#
# There is insufficient memory for the Java Runtime Environment to continue.
# Native memory allocation (malloc) failed to allocate 1179216 bytes for Chunk::new
# Possible reasons:
#   The system is out of physical RAM or swap space
#   The process is running with CompressedOops enabled, and the Java Heap may be blocking the growth of the native heap
# Possible solutions:
#   Reduce memory load on the system
#   Increase physical memory or swap space
#   Check if swap backing store is full
#   Decrease Java heap size (-Xmx/-Xms)
#   Decrease number of Java threads
#   Decrease Java thread stack sizes (-Xss)
#   Set larger code cache with -XX:ReservedCodeCacheSize=
#   JVM is running with Unscaled Compressed Oops mode in which the Java heap is
#     placed in the first 4GB address space. The Java Heap base address is the
#     maximum limit for the native heap growth. Please use -XX:HeapBaseMinAddress
#     to set the Java Heap base and to place the Java Heap above 4GB virtual address.
# This output file may be truncated or incomplete.
#
#  Out of Memory Error (allocation.cpp:389), pid=7744, tid=0x0000000000003554
#
# JRE version: OpenJDK Runtime Environment (8.0_242-b01) (build 1.8.0_242-release-1644-b01)
# Java VM: OpenJDK 64-Bit Server VM (25.242-b01 mixed mode windows-amd64 compressed oops)
# Failed to write core dump. Minidumps are not enabled by default on client versions of Windows
#

---------------  T H R E A D  ---------------

Current thread (0x0000000018bd8800):  JavaThread "C2 CompilerThread1" daemon [_thread_in_native, id=13652, stack(0x00000000195a0000,0x00000000196a0000)]

Stack: [0x00000000195a0000,0x00000000196a0000]
[error occurred during error reporting (printing stack bounds), id 0xc0000005]

Native frames: (J=compiled Java code, j=interpreted, Vv=VM code, C=native code)


Current CompileTask:
C2:   7132 4308   !   4       java.util.jar.Attributes::read (380 bytes)


---------------  P R O C E S S  ---------------

Java Threads: ( => current thread )
  0x0000000020ab0000 JavaThread "Memory manager" [_thread_blocked, id=13288, stack(0x000000002b980000,0x000000002ba80000)]
  0x0000000020aae800 JavaThread "jar transforms Thread 114" [_thread_blocked, id=15396, stack(0x000000002b280000,0x000000002b380000)]
  0x000000001e25c000 JavaThread "jar transforms Thread 113" [_thread_blocked, id=1680, stack(0x000000002b180000,0x000000002b280000)]
  0x000000001e25b800 JavaThread "jar transforms Thread 112" [_thread_blocked, id=13836, stack(0x000000002b080000,0x000000002b180000)]
  0x000000001e25a800 JavaThread "jar transforms Thread 111" [_thread_blocked, id=12624, stack(0x000000002af80000,0x000000002b080000)]
  0x000000001e256000 JavaThread "jar transforms Thread 110" [_thread_blocked, id=3988, stack(0x000000002ae80000,0x000000002af80000)]
  0x000000001e25a000 JavaThread "jar transforms Thread 109" [_thread_blocked, id=14980, stack(0x000000002ad80000,0x000000002ae80000)]
  0x000000001e258800 JavaThread "jar transforms Thread 108" [_thread_blocked, id=5948, stack(0x000000002ac80000,0x000000002ad80000)]
  0x000000001e257800 JavaThread "jar transforms Thread 107" [_thread_blocked, id=13892, stack(0x000000002ab80000,0x000000002ac80000)]
  0x000000001e257000 JavaThread "jar transforms Thread 106" [_thread_blocked, id=7748, stack(0x000000002aa80000,0x000000002ab80000)]
  0x000000001e254800 JavaThread "jar transforms Thread 105" [_thread_blocked, id=3412, stack(0x000000002a980000,0x000000002aa80000)]
  0x000000001e259000 JavaThread "jar transforms Thread 104" [_thread_blocked, id=13252, stack(0x000000002a880000,0x000000002a980000)]
  0x000000001e255800 JavaThread "jar transforms Thread 103" [_thread_blocked, id=15792, stack(0x000000002a780000,0x000000002a880000)]
  0x000000001e24d000 JavaThread "jar transforms Thread 102" [_thread_blocked, id=2376, stack(0x000000002a680000,0x000000002a780000)]
  0x000000001e251800 JavaThread "jar transforms Thread 101" [_thread_blocked, id=4172, stack(0x000000002a580000,0x000000002a680000)]
  0x000000001e24e800 JavaThread "jar transforms Thread 100" [_thread_blocked, id=15404, stack(0x000000002a480000,0x000000002a580000)]
  0x000000001e24e000 JavaThread "jar transforms Thread 99" [_thread_blocked, id=15612, stack(0x000000002a380000,0x000000002a480000)]
  0x000000001e254000 JavaThread "jar transforms Thread 98" [_thread_blocked, id=11012, stack(0x000000002a280000,0x000000002a380000)]
  0x000000001e253000 JavaThread "jar transforms Thread 97" [_thread_blocked, id=13348, stack(0x000000002a180000,0x000000002a280000)]
  0x000000001e252800 JavaThread "jar transforms Thread 96" [_thread_blocked, id=3520, stack(0x000000002a080000,0x000000002a180000)]
  0x000000001e24f800 JavaThread "jar transforms Thread 95" [_thread_blocked, id=11572, stack(0x0000000029f80000,0x000000002a080000)]
  0x000000001e251000 JavaThread "jar transforms Thread 94" [_thread_blocked, id=9544, stack(0x0000000029e80000,0x0000000029f80000)]
  0x000000001e250000 JavaThread "jar transforms Thread 93" [_thread_blocked, id=16416, stack(0x0000000029d80000,0x0000000029e80000)]
  0x000000001a2f3800 JavaThread "jar transforms Thread 92" [_thread_blocked, id=3492, stack(0x0000000029c80000,0x0000000029d80000)]
  0x000000001a2f3000 JavaThread "jar transforms Thread 91" [_thread_blocked, id=8568, stack(0x0000000029b80000,0x0000000029c80000)]
  0x000000001a2f1800 JavaThread "jar transforms Thread 90" [_thread_blocked, id=12468, stack(0x0000000029a80000,0x0000000029b80000)]
  0x000000001a2f0800 JavaThread "jar transforms Thread 89" [_thread_blocked, id=3076, stack(0x0000000029980000,0x0000000029a80000)]
  0x000000001a2f0000 JavaThread "jar transforms Thread 88" [_thread_blocked, id=16668, stack(0x0000000029880000,0x0000000029980000)]
  0x000000001a2f2000 JavaThread "jar transforms Thread 87" [_thread_blocked, id=92, stack(0x0000000029780000,0x0000000029880000)]
  0x000000001a2e8800 JavaThread "jar transforms Thread 86" [_thread_blocked, id=11312, stack(0x0000000029680000,0x0000000029780000)]
  0x000000001a2ee800 JavaThread "jar transforms Thread 85" [_thread_blocked, id=1232, stack(0x0000000029580000,0x0000000029680000)]
  0x000000001a2ed800 JavaThread "jar transforms Thread 84" [_thread_blocked, id=12144, stack(0x0000000029480000,0x0000000029580000)]
  0x000000001a2ef000 JavaThread "jar transforms Thread 83" [_thread_blocked, id=4424, stack(0x0000000029380000,0x0000000029480000)]
  0x000000001a2e7000 JavaThread "jar transforms Thread 82" [_thread_blocked, id=15392, stack(0x0000000029280000,0x0000000029380000)]
  0x000000001a2e6000 JavaThread "jar transforms Thread 81" [_thread_blocked, id=15580, stack(0x0000000029180000,0x0000000029280000)]
  0x000000001a2ea000 JavaThread "jar transforms Thread 80" [_thread_blocked, id=9632, stack(0x0000000029080000,0x0000000029180000)]
  0x000000001a2ed000 JavaThread "jar transforms Thread 79" [_thread_blocked, id=1616, stack(0x0000000028e80000,0x0000000028f80000)]
  0x000000001a2ec000 JavaThread "jar transforms Thread 78" [_thread_blocked, id=13300, stack(0x0000000028d80000,0x0000000028e80000)]
  0x000000001a2e7800 JavaThread "jar transforms Thread 77" [_thread_blocked, id=11608, stack(0x0000000028c80000,0x0000000028d80000)]
  0x000000001a2e9000 JavaThread "jar transforms Thread 76" [_thread_blocked, id=17320, stack(0x0000000028b80000,0x0000000028c80000)]
  0x000000001a2e5800 JavaThread "jar transforms Thread 75" [_thread_blocked, id=7296, stack(0x0000000028a80000,0x0000000028b80000)]
  0x000000001a2eb800 JavaThread "jar transforms Thread 74" [_thread_blocked, id=13392, stack(0x0000000028980000,0x0000000028a80000)]
  0x000000001a2ea800 JavaThread "jar transforms Thread 73" [_thread_blocked, id=1292, stack(0x0000000028880000,0x0000000028980000)]
  0x000000001a2e4800 JavaThread "jar transforms Thread 72" [_thread_blocked, id=14300, stack(0x0000000028780000,0x0000000028880000)]
  0x000000001a986800 JavaThread "jar transforms Thread 71" [_thread_blocked, id=10548, stack(0x0000000028680000,0x0000000028780000)]
  0x000000001a985800 JavaThread "jar transforms Thread 70" [_thread_blocked, id=9524, stack(0x0000000028580000,0x0000000028680000)]
  0x000000001a988800 JavaThread "jar transforms Thread 69" [_thread_blocked, id=8956, stack(0x0000000028480000,0x0000000028580000)]
  0x000000001a987000 JavaThread "jar transforms Thread 68" [_thread_blocked, id=456, stack(0x0000000028380000,0x0000000028480000)]
  0x000000001a988000 JavaThread "jar transforms Thread 67" [_thread_blocked, id=15688, stack(0x0000000028280000,0x0000000028380000)]
  0x000000001a985000 JavaThread "jar transforms Thread 66" [_thread_blocked, id=1020, stack(0x0000000028180000,0x0000000028280000)]
  0x000000001a984000 JavaThread "jar transforms Thread 65" [_thread_blocked, id=7696, stack(0x0000000028080000,0x0000000028180000)]
  0x000000001a983800 JavaThread "jar transforms Thread 64" [_thread_blocked, id=10796, stack(0x0000000027f80000,0x0000000028080000)]
  0x000000001a989800 JavaThread "jar transforms Thread 63" [_thread_blocked, id=11340, stack(0x0000000027e80000,0x0000000027f80000)]
  0x000000001a97c000 JavaThread "jar transforms Thread 62" [_thread_blocked, id=13840, stack(0x0000000027d80000,0x0000000027e80000)]
  0x000000001a982800 JavaThread "jar transforms Thread 61" [_thread_blocked, id=8536, stack(0x0000000027c80000,0x0000000027d80000)]
  0x000000001a97b000 JavaThread "jar transforms Thread 60" [_thread_blocked, id=1760, stack(0x0000000027b80000,0x0000000027c80000)]
  0x000000001a97c800 JavaThread "jar transforms Thread 59" [_thread_blocked, id=13012, stack(0x0000000027a80000,0x0000000027b80000)]
  0x000000001a982000 JavaThread "jar transforms Thread 58" [_thread_blocked, id=8576, stack(0x0000000027980000,0x0000000027a80000)]
  0x000000001a980800 JavaThread "jar transforms Thread 57" [_thread_blocked, id=1908, stack(0x0000000027880000,0x0000000027980000)]
  0x000000001a97d800 JavaThread "jar transforms Thread 56" [_thread_blocked, id=17352, stack(0x0000000027780000,0x0000000027880000)]
  0x000000001a97a800 JavaThread "jar transforms Thread 55" [_thread_blocked, id=9312, stack(0x0000000027680000,0x0000000027780000)]
  0x000000001a97f000 JavaThread "jar transforms Thread 54" [_thread_blocked, id=8688, stack(0x0000000027580000,0x0000000027680000)]
  0x000000001a97f800 JavaThread "jar transforms Thread 53" [_thread_blocked, id=4204, stack(0x0000000027480000,0x0000000027580000)]
  0x000000001a97e000 JavaThread "jar transforms Thread 52" [_thread_blocked, id=5268, stack(0x0000000027380000,0x0000000027480000)]
  0x000000001a981000 JavaThread "jar transforms Thread 51" [_thread_blocked, id=1316, stack(0x0000000027280000,0x0000000027380000)]
  0x000000001f463800 JavaThread "jar transforms Thread 50" [_thread_blocked, id=16532, stack(0x0000000027180000,0x0000000027280000)]
  0x000000001f462000 JavaThread "jar transforms Thread 49" [_thread_blocked, id=11224, stack(0x0000000027080000,0x0000000027180000)]
  0x000000001f461800 JavaThread "jar transforms Thread 48" [_thread_blocked, id=2444, stack(0x0000000026f80000,0x0000000027080000)]
  0x000000001f460800 JavaThread "jar transforms Thread 47" [_thread_blocked, id=14232, stack(0x0000000026e80000,0x0000000026f80000)]
  0x000000001f463000 JavaThread "jar transforms Thread 46" [_thread_blocked, id=14904, stack(0x0000000026d80000,0x0000000026e80000)]
  0x000000001f459000 JavaThread "jar transforms Thread 45" [_thread_blocked, id=1988, stack(0x0000000026c80000,0x0000000026d80000)]
  0x000000001f460000 JavaThread "jar transforms Thread 44" [_thread_blocked, id=14820, stack(0x0000000026b80000,0x0000000026c80000)]
  0x000000001f458800 JavaThread "jar transforms Thread 43" [_thread_blocked, id=11712, stack(0x0000000026a80000,0x0000000026b80000)]
  0x000000001f45f000 JavaThread "jar transforms Thread 42" [_thread_blocked, id=1404, stack(0x0000000026980000,0x0000000026a80000)]
  0x000000001f45d800 JavaThread "jar transforms Thread 41" [_thread_blocked, id=6728, stack(0x0000000026880000,0x0000000026980000)]
  0x000000001f45d000 JavaThread "jar transforms Thread 40" [_thread_blocked, id=10180, stack(0x0000000026780000,0x0000000026880000)]
  0x000000001f457800 JavaThread "jar transforms Thread 39" [_thread_blocked, id=10652, stack(0x0000000026680000,0x0000000026780000)]
  0x000000001f45c000 JavaThread "jar transforms Thread 38" [_thread_blocked, id=15304, stack(0x0000000026580000,0x0000000026680000)]
  0x000000001f45a000 JavaThread "jar transforms Thread 37" [_thread_blocked, id=12964, stack(0x0000000026480000,0x0000000026580000)]
  0x000000001f45e800 JavaThread "jar transforms Thread 36" [_thread_blocked, id=8520, stack(0x0000000026380000,0x0000000026480000)]
  0x000000001f454800 JavaThread "jar transforms Thread 35" [_thread_blocked, id=1420, stack(0x0000000026280000,0x0000000026380000)]
  0x000000001f45b800 JavaThread "jar transforms Thread 34" [_thread_blocked, id=15776, stack(0x0000000026180000,0x0000000026280000)]
  0x000000001f457000 JavaThread "jar transforms Thread 33" [_thread_blocked, id=8320, stack(0x0000000026080000,0x0000000026180000)]
  0x000000001f455800 JavaThread "jar transforms Thread 32" [_thread_blocked, id=1968, stack(0x0000000025f80000,0x0000000026080000)]
  0x000000001f45a800 JavaThread "jar transforms Thread 31" [_thread_blocked, id=10984, stack(0x0000000025e80000,0x0000000025f80000)]
  0x000000001f456000 JavaThread "jar transforms Thread 30" [_thread_blocked, id=7572, stack(0x0000000025d80000,0x0000000025e80000)]
  0x000000001a2d0000 JavaThread "jar transforms Thread 29" [_thread_blocked, id=1564, stack(0x0000000025c80000,0x0000000025d80000)]
  0x000000001a2cf800 JavaThread "jar transforms Thread 28" [_thread_blocked, id=14796, stack(0x0000000025b80000,0x0000000025c80000)]
  0x000000001a2ce800 JavaThread "jar transforms Thread 27" [_thread_blocked, id=14360, stack(0x0000000025a80000,0x0000000025b80000)]
  0x000000001a2ce000 JavaThread "jar transforms Thread 26" [_thread_blocked, id=1148, stack(0x0000000025980000,0x0000000025a80000)]
  0x000000001a2cd000 JavaThread "jar transforms Thread 25" [_thread_blocked, id=16320, stack(0x0000000025880000,0x0000000025980000)]
  0x000000001a2cc800 JavaThread "jar transforms Thread 24" [_thread_blocked, id=1116, stack(0x0000000025780000,0x0000000025880000)]
  0x000000001a2c5000 JavaThread "jar transforms Thread 23" [_thread_blocked, id=8524, stack(0x0000000025680000,0x0000000025780000)]
  0x000000001a2cb800 JavaThread "jar transforms Thread 22" [_thread_blocked, id=9680, stack(0x0000000025580000,0x0000000025680000)]
  0x000000001a2cb000 JavaThread "jar transforms Thread 21" [_thread_blocked, id=9156, stack(0x0000000025480000,0x0000000025580000)]
  0x000000001a2ca000 JavaThread "jar transforms Thread 20" [_thread_blocked, id=7716, stack(0x0000000025380000,0x0000000025480000)]
  0x000000001a2c2800 JavaThread "jar transforms Thread 19" [_thread_blocked, id=4792, stack(0x0000000025280000,0x0000000025380000)]
  0x000000001a2c9800 JavaThread "jar transforms Thread 18" [_thread_blocked, id=4284, stack(0x0000000025180000,0x0000000025280000)]
  0x000000001a2c8800 JavaThread "jar transforms Thread 17" [_thread_blocked, id=4108, stack(0x0000000025080000,0x0000000025180000)]
  0x000000001a2c1000 JavaThread "jar transforms Thread 16" [_thread_blocked, id=12064, stack(0x0000000024f80000,0x0000000025080000)]
  0x000000001a2c4000 JavaThread "jar transforms Thread 15" [_thread_blocked, id=13176, stack(0x0000000024e80000,0x0000000024f80000)]
  0x000000001a2c7000 JavaThread "jar transforms Thread 14" [_thread_blocked, id=4916, stack(0x0000000024d80000,0x0000000024e80000)]
  0x000000001a2c5800 JavaThread "jar transforms Thread 13" [_thread_blocked, id=12492, stack(0x0000000024c80000,0x0000000024d80000)]
  0x000000001a2c8000 JavaThread "jar transforms Thread 12" [_thread_blocked, id=3368, stack(0x0000000024b80000,0x0000000024c80000)]
  0x000000001a2c3800 JavaThread "jar transforms Thread 11" [_thread_blocked, id=14396, stack(0x0000000024a80000,0x0000000024b80000)]
  0x000000001a2c0800 JavaThread "jar transforms Thread 10" [_thread_blocked, id=9580, stack(0x0000000024980000,0x0000000024a80000)]
  0x000000001a2c2000 JavaThread "jar transforms Thread 9" [_thread_blocked, id=15124, stack(0x0000000024880000,0x0000000024980000)]
  0x000000001a2c6800 JavaThread "jar transforms Thread 8" [_thread_blocked, id=1856, stack(0x0000000024780000,0x0000000024880000)]
  0x000000001eabb800 JavaThread "jar transforms Thread 7" [_thread_blocked, id=11044, stack(0x0000000024680000,0x0000000024780000)]
  0x000000001eabc000 JavaThread "jar transforms Thread 6" [_thread_blocked, id=10712, stack(0x0000000024580000,0x0000000024680000)]
  0x000000001eaba800 JavaThread "jar transforms Thread 5" [_thread_blocked, id=13172, stack(0x0000000024480000,0x0000000024580000)]
  0x000000001eab9000 JavaThread "jar transforms Thread 4" [_thread_blocked, id=12300, stack(0x0000000024380000,0x0000000024480000)]
  0x000000001eab8800 JavaThread "jar transforms Thread 3" [_thread_blocked, id=16168, stack(0x0000000024280000,0x0000000024380000)]
  0x000000001eabe800 JavaThread "jar transforms Thread 2" [_thread_blocked, id=9292, stack(0x0000000024180000,0x0000000024280000)]
  0x000000001eab7000 JavaThread "Build operations Thread 8" [_thread_blocked, id=6492, stack(0x0000000024080000,0x0000000024180000)]
  0x000000001eab7800 JavaThread "Build operations Thread 7" [_thread_blocked, id=14724, stack(0x0000000023f80000,0x0000000024080000)]
  0x000000001eabd800 JavaThread "Build operations Thread 6" [_thread_blocked, id=11376, stack(0x0000000023e80000,0x0000000023f80000)]
  0x000000001eaba000 JavaThread "Build operations Thread 5" [_thread_blocked, id=6468, stack(0x0000000023d80000,0x0000000023e80000)]
  0x000000001eabd000 JavaThread "Build operations Thread 4" [_thread_blocked, id=5936, stack(0x0000000023c80000,0x0000000023d80000)]
  0x000000001eaaf800 JavaThread "Build operations Thread 3" [_thread_blocked, id=2192, stack(0x0000000023b80000,0x0000000023c80000)]
  0x000000001eab6000 JavaThread "Build operations Thread 2" [_thread_blocked, id=4580, stack(0x0000000023a80000,0x0000000023b80000)]
  0x000000001eab1000 JavaThread "Build operations" [_thread_blocked, id=8132, stack(0x0000000023980000,0x0000000023a80000)]
  0x000000001eab4800 JavaThread "Cache worker for Build Output Cleanup Cache (C:\AndroidStudioProjects\flutter_app\android\.gradle\buildOutputCleanup)" [_thread_blocked, id=15956, stack(0x0000000023680000,0x0000000023780000)]
  0x000000001bb6b800 JavaThread "Cache worker for file content cache (C:\Users\johnz\.gradle\caches\6.7\fileContent)" [_thread_blocked, id=14644, stack(0x0000000021fb0000,0x00000000220b0000)]
  0x000000001bb6b000 JavaThread "jar transforms" [_thread_blocked, id=16360, stack(0x0000000021eb0000,0x0000000021fb0000)]
  0x000000001bb6a000 JavaThread "Cache worker for execution history cache (C:\Users\johnz\.gradle\caches\6.7\executionHistory)" [_thread_blocked, id=5368, stack(0x00000000217b0000,0x00000000218b0000)]
  0x000000001bb69800 JavaThread "Cache worker for cache directory md-rule (C:\Users\johnz\.gradle\caches\6.7\md-rule)" [_thread_blocked, id=7496, stack(0x00000000212d0000,0x00000000213d0000)]
  0x000000001bb6e000 JavaThread "Cache worker for cache directory md-supplier (C:\Users\johnz\.gradle\caches\6.7\md-supplier)" [_thread_blocked, id=13904, stack(0x0000000020160000,0x0000000020260000)]
  0x000000001bb70000 JavaThread "Cache worker for checksums cache (C:\AndroidStudioProjects\flutter_app\android\.gradle\checksums)" [_thread_blocked, id=4796, stack(0x0000000020060000,0x0000000020160000)]
  0x000000001bb6e800 JavaThread "Cache worker for file hash cache (C:\AndroidStudioProjects\flutter_app\android\.gradle\6.7\fileHashes)" [_thread_blocked, id=6800, stack(0x00000000214b0000,0x00000000215b0000)]
  0x000000001bb6d000 JavaThread "Cache worker for journal cache (C:\Users\johnz\.gradle\caches\journal-1)" [_thread_blocked, id=9368, stack(0x000000001dbc0000,0x000000001dcc0000)]
  0x000000001bb6f800 JavaThread "File lock request listener" [_thread_in_native, id=3548, stack(0x000000001dac0000,0x000000001dbc0000)]
  0x000000001bb79800 JavaThread "Cache worker for file hash cache (C:\Users\johnz\.gradle\caches\6.7\fileHashes)" [_thread_blocked, id=32, stack(0x000000001d9c0000,0x000000001dac0000)]
  0x0000000019c63000 JavaThread "Thread-9" [_thread_blocked, id=11936, stack(0x000000001d6c0000,0x000000001d7c0000)]
  0x0000000019c60000 JavaThread "Stdin handler" [_thread_blocked, id=1348, stack(0x000000001d5c0000,0x000000001d6c0000)]
  0x0000000019c5e800 JavaThread "Asynchronous log dispatcher for DefaultDaemonConnection: socket connection from /127.0.0.1:63679 to /127.0.0.1:63680" [_thread_blocked, id=14024, stack(0x000000001d4c0000,0x000000001d5c0000)]
  0x0000000019c5e000 JavaThread "Daemon worker" [_thread_in_vm, id=11824, stack(0x000000001d3c0000,0x000000001d4c0000)]
  0x000000001b7e6800 JavaThread "Cancel handler" [_thread_blocked, id=3008, stack(0x000000001d1c0000,0x000000001d2c0000)]
  0x000000001b7d4800 JavaThread "Handler for socket connection from /127.0.0.1:63679 to /127.0.0.1:63680" [_thread_in_native, id=15748, stack(0x000000001d0c0000,0x000000001d1c0000)]
  0x000000001b7d2000 JavaThread "Daemon" [_thread_blocked, id=16432, stack(0x000000001cdc0000,0x000000001cec0000)]
  0x000000001b7c3000 JavaThread "Daemon periodic checks" [_thread_blocked, id=460, stack(0x000000001ccc0000,0x000000001cdc0000)]
  0x000000001b772000 JavaThread "Incoming local TCP Connector on port 63679" [_thread_in_native, id=10676, stack(0x000000001ca80000,0x000000001cb80000)]
  0x000000001b696800 JavaThread "Daemon health stats" [_thread_blocked, id=1288, stack(0x000000001c240000,0x000000001c340000)]
  0x0000000018c6d800 JavaThread "Service Thread" daemon [_thread_blocked, id=9260, stack(0x00000000198a0000,0x00000000199a0000)]
  0x0000000018be6800 JavaThread "C1 CompilerThread3" daemon [_thread_blocked, id=10256, stack(0x00000000197a0000,0x00000000198a0000)]
  0x0000000018bda000 JavaThread "C2 CompilerThread2" daemon [_thread_in_native, id=10952, stack(0x00000000196a0000,0x00000000197a0000)]
=>0x0000000018bd8800 JavaThread "C2 CompilerThread1" daemon [_thread_in_native, id=13652, stack(0x00000000195a0000,0x00000000196a0000)]
  0x0000000018bd5800 JavaThread "C2 CompilerThread0" daemon [_thread_in_native, id=9696, stack(0x00000000194a0000,0x00000000195a0000)]
  0x0000000018bd0000 JavaThread "Attach Listener" daemon [_thread_blocked, id=13644, stack(0x00000000193a0000,0x00000000194a0000)]
  0x0000000018bcf000 JavaThread "Signal Dispatcher" daemon [_thread_blocked, id=14108, stack(0x00000000192a0000,0x00000000193a0000)]
  0x0000000018bc0800 JavaThread "Finalizer" daemon [_thread_blocked, id=15908, stack(0x00000000190a0000,0x00000000191a0000)]
  0x0000000002ff8000 JavaThread "Reference Handler" daemon [_thread_blocked, id=7692, stack(0x0000000018fa0000,0x00000000190a0000)]
  0x0000000002f02800 JavaThread "main" [_thread_blocked, id=8120, stack(0x0000000002dc0000,0x0000000002ec0000)]

Other Threads:
  0x0000000016db6000 VMThread [stack: 0x0000000018aa0000,0x0000000018ba0000] [id=9212]
  0x0000000018c6e800 WatcherThread [stack: 0x00000000199a0000,0x0000000019aa0000] [id=3992]

VM state:not at safepoint (normal execution)

VM Mutex/Monitor currently owned by a thread: None

heap address: 0x00000000a0000000, size: 1536 MB, Compressed Oops mode: 32-bit
Narrow klass base: 0x0000000000000000, Narrow klass shift: 3
Compressed class space size: 1073741824 Address: 0x0000000100000000

Heap:
 PSYoungGen      total 138240K, used 97216K [0x00000000e0000000, 0x00000000e9000000, 0x0000000100000000)
  eden space 129024K, 70% used [0x00000000e0000000,0x00000000e58d1120,0x00000000e7e00000)
  from space 9216K, 68% used [0x00000000e7e00000,0x00000000e841eff0,0x00000000e8700000)
  to   space 8704K, 0% used [0x00000000e8780000,0x00000000e8780000,0x00000000e9000000)
 ParOldGen       total 55808K, used 15636K [0x00000000a0000000, 0x00000000a3680000, 0x00000000e0000000)
  object space 55808K, 28% used [0x00000000a0000000,0x00000000a0f45328,0x00000000a3680000)
 Metaspace       used 46189K, capacity 48120K, committed 48512K, reserved 1091584K
  class space    used 6258K, capacity 6670K, committed 6784K, reserved 1048576K

Card table byte_map: [0x00000000123c0000,0x00000000126d0000] byte_map_base: 0x0000000011ec0000

Marking Bits: (ParMarkBitMap*) 0x000000005702f030
 Begin Bits: [0x00000000130d0000, 0x00000000148d0000)
 End Bits:   [0x00000000148d0000, 0x00000000160d0000)

Polling page: 0x0000000001590000

CodeCache: size=245760Kb used=12952Kb max_used=13040Kb free=232807Kb
 bounds [0x0000000003000000, 0x0000000003cd0000, 0x0000000012000000]
 total_blobs=4649 nmethods=3894 adapters=667
 compilation: enabled

Compilation events (10 events):
Event: 7.126 Thread 0x0000000018be6800 4372       3       org.gradle.internal.logging.events.ProgressStartEvent::<init> (74 bytes)
Event: 7.126 Thread 0x0000000018be6800 nmethod 4372 0x00000000035d7250 code [0x00000000035d73c0, 0x00000000035d7790]
Event: 7.126 Thread 0x0000000018be6800 4373       3       org.gradle.api.artifacts.Configuration$Namer::determineName (9 bytes)
Event: 7.126 Thread 0x0000000018be6800 nmethod 4373 0x00000000035d6c10 code [0x00000000035d6d80, 0x00000000035d7108]
Event: 7.126 Thread 0x0000000018be6800 4375       3       org.gradle.internal.operations.DefaultBuildOperationRunner$BuildOperationTrackingListener::<init> (15 bytes)
Event: 7.126 Thread 0x0000000018be6800 nmethod 4375 0x00000000035d6850 code [0x00000000035d69a0, 0x00000000035d6b70]
Event: 7.126 Thread 0x0000000018be6800 4374       1       org.gradle.api.internal.DefaultDomainObjectCollection::getStore (5 bytes)
Event: 7.126 Thread 0x0000000018be6800 nmethod 4374 0x00000000035d6590 code [0x00000000035d66e0, 0x00000000035d67f0]
Event: 7.128 Thread 0x0000000018bda000 nmethod 4364 0x00000000035d2a10 code [0x00000000035d2b60, 0x00000000035d30b8]
Event: 7.128 Thread 0x0000000018bda000 4365       4       sun.reflect.ClassFileAssembler::emitConstantPoolUTF8 (50 bytes)

GC Heap History (10 events):
Event: 2.444 GC heap before
{Heap before GC invocations=9 (full 1):
 PSYoungGen      total 137728K, used 5293K [0x00000000e0000000, 0x00000000e9000000, 0x0000000100000000)
  eden space 129024K, 0% used [0x00000000e0000000,0x00000000e0000000,0x00000000e7e00000)
  from space 8704K, 60% used [0x00000000e8780000,0x00000000e8cab4f0,0x00000000e9000000)
  to   space 9216K, 0% used [0x00000000e7e00000,0x00000000e7e00000,0x00000000e8700000)
 ParOldGen       total 44032K, used 8288K [0x00000000a0000000, 0x00000000a2b00000, 0x00000000e0000000)
  object space 44032K, 18% used [0x00000000a0000000,0x00000000a0818050,0x00000000a2b00000)
 Metaspace       used 20611K, capacity 21212K, committed 21296K, reserved 1067008K
  class space    used 2954K, capacity 3142K, committed 3200K, reserved 1048576K
Event: 2.478 GC heap after
Heap after GC invocations=9 (full 1):
 PSYoungGen      total 137728K, used 0K [0x00000000e0000000, 0x00000000e9000000, 0x0000000100000000)
  eden space 129024K, 0% used [0x00000000e0000000,0x00000000e0000000,0x00000000e7e00000)
  from space 8704K, 0% used [0x00000000e8780000,0x00000000e8780000,0x00000000e9000000)
  to   space 9216K, 0% used [0x00000000e7e00000,0x00000000e7e00000,0x00000000e8700000)
 ParOldGen       total 34816K, used 8204K [0x00000000a0000000, 0x00000000a2200000, 0x00000000e0000000)
  object space 34816K, 23% used [0x00000000a0000000,0x00000000a08033d0,0x00000000a2200000)
 Metaspace       used 20611K, capacity 21212K, committed 21296K, reserved 1067008K
  class space    used 2954K, capacity 3142K, committed 3200K, reserved 1048576K
}
Event: 3.929 GC heap before
{Heap before GC invocations=10 (full 1):
 PSYoungGen      total 137728K, used 129024K [0x00000000e0000000, 0x00000000e9000000, 0x0000000100000000)
  eden space 129024K, 100% used [0x00000000e0000000,0x00000000e7e00000,0x00000000e7e00000)
  from space 8704K, 0% used [0x00000000e8780000,0x00000000e8780000,0x00000000e9000000)
  to   space 9216K, 0% used [0x00000000e7e00000,0x00000000e7e00000,0x00000000e8700000)
 ParOldGen       total 34816K, used 8204K [0x00000000a0000000, 0x00000000a2200000, 0x00000000e0000000)
  object space 34816K, 23% used [0x00000000a0000000,0x00000000a08033d0,0x00000000a2200000)
 Metaspace       used 33221K, capacity 34128K, committed 34304K, reserved 1079296K
  class space    used 4520K, capacity 4747K, committed 4864K, reserved 1048576K
Event: 3.941 GC heap after
Heap after GC invocations=10 (full 1):
 PSYoungGen      total 138240K, used 9187K [0x00000000e0000000, 0x00000000e9000000, 0x0000000100000000)
  eden space 129024K, 0% used [0x00000000e0000000,0x00000000e0000000,0x00000000e7e00000)
  from space 9216K, 99% used [0x00000000e7e00000,0x00000000e86f8c48,0x00000000e8700000)
  to   space 8704K, 0% used [0x00000000e8780000,0x00000000e8780000,0x00000000e9000000)
 ParOldGen       total 34816K, used 13216K [0x00000000a0000000, 0x00000000a2200000, 0x00000000e0000000)
  object space 34816K, 37% used [0x00000000a0000000,0x00000000a0ce80d8,0x00000000a2200000)
 Metaspace       used 33221K, capacity 34128K, committed 34304K, reserved 1079296K
  class space    used 4520K, capacity 4747K, committed 4864K, reserved 1048576K
}
Event: 4.166 GC heap before
{Heap before GC invocations=11 (full 1):
 PSYoungGen      total 138240K, used 43652K [0x00000000e0000000, 0x00000000e9000000, 0x0000000100000000)
  eden space 129024K, 26% used [0x00000000e0000000,0x00000000e21a83b8,0x00000000e7e00000)
  from space 9216K, 99% used [0x00000000e7e00000,0x00000000e86f8c48,0x00000000e8700000)
  to   space 8704K, 0% used [0x00000000e8780000,0x00000000e8780000,0x00000000e9000000)
 ParOldGen       total 34816K, used 13216K [0x00000000a0000000, 0x00000000a2200000, 0x00000000e0000000)
  object space 34816K, 37% used [0x00000000a0000000,0x00000000a0ce80d8,0x00000000a2200000)
 Metaspace       used 34308K, capacity 35354K, committed 35456K, reserved 1079296K
  class space    used 4697K, capacity 4932K, committed 4992K, reserved 1048576K
Event: 4.176 GC heap after
Heap after GC invocations=11 (full 1):
 PSYoungGen      total 137728K, used 8686K [0x00000000e0000000, 0x00000000e9000000, 0x0000000100000000)
  eden space 129024K, 0% used [0x00000000e0000000,0x00000000e0000000,0x00000000e7e00000)
  from space 8704K, 99% used [0x00000000e8780000,0x00000000e8ffb9e8,0x00000000e9000000)
  to   space 9216K, 0% used [0x00000000e7e00000,0x00000000e7e00000,0x00000000e8700000)
 ParOldGen       total 34816K, used 13358K [0x00000000a0000000, 0x00000000a2200000, 0x00000000e0000000)
  object space 34816K, 38% used [0x00000000a0000000,0x00000000a0d0b968,0x00000000a2200000)
 Metaspace       used 34308K, capacity 35354K, committed 35456K, reserved 1079296K
  class space    used 4697K, capacity 4932K, committed 4992K, reserved 1048576K
}
Event: 4.176 GC heap before
{Heap before GC invocations=12 (full 2):
 PSYoungGen      total 137728K, used 8686K [0x00000000e0000000, 0x00000000e9000000, 0x0000000100000000)
  eden space 129024K, 0% used [0x00000000e0000000,0x00000000e0000000,0x00000000e7e00000)
  from space 8704K, 99% used [0x00000000e8780000,0x00000000e8ffb9e8,0x00000000e9000000)
  to   space 9216K, 0% used [0x00000000e7e00000,0x00000000e7e00000,0x00000000e8700000)
 ParOldGen       total 34816K, used 13358K [0x00000000a0000000, 0x00000000a2200000, 0x00000000e0000000)
  object space 34816K, 38% used [0x00000000a0000000,0x00000000a0d0b968,0x00000000a2200000)
 Metaspace       used 34308K, capacity 35354K, committed 35456K, reserved 1079296K
  class space    used 4697K, capacity 4932K, committed 4992K, reserved 1048576K
Event: 4.243 GC heap after
Heap after GC invocations=12 (full 2):
 PSYoungGen      total 137728K, used 0K [0x00000000e0000000, 0x00000000e9000000, 0x0000000100000000)
  eden space 129024K, 0% used [0x00000000e0000000,0x00000000e0000000,0x00000000e7e00000)
  from space 8704K, 0% used [0x00000000e8780000,0x00000000e8780000,0x00000000e9000000)
  to   space 9216K, 0% used [0x00000000e7e00000,0x00000000e7e00000,0x00000000e8700000)
 ParOldGen       total 55808K, used 15628K [0x00000000a0000000, 0x00000000a3680000, 0x00000000e0000000)
  object space 55808K, 28% used [0x00000000a0000000,0x00000000a0f43328,0x00000000a3680000)
 Metaspace       used 34308K, capacity 35354K, committed 35456K, reserved 1079296K
  class space    used 4697K, capacity 4932K, committed 4992K, reserved 1048576K
}
Event: 5.833 GC heap before
{Heap before GC invocations=13 (full 2):
 PSYoungGen      total 137728K, used 129024K [0x00000000e0000000, 0x00000000e9000000, 0x0000000100000000)
  eden space 129024K, 100% used [0x00000000e0000000,0x00000000e7e00000,0x00000000e7e00000)
  from space 8704K, 0% used [0x00000000e8780000,0x00000000e8780000,0x00000000e9000000)
  to   space 9216K, 0% used [0x00000000e7e00000,0x00000000e7e00000,0x00000000e8700000)
 ParOldGen       total 55808K, used 15628K [0x00000000a0000000, 0x00000000a3680000, 0x00000000e0000000)
  object space 55808K, 28% used [0x00000000a0000000,0x00000000a0f43328,0x00000000a3680000)
 Metaspace       used 37571K, capacity 39302K, committed 39424K, reserved 1083392K
  class space    used 5149K, capacity 5529K, committed 5632K, reserved 1048576K
Event: 5.837 GC heap after
Heap after GC invocations=13 (full 2):
 PSYoungGen      total 138240K, used 6267K [0x00000000e0000000, 0x00000000e9000000, 0x0000000100000000)
  eden space 129024K, 0% used [0x00000000e0000000,0x00000000e0000000,0x00000000e7e00000)
  from space 9216K, 68% used [0x00000000e7e00000,0x00000000e841eff0,0x00000000e8700000)
  to   space 8704K, 0% used [0x00000000e8780000,0x00000000e8780000,0x00000000e9000000)
 ParOldGen       total 55808K, used 15636K [0x00000000a0000000, 0x00000000a3680000, 0x00000000e0000000)
  object space 55808K, 28% used [0x00000000a0000000,0x00000000a0f45328,0x00000000a3680000)
 Metaspace       used 37571K, capacity 39302K, committed 39424K, reserved 1083392K
  class space    used 5149K, capacity 5529K, committed 5632K, reserved 1048576K
}

Deoptimization events (10 events):
Event: 6.473 Thread 0x0000000019c5e000 Uncommon trap: reason=unstable_if action=reinterpret pc=0x0000000003988edc method=org.objectweb.asm.ByteVector.putUTF8(Ljava/lang/String;)Lorg/objectweb/asm/ByteVector; @ 93
Event: 6.480 Thread 0x0000000019c5e000 Uncommon trap: reason=unstable_if action=reinterpret pc=0x00000000036ce768 method=org.objectweb.asm.ByteVector.putUTF8(Ljava/lang/String;)Lorg/objectweb/asm/ByteVector; @ 93
Event: 6.540 Thread 0x0000000019c5e000 Uncommon trap: reason=predicate action=maybe_recompile pc=0x0000000003a0f348 method=java.util.Arrays.binarySearch0([Ljava/lang/Object;IILjava/lang/Object;Ljava/util/Comparator;)I @ 28
Event: 6.851 Thread 0x0000000019c5e000 Uncommon trap: reason=unstable_if action=reinterpret pc=0x00000000032e7b9c method=sun.misc.MetaIndex.mayContain(Ljava/lang/String;)Z @ 38
Event: 6.854 Thread 0x0000000019c5e000 Uncommon trap: reason=unstable_if action=reinterpret pc=0x0000000003ae4b6c method=java.security.CodeSource.hashCode()I @ 4
Event: 6.854 Thread 0x0000000019c5e000 Uncommon trap: reason=unstable_if action=reinterpret pc=0x0000000003a79c8c method=java.security.CodeSource.hashCode()I @ 4
Event: 6.926 Thread 0x0000000019c5e000 Uncommon trap: reason=unstable_if action=reinterpret pc=0x0000000003655ba0 method=java.util.jar.JarFile.maybeInstantiateVerifier()V @ 48
Event: 6.932 Thread 0x0000000019c5e000 Uncommon trap: reason=unstable_if action=reinterpret pc=0x0000000003115048 method=java.lang.ThreadLocal.get()Ljava/lang/Object; @ 11
Event: 7.008 Thread 0x0000000019c5e000 Uncommon trap: reason=unstable_if action=reinterpret pc=0x000000000351583c method=java.util.jar.JarFile.maybeInstantiateVerifier()V @ 48
Event: 7.017 Thread 0x0000000019c5e000 Uncommon trap: reason=unstable_if action=reinterpret pc=0x000000000346303c method=java.util.LinkedHashMap.get(Ljava/lang/Object;)Ljava/lang/Object; @ 20

Classes redefined (0 events):
No events

Internal exceptions (10 events):
Event: 5.730 Thread 0x0000000019c5e000 Exception <a 'java/security/PrivilegedActionException'> (0x00000000e7cb8448) thrown at [C:\src\AOSP-openjdk-git\hotspot\src\share\vm\prims\jvm.cpp, line 1502]
Event: 5.730 Thread 0x0000000019c5e000 Exception <a 'java/security/PrivilegedActionException'> (0x00000000e7cbb980) thrown at [C:\src\AOSP-openjdk-git\hotspot\src\share\vm\prims\jvm.cpp, line 1502]
Event: 5.730 Thread 0x0000000019c5e000 Exception <a 'java/security/PrivilegedActionException'> (0x00000000e7cbccb8) thrown at [C:\src\AOSP-openjdk-git\hotspot\src\share\vm\prims\jvm.cpp, line 1502]
Event: 5.730 Thread 0x0000000019c5e000 Exception <a 'java/security/PrivilegedActionException'> (0x00000000e7cc02e0) thrown at [C:\src\AOSP-openjdk-git\hotspot\src\share\vm\prims\jvm.cpp, line 1502]
Event: 5.730 Thread 0x0000000019c5e000 Exception <a 'java/security/PrivilegedActionException'> (0x00000000e7cc1618) thrown at [C:\src\AOSP-openjdk-git\hotspot\src\share\vm\prims\jvm.cpp, line 1502]
Event: 5.822 Thread 0x0000000019c5e000 Exception <a 'java/lang/ClassNotFoundException': build_68akvcmpldeyxv1h7n0xwcizyBeanInfo> (0x00000000e7d4fc80) thrown at [C:\src\AOSP-openjdk-git\hotspot\src\share\vm\classfile\systemDictionary.cpp, line 210]
Event: 5.823 Thread 0x0000000019c5e000 Exception <a 'java/lang/ClassNotFoundException': build_68akvcmpldeyxv1h7n0xwcizyCustomizer> (0x00000000e7d610a0) thrown at [C:\src\AOSP-openjdk-git\hotspot\src\share\vm\classfile\systemDictionary.cpp, line 210]
Event: 6.854 Thread 0x0000000019c5e000 Implicit null exception at 0x0000000003ae12f0 to 0x0000000003ae4b3d
Event: 6.854 Thread 0x0000000019c5e000 Implicit null exception at 0x0000000003a79995 to 0x0000000003a79c7d
Event: 6.932 Thread 0x0000000019c5e000 Implicit null exception at 0x0000000003114ac8 to 0x0000000003115031

Events (10 events):
Event: 7.127 loading class com/android/build/gradle/internal/variant/LegacyVariantInputManager$2
Event: 7.127 loading class com/android/build/gradle/internal/variant/LegacyVariantInputManager$2 done
Event: 7.127 loading class com/android/build/gradle/internal/variant/LegacyVariantInputManager$3
Event: 7.127 loading class com/android/build/gradle/internal/variant/LegacyVariantInputManager$3 done
Event: 7.128 loading class com/android/build/gradle/internal/variant/LegacyVariantInputManager$4
Event: 7.128 loading class com/android/build/gradle/internal/variant/LegacyVariantInputManager$4 done
Event: 7.128 loading class com/android/build/gradle/internal/variant/LegacyVariantInputManager$5
Event: 7.128 loading class com/android/build/gradle/internal/variant/LegacyVariantInputManager$5 done
Event: 7.128 loading class com/android/build/gradle/internal/variant/LegacyVariantInputManager$6
Event: 7.128 loading class com/android/build/gradle/internal/variant/LegacyVariantInputManager$6 done


Dynamic libraries:
0x00007ff77a290000 - 0x00007ff77a2c1000 	C:\Program Files\Android\Android Studio1\jre\bin\java.exe
0x00007ff8e88f0000 - 0x00007ff8e8ae5000 	C:\Windows\SYSTEM32\ntdll.dll
0x00007ff8e7640000 - 0x00007ff8e76fd000 	C:\Windows\System32\KERNEL32.DLL
0x00007ff8e6540000 - 0x00007ff8e6809000 	C:\Windows\System32\KERNELBASE.dll
0x00007ff8e86d0000 - 0x00007ff8e877c000 	C:\Windows\System32\ADVAPI32.dll
0x00007ff8e7eb0000 - 0x00007ff8e7f4e000 	C:\Windows\System32\msvcrt.dll
0x00007ff8e8810000 - 0x00007ff8e88ac000 	C:\Windows\System32\sechost.dll
0x00007ff8e7cc0000 - 0x00007ff8e7deb000 	C:\Windows\System32\RPCRT4.dll
0x00007ff8e72b0000 - 0x00007ff8e7450000 	C:\Windows\System32\USER32.dll
0x00007ff8e6810000 - 0x00007ff8e6832000 	C:\Windows\System32\win32u.dll
0x00007ff8e8080000 - 0x00007ff8e80aa000 	C:\Windows\System32\GDI32.dll
0x00007ff8e6840000 - 0x00007ff8e694b000 	C:\Windows\System32\gdi32full.dll
0x00007ff8e6030000 - 0x00007ff8e60cd000 	C:\Windows\System32\msvcp_win.dll
0x00007ff8e62b0000 - 0x00007ff8e63b0000 	C:\Windows\System32\ucrtbase.dll
0x00007ff8cf2a0000 - 0x00007ff8cf53a000 	C:\Windows\WinSxS\amd64_microsoft.windows.common-controls_6595b64144ccf1df_6.0.19041.844_none_ca00b6081b84eb1d\COMCTL32.dll
0x00007ff8e8520000 - 0x00007ff8e8550000 	C:\Windows\System32\IMM32.DLL
0x00000000583e0000 - 0x00000000584b2000 	C:\Program Files\Android\Android Studio1\jre\jre\bin\msvcr100.dll
0x0000000056860000 - 0x00000000570ab000 	C:\Program Files\Android\Android Studio1\jre\jre\bin\server\jvm.dll
0x00007ff8e7450000 - 0x00007ff8e7458000 	C:\Windows\System32\PSAPI.DLL
0x00007ff8df8f0000 - 0x00007ff8df8fa000 	C:\Windows\SYSTEM32\VERSION.dll
0x00007ff8e38e0000 - 0x00007ff8e38e9000 	C:\Windows\SYSTEM32\WSOCK32.dll
0x00007ff8dc7b0000 - 0x00007ff8dc7d7000 	C:\Windows\SYSTEM32\WINMM.dll
0x00007ff8e8660000 - 0x00007ff8e86cb000 	C:\Windows\System32\WS2_32.dll
0x00007ff8e3850000 - 0x00007ff8e385f000 	C:\Program Files\Android\Android Studio1\jre\jre\bin\verify.dll
0x00007ff8dcb90000 - 0x00007ff8dcbb9000 	C:\Program Files\Android\Android Studio1\jre\jre\bin\java.dll
0x00007ff8dd430000 - 0x00007ff8dd446000 	C:\Program Files\Android\Android Studio1\jre\jre\bin\zip.dll
0x00007ff8e6a30000 - 0x00007ff8e7172000 	C:\Windows\System32\SHELL32.dll
0x00007ff8e4170000 - 0x00007ff8e4900000 	C:\Windows\SYSTEM32\windows.storage.dll
0x00007ff8e7960000 - 0x00007ff8e7cb5000 	C:\Windows\System32\combase.dll
0x00007ff8e59d0000 - 0x00007ff8e59fc000 	C:\Windows\SYSTEM32\Wldp.dll
0x00007ff8e78b0000 - 0x00007ff8e795e000 	C:\Windows\System32\SHCORE.dll
0x00007ff8e7df0000 - 0x00007ff8e7e45000 	C:\Windows\System32\shlwapi.dll
0x00007ff8e5f70000 - 0x00007ff8e5f8f000 	C:\Windows\SYSTEM32\profapi.dll
0x00007ff8dcb70000 - 0x00007ff8dcb8a000 	C:\Program Files\Android\Android Studio1\jre\jre\bin\net.dll
0x00007ff8e57c0000 - 0x00007ff8e582a000 	C:\Windows\system32\mswsock.dll
0x00007ff8dca80000 - 0x00007ff8dca93000 	C:\Program Files\Android\Android Studio1\jre\jre\bin\nio.dll
0x00007ff8dbfb0000 - 0x00007ff8dbfd6000 	C:\Users\johnz\.gradle\native\fdc75f09e3144964f2cf3f50f0aa648679c211496f362492102eb8c894070792\windows-amd64\native-platform.dll
0x00007ff8bc910000 - 0x00007ff8bcaa1000 	C:\Users\johnz\.gradle\native\12488b8bf47d2d4c9fbf2f6322a914ad602e24e48041cd04a747c6da556b65c4\windows-amd64\native-platform-file-events.dll
0x00007ff8e1b10000 - 0x00007ff8e1b1d000 	C:\Program Files\Android\Android Studio1\jre\jre\bin\management.dll
0x00007ff8e5a10000 - 0x00007ff8e5a28000 	C:\Windows\SYSTEM32\CRYPTSP.dll
0x00007ff8e50b0000 - 0x00007ff8e50e4000 	C:\Windows\system32\rsaenh.dll
0x00007ff8e60d0000 - 0x00007ff8e60f7000 	C:\Windows\System32\bcrypt.dll
0x00007ff8e5f30000 - 0x00007ff8e5f5e000 	C:\Windows\SYSTEM32\USERENV.dll
0x00007ff8e64c0000 - 0x00007ff8e6540000 	C:\Windows\System32\bcryptprimitives.dll
0x00007ff8e5940000 - 0x00007ff8e594c000 	C:\Windows\SYSTEM32\CRYPTBASE.dll
0x00007ff8e5480000 - 0x00007ff8e54bb000 	C:\Windows\SYSTEM32\IPHLPAPI.DLL
0x00007ff8e74e0000 - 0x00007ff8e74e8000 	C:\Windows\System32\NSI.dll
0x00007ff8dffa0000 - 0x00007ff8dffb7000 	C:\Windows\SYSTEM32\dhcpcsvc6.DLL
0x00007ff8dff80000 - 0x00007ff8dff9d000 	C:\Windows\SYSTEM32\dhcpcsvc.DLL
0x00007ff8e54d0000 - 0x00007ff8e559b000 	C:\Windows\SYSTEM32\DNSAPI.dll
0x00007ff8e0bf0000 - 0x00007ff8e0bfb000 	C:\Windows\SYSTEM32\WINNSI.DLL

VM Arguments:
jvm_args: -Xmx1536M -Dfile.encoding=windows-1252 -Duser.country=GB -Duser.language=en -Duser.variant 
java_command: org.gradle.launcher.daemon.bootstrap.GradleDaemon 6.7
java_class_path (initial): C:\Users\johnz\.gradle\wrapper\dists\gradle-6.7-all\cuy9mc7upwgwgeb72wkcrupxe\gradle-6.7\lib\gradle-launcher-6.7.jar
Launcher Type: SUN_STANDARD

Environment Variables:
JAVA_HOME=C:\Program Files\Android\Android Studio1\jre
CLASSPATH=C:\AndroidStudioProjects\flutter_app\android\\gradle\wrapper\gradle-wrapper.jar
PATH=C:\Program Files (x86)\Razer Chroma SDK\bin;C:\Program Files\Razer Chroma SDK\bin;C:\Program Files (x86)\Razer\ChromaBroadcast\bin;C:\Program Files\Razer\ChromaBroadcast\bin;C:\Windows\system32;C:\Windows;C:\Windows\System32\Wbem;C:\Windows\System32\WindowsPowerShell\v1.0\;C:\Windows\System32\OpenSSH\;C:\Program Files\PuTTY\;C:\Windows\system32\config\systemprofile\AppData\Local\Microsoft\WindowsApps;C:\Program Files\dotnet\;C:\Program Files (x86)\NVIDIA Corporation\PhysX\Common;C:\Program Files\NVIDIA Corporation\NVIDIA NvDLISR;C:\Program Files\Git\cmd;C:\Program Files\Git\mingw64\bin;C:\Program Files\Git\usr\bin;C:\Users\johnz\AppData\Local\Programs\Python\Python38-32\Scripts\;C:\Users\johnz\AppData\Local\Programs\Python\Python38-32\;C:\Users\johnz\AppData\Local\Programs\Microsoft VS Code\bin;C:\Users\johnz\OneDrive\?p?????st??\flutter\bin;;C:\Users\johnz\flutter\bin\mingit\cmd
USERNAME=johnz
OS=Windows_NT
PROCESSOR_IDENTIFIER=Intel64 Family 6 Model 165 Stepping 3, GenuineIntel



---------------  S Y S T E M  ---------------

OS: Windows 10.0 , 64 bit Build 19041 (10.0.19041.804)

CPU:total 8 (initial active 8) (4 cores per cpu, 2 threads per core) family 6 model 165 stepping 3, cmov, cx8, fxsr, mmx, sse, sse2, sse3, ssse3, sse4.1, sse4.2, popcnt, avx, avx2, aes, clmul, erms, 3dnowpref, lzcnt, ht, tsc, tscinvbit, bmi1, bmi2, adx

Memory: 4k page, physical 4123416k(349248k free), swap 16706328k(2532k free)

vm_info: OpenJDK 64-Bit Server VM (25.242-b01) for windows-amd64 JRE (1.8.0_242-release-1644-b01), built by "builder" with MS VC++ 10.0 (VS2010)

time: Wed Apr 07 21:29:10 2021
timezone: GTB Summer Time
elapsed time: 7 seconds (0d 0h 0m 7s)

