#
# There is insufficient memory for the Java Runtime Environment to continue.
# Native memory allocation (malloc) failed to allocate 534096 bytes for Chunk::new
# Possible reasons:
#   The system is out of physical RAM or swap space
#   The process is running with CompressedOops enabled, and the Java Heap may be blocking the growth of the native heap
# Possible solutions:
#   Reduce memory load on the system
#   Increase physical memory or swap space
#   Check if swap backing store is full
#   Decrease Java heap size (-Xmx/-Xms)
#   Decrease number of Java threads
#   Decrease Java thread stack sizes (-Xss)
#   Set larger code cache with -XX:ReservedCodeCacheSize=
#   JVM is running with Unscaled Compressed Oops mode in which the Java heap is
#     placed in the first 4GB address space. The Java Heap base address is the
#     maximum limit for the native heap growth. Please use -XX:HeapBaseMinAddress
#     to set the Java Heap base and to place the Java Heap above 4GB virtual address.
# This output file may be truncated or incomplete.
#
#  Out of Memory Error (allocation.cpp:389), pid=3412, tid=0x00000000000033c4
#
# JRE version: OpenJDK Runtime Environment (8.0_242-b01) (build 1.8.0_242-release-1644-b01)
# Java VM: OpenJDK 64-Bit Server VM (25.242-b01 mixed mode windows-amd64 compressed oops)
# Failed to write core dump. Minidumps are not enabled by default on client versions of Windows
#

---------------  T H R E A D  ---------------

Current thread (0x0000000018be9800):  JavaThread "C2 CompilerThread2" daemon [_thread_in_native, id=13252, stack(0x00000000196b0000,0x00000000197b0000)]

Stack: [0x00000000196b0000,0x00000000197b0000]
[error occurred during error reporting (printing stack bounds), id 0xc0000005]

Native frames: (J=compiled Java code, j=interpreted, Vv=VM code, C=native code)


Current CompileTask:
C2:   6558 4060       4       java.net.URLClassLoader$1::run (5 bytes)


---------------  P R O C E S S  ---------------

Java Threads: ( => current thread )
  0x000000001aead800 JavaThread "jar transforms Thread 114" [_thread_blocked, id=4172, stack(0x000000002a220000,0x000000002a320000)]
  0x000000001aeab000 JavaThread "jar transforms Thread 113" [_thread_blocked, id=2376, stack(0x000000002a120000,0x000000002a220000)]
  0x000000001aeaa800 JavaThread "jar transforms Thread 112" [_thread_blocked, id=15792, stack(0x000000002a020000,0x000000002a120000)]
  0x000000001a737800 JavaThread "jar transforms Thread 111" [_thread_blocked, id=13840, stack(0x0000000029f20000,0x000000002a020000)]
  0x000000001a737000 JavaThread "jar transforms Thread 110" [_thread_blocked, id=11340, stack(0x0000000029e20000,0x0000000029f20000)]
  0x000000001a736000 JavaThread "jar transforms Thread 109" [_thread_blocked, id=8536, stack(0x0000000029d20000,0x0000000029e20000)]
  0x000000001a72e800 JavaThread "jar transforms Thread 108" [_thread_blocked, id=1760, stack(0x0000000029c20000,0x0000000029d20000)]
  0x000000001a734800 JavaThread "jar transforms Thread 107" [_thread_blocked, id=9312, stack(0x0000000029b20000,0x0000000029c20000)]
  0x000000001a734000 JavaThread "jar transforms Thread 106" [_thread_blocked, id=8688, stack(0x0000000029a20000,0x0000000029b20000)]
  0x000000001a733000 JavaThread "jar transforms Thread 105" [_thread_blocked, id=4204, stack(0x0000000029920000,0x0000000029a20000)]
  0x000000001a732800 JavaThread "jar transforms Thread 104" [_thread_blocked, id=17352, stack(0x0000000029820000,0x0000000029920000)]
  0x000000001a731800 JavaThread "jar transforms Thread 103" [_thread_blocked, id=15404, stack(0x0000000029720000,0x0000000029820000)]
  0x000000001a731000 JavaThread "jar transforms Thread 102" [_thread_blocked, id=15580, stack(0x0000000029620000,0x0000000029720000)]
  0x000000001a735800 JavaThread "jar transforms Thread 101" [_thread_blocked, id=5268, stack(0x0000000029520000,0x0000000029620000)]
  0x000000001a729800 JavaThread "jar transforms Thread 100" [_thread_blocked, id=15612, stack(0x0000000029420000,0x0000000029520000)]
  0x000000001a72d000 JavaThread "jar transforms Thread 99" [_thread_blocked, id=10372, stack(0x0000000029320000,0x0000000029420000)]
  0x000000001a730000 JavaThread "jar transforms Thread 98" [_thread_blocked, id=9632, stack(0x0000000029220000,0x0000000029320000)]
  0x000000001a72e000 JavaThread "jar transforms Thread 97" [_thread_blocked, id=11608, stack(0x0000000029120000,0x0000000029220000)]
  0x000000001a72c800 JavaThread "jar transforms Thread 96" [_thread_blocked, id=1232, stack(0x0000000029020000,0x0000000029120000)]
  0x000000001a72f800 JavaThread "jar transforms Thread 95" [_thread_blocked, id=9404, stack(0x0000000028f20000,0x0000000029020000)]
  0x000000001a728800 JavaThread "jar transforms Thread 94" [_thread_blocked, id=13392, stack(0x0000000028e20000,0x0000000028f20000)]
  0x000000001a72b800 JavaThread "jar transforms Thread 93" [_thread_blocked, id=11712, stack(0x0000000028d20000,0x0000000028e20000)]
  0x000000001a72b000 JavaThread "jar transforms Thread 92" [_thread_blocked, id=14820, stack(0x0000000028c20000,0x0000000028d20000)]
  0x000000001a72a000 JavaThread "jar transforms Thread 91" [_thread_blocked, id=1988, stack(0x0000000028b20000,0x0000000028c20000)]
  0x000000001e1a0800 JavaThread "jar transforms Thread 90" [_thread_blocked, id=14904, stack(0x0000000028a20000,0x0000000028b20000)]
  0x000000001e1a5000 JavaThread "jar transforms Thread 89" [_thread_blocked, id=2444, stack(0x0000000028920000,0x0000000028a20000)]
  0x000000001e1a4000 JavaThread "jar transforms Thread 88" [_thread_blocked, id=16532, stack(0x0000000028820000,0x0000000028920000)]
  0x000000001e1a3800 JavaThread "jar transforms Thread 87" [_thread_blocked, id=11224, stack(0x0000000028720000,0x0000000028820000)]
  0x000000001e19f800 JavaThread "jar transforms Thread 86" [_thread_blocked, id=14232, stack(0x0000000028620000,0x0000000028720000)]
  0x000000001e1a6800 JavaThread "jar transforms Thread 85" [_thread_blocked, id=16324, stack(0x0000000028520000,0x0000000028620000)]
  0x000000001e1a2800 JavaThread "jar transforms Thread 84" [_thread_blocked, id=10000, stack(0x0000000028420000,0x0000000028520000)]
  0x000000001e1a2000 JavaThread "jar transforms Thread 83" [_thread_blocked, id=8884, stack(0x0000000028320000,0x0000000028420000)]
  0x000000001e1a5800 JavaThread "jar transforms Thread 82" [_thread_blocked, id=12200, stack(0x0000000028220000,0x0000000028320000)]
  0x000000001e1a1000 JavaThread "jar transforms Thread 81" [_thread_blocked, id=8588, stack(0x0000000028120000,0x0000000028220000)]
  0x000000001e198000 JavaThread "jar transforms Thread 80" [_thread_blocked, id=4700, stack(0x0000000028020000,0x0000000028120000)]
  0x000000001e19c000 JavaThread "jar transforms Thread 79" [_thread_blocked, id=7908, stack(0x0000000027e20000,0x0000000027f20000)]
  0x000000001e19f000 JavaThread "jar transforms Thread 78" [_thread_blocked, id=1404, stack(0x0000000027d20000,0x0000000027e20000)]
  0x000000001e197800 JavaThread "jar transforms Thread 77" [_thread_blocked, id=10180, stack(0x0000000027c20000,0x0000000027d20000)]
  0x000000001e199800 JavaThread "jar transforms Thread 76" [_thread_blocked, id=17380, stack(0x0000000027b20000,0x0000000027c20000)]
  0x000000001e19a800 JavaThread "jar transforms Thread 75" [_thread_blocked, id=6728, stack(0x0000000027a20000,0x0000000027b20000)]
  0x000000001e19e000 JavaThread "jar transforms Thread 74" [_thread_blocked, id=11108, stack(0x0000000027920000,0x0000000027a20000)]
  0x000000001e19b000 JavaThread "jar transforms Thread 73" [_thread_blocked, id=996, stack(0x0000000027820000,0x0000000027920000)]
  0x000000001e19d800 JavaThread "jar transforms Thread 72" [_thread_blocked, id=6416, stack(0x0000000027720000,0x0000000027820000)]
  0x000000001e19c800 JavaThread "jar transforms Thread 71" [_thread_blocked, id=272, stack(0x0000000027620000,0x0000000027720000)]
  0x000000001e199000 JavaThread "jar transforms Thread 70" [_thread_blocked, id=1620, stack(0x0000000027520000,0x0000000027620000)]
  0x000000001f634800 JavaThread "jar transforms Thread 69" [_thread_blocked, id=7832, stack(0x0000000027420000,0x0000000027520000)]
  0x000000001f62f000 JavaThread "jar transforms Thread 68" [_thread_blocked, id=13856, stack(0x0000000027320000,0x0000000027420000)]
  0x000000001f630000 JavaThread "jar transforms Thread 67" [_thread_blocked, id=8848, stack(0x0000000027220000,0x0000000027320000)]
  0x000000001f633800 JavaThread "jar transforms Thread 66" [_thread_blocked, id=2884, stack(0x0000000027120000,0x0000000027220000)]
  0x000000001f635000 JavaThread "jar transforms Thread 65" [_thread_blocked, id=13800, stack(0x0000000027020000,0x0000000027120000)]
  0x000000001f633000 JavaThread "jar transforms Thread 64" [_thread_blocked, id=960, stack(0x0000000026f20000,0x0000000027020000)]
  0x000000001f630800 JavaThread "jar transforms Thread 63" [_thread_blocked, id=3116, stack(0x0000000026e20000,0x0000000026f20000)]
  0x000000001f62b800 JavaThread "jar transforms Thread 62" [_thread_blocked, id=268, stack(0x0000000026d20000,0x0000000026e20000)]
  0x000000001f62d000 JavaThread "jar transforms Thread 61" [_thread_blocked, id=14952, stack(0x0000000026c20000,0x0000000026d20000)]
  0x000000001f632000 JavaThread "jar transforms Thread 60" [_thread_blocked, id=4232, stack(0x0000000026b20000,0x0000000026c20000)]
  0x000000001f631800 JavaThread "jar transforms Thread 59" [_thread_blocked, id=16256, stack(0x0000000026a20000,0x0000000026b20000)]
  0x000000001f62c000 JavaThread "jar transforms Thread 58" [_thread_blocked, id=10200, stack(0x0000000026920000,0x0000000026a20000)]
  0x000000001f627800 JavaThread "jar transforms Thread 57" [_thread_blocked, id=7184, stack(0x0000000026820000,0x0000000026920000)]
  0x000000001f62e800 JavaThread "jar transforms Thread 56" [_thread_blocked, id=9340, stack(0x0000000026720000,0x0000000026820000)]
  0x000000001f62a800 JavaThread "jar transforms Thread 55" [_thread_blocked, id=14284, stack(0x0000000026620000,0x0000000026720000)]
  0x000000001f627000 JavaThread "jar transforms Thread 54" [_thread_blocked, id=12700, stack(0x0000000026520000,0x0000000026620000)]
  0x000000001f62a000 JavaThread "jar transforms Thread 53" [_thread_blocked, id=12008, stack(0x0000000026420000,0x0000000026520000)]
  0x000000001f629000 JavaThread "jar transforms Thread 52" [_thread_blocked, id=10352, stack(0x0000000026320000,0x0000000026420000)]
  0x000000001f628800 JavaThread "jar transforms Thread 51" [_thread_blocked, id=9072, stack(0x0000000026220000,0x0000000026320000)]
  0x000000001f62d800 JavaThread "jar transforms Thread 50" [_thread_blocked, id=7352, stack(0x0000000026120000,0x0000000026220000)]
  0x000000001f626000 JavaThread "jar transforms Thread 49" [_thread_blocked, id=6152, stack(0x0000000026020000,0x0000000026120000)]
  0x000000001fc7d800 JavaThread "jar transforms Thread 48" [_thread_blocked, id=13400, stack(0x0000000025f20000,0x0000000026020000)]
  0x000000001fc7c800 JavaThread "jar transforms Thread 47" [_thread_blocked, id=11756, stack(0x0000000025e20000,0x0000000025f20000)]
  0x000000001fc7b000 JavaThread "jar transforms Thread 46" [_thread_blocked, id=5100, stack(0x0000000025d20000,0x0000000025e20000)]
  0x000000001fc82000 JavaThread "jar transforms Thread 45" [_thread_blocked, id=9008, stack(0x0000000025c20000,0x0000000025d20000)]
  0x000000001fc81000 JavaThread "jar transforms Thread 44" [_thread_blocked, id=11412, stack(0x0000000025b20000,0x0000000025c20000)]
  0x000000001fc7f800 JavaThread "jar transforms Thread 43" [_thread_blocked, id=12652, stack(0x0000000025a20000,0x0000000025b20000)]
  0x000000001fc80800 JavaThread "jar transforms Thread 42" [_thread_blocked, id=10536, stack(0x0000000025920000,0x0000000025a20000)]
  0x000000001fc7f000 JavaThread "jar transforms Thread 41" [_thread_blocked, id=17328, stack(0x0000000025820000,0x0000000025920000)]
  0x000000001fc7e000 JavaThread "jar transforms Thread 40" [_thread_blocked, id=11128, stack(0x0000000025720000,0x0000000025820000)]
  0x000000001fc7c000 JavaThread "jar transforms Thread 39" [_thread_blocked, id=1700, stack(0x0000000025620000,0x0000000025720000)]
  0x000000001fc75000 JavaThread "jar transforms Thread 38" [_thread_blocked, id=10984, stack(0x0000000025520000,0x0000000025620000)]
  0x000000001fc73800 JavaThread "jar transforms Thread 37" [_thread_blocked, id=7572, stack(0x0000000025420000,0x0000000025520000)]
  0x000000001fc7a800 JavaThread "jar transforms Thread 36" [_thread_blocked, id=1564, stack(0x0000000025320000,0x0000000025420000)]
  0x000000001fc72800 JavaThread "jar transforms Thread 35" [_thread_blocked, id=14796, stack(0x0000000025220000,0x0000000025320000)]
  0x000000001fc79800 JavaThread "jar transforms Thread 34" [_thread_blocked, id=14360, stack(0x0000000025120000,0x0000000025220000)]
  0x000000001fc78000 JavaThread "jar transforms Thread 33" [_thread_blocked, id=1148, stack(0x0000000025020000,0x0000000025120000)]
  0x000000001fc75800 JavaThread "jar transforms Thread 32" [_thread_blocked, id=16320, stack(0x0000000024f20000,0x0000000025020000)]
  0x000000001fc74000 JavaThread "jar transforms Thread 31" [_thread_blocked, id=1116, stack(0x0000000024e20000,0x0000000024f20000)]
  0x000000001fc76800 JavaThread "jar transforms Thread 30" [_thread_blocked, id=8524, stack(0x0000000024d20000,0x0000000024e20000)]
  0x000000001fc79000 JavaThread "jar transforms Thread 29" [_thread_blocked, id=9680, stack(0x0000000024c20000,0x0000000024d20000)]
  0x000000001fc77800 JavaThread "jar transforms Thread 28" [_thread_blocked, id=15124, stack(0x0000000024b20000,0x0000000024c20000)]
  0x000000001a11f000 JavaThread "jar transforms Thread 27" [_thread_blocked, id=9156, stack(0x0000000024a20000,0x0000000024b20000)]
  0x000000001a125000 JavaThread "jar transforms Thread 26" [_thread_blocked, id=7716, stack(0x0000000024920000,0x0000000024a20000)]
  0x000000001a11d800 JavaThread "jar transforms Thread 25" [_thread_blocked, id=4792, stack(0x0000000024820000,0x0000000024920000)]
  0x000000001a124800 JavaThread "jar transforms Thread 24" [_thread_blocked, id=4284, stack(0x0000000024720000,0x0000000024820000)]
  0x000000001a11d000 JavaThread "jar transforms Thread 23" [_thread_blocked, id=4108, stack(0x0000000024620000,0x0000000024720000)]
  0x000000001a123000 JavaThread "jar transforms Thread 22" [_thread_blocked, id=12064, stack(0x0000000024520000,0x0000000024620000)]
  0x000000001a123800 JavaThread "jar transforms Thread 21" [_thread_blocked, id=13176, stack(0x0000000024420000,0x0000000024520000)]
  0x000000001a11c000 JavaThread "jar transforms Thread 20" [_thread_blocked, id=4916, stack(0x0000000024320000,0x0000000024420000)]
  0x000000001a122000 JavaThread "jar transforms Thread 19" [_thread_blocked, id=9580, stack(0x0000000024220000,0x0000000024320000)]
  0x000000001a11e800 JavaThread "jar transforms Thread 18" [_thread_blocked, id=14396, stack(0x0000000024120000,0x0000000024220000)]
  0x000000001a121800 JavaThread "jar transforms Thread 17" [_thread_blocked, id=3368, stack(0x0000000024020000,0x0000000024120000)]
  0x000000001a11a000 JavaThread "jar transforms Thread 16" [_thread_blocked, id=12492, stack(0x0000000023f20000,0x0000000024020000)]
  0x000000001a11a800 JavaThread "jar transforms Thread 15" [_thread_blocked, id=1968, stack(0x0000000023e20000,0x0000000023f20000)]
  0x000000001a120000 JavaThread "jar transforms Thread 14" [_thread_blocked, id=8320, stack(0x0000000023d20000,0x0000000023e20000)]
  0x000000001a120800 JavaThread "jar transforms Thread 13" [_thread_blocked, id=13388, stack(0x0000000023c20000,0x0000000023d20000)]
  0x000000001a117800 JavaThread "jar transforms Thread 12" [_thread_blocked, id=15304, stack(0x0000000023b20000,0x0000000023c20000)]
  0x000000001a119000 JavaThread "jar transforms Thread 11" [_thread_blocked, id=16168, stack(0x0000000023a20000,0x0000000023b20000)]
  0x000000001a117000 JavaThread "jar transforms Thread 10" [_thread_blocked, id=12300, stack(0x0000000023920000,0x0000000023a20000)]
  0x000000001a116000 JavaThread "jar transforms Thread 9" [_thread_blocked, id=13172, stack(0x0000000023820000,0x0000000023920000)]
  0x000000001a11b800 JavaThread "jar transforms Thread 8" [_thread_blocked, id=13248, stack(0x0000000023720000,0x0000000023820000)]
  0x000000001a118800 JavaThread "jar transforms Thread 7" [_thread_blocked, id=10712, stack(0x0000000023620000,0x0000000023720000)]
  0x0000000019c1e000 JavaThread "jar transforms Thread 6" [_thread_blocked, id=11044, stack(0x0000000023520000,0x0000000023620000)]
  0x0000000019c1e800 JavaThread "jar transforms Thread 5" [_thread_blocked, id=10652, stack(0x0000000023420000,0x0000000023520000)]
  0x0000000019c21800 JavaThread "jar transforms Thread 4" [_thread_blocked, id=6468, stack(0x0000000023320000,0x0000000023420000)]
  0x0000000019c1d000 JavaThread "jar transforms Thread 3" [_thread_blocked, id=11376, stack(0x0000000023220000,0x0000000023320000)]
  0x0000000019c20000 JavaThread "jar transforms Thread 2" [_thread_blocked, id=14724, stack(0x0000000023120000,0x0000000023220000)]
  0x0000000019c1c800 JavaThread "Build operations Thread 8" [_thread_blocked, id=6492, stack(0x0000000023020000,0x0000000023120000)]
  0x0000000019c21000 JavaThread "Build operations Thread 7" [_thread_blocked, id=2620, stack(0x0000000022f20000,0x0000000023020000)]
  0x0000000019c1f800 JavaThread "Build operations Thread 6" [_thread_blocked, id=9292, stack(0x0000000022e20000,0x0000000022f20000)]
  0x0000000019c1b800 JavaThread "Build operations Thread 5" [_thread_blocked, id=7288, stack(0x0000000022d20000,0x0000000022e20000)]
  0x0000000019c22800 JavaThread "Build operations Thread 4" [_thread_blocked, id=12188, stack(0x0000000022c20000,0x0000000022d20000)]
  0x0000000019c18800 JavaThread "Build operations Thread 3" [_thread_blocked, id=10232, stack(0x0000000022b20000,0x0000000022c20000)]
  0x0000000019c1b000 JavaThread "Build operations Thread 2" [_thread_blocked, id=14608, stack(0x0000000022a20000,0x0000000022b20000)]
  0x0000000019c15000 JavaThread "Build operations" [_thread_blocked, id=9548, stack(0x0000000022920000,0x0000000022a20000)]
  0x0000000019c17000 JavaThread "Cache worker for Build Output Cleanup Cache (C:\AndroidStudioProjects\flutter_app\android\.gradle\buildOutputCleanup)" [_thread_blocked, id=1336, stack(0x0000000022620000,0x0000000022720000)]
  0x0000000019c1a000 JavaThread "Cache worker for file content cache (C:\Users\johnz\.gradle\caches\6.7\fileContent)" [_thread_blocked, id=15956, stack(0x0000000021f20000,0x0000000022020000)]
  0x0000000019c19800 JavaThread "jar transforms" [_thread_blocked, id=8520, stack(0x0000000021e20000,0x0000000021f20000)]
  0x000000001b827000 JavaThread "Cache worker for execution history cache (C:\Users\johnz\.gradle\caches\6.7\executionHistory)" [_thread_blocked, id=13348, stack(0x0000000021520000,0x0000000021620000)]
  0x000000001b827800 JavaThread "Cache worker for cache directory md-rule (C:\Users\johnz\.gradle\caches\6.7\md-rule)" [_thread_blocked, id=6576, stack(0x0000000021420000,0x0000000021520000)]
  0x000000001b826000 JavaThread "Cache worker for cache directory md-supplier (C:\Users\johnz\.gradle\caches\6.7\md-supplier)" [_thread_blocked, id=9224, stack(0x00000000202e0000,0x00000000203e0000)]
  0x000000001b824800 JavaThread "Cache worker for checksums cache (C:\AndroidStudioProjects\flutter_app\android\.gradle\checksums)" [_thread_blocked, id=6348, stack(0x000000001ffe0000,0x00000000200e0000)]
  0x000000001b825800 JavaThread "Cache worker for file hash cache (C:\AndroidStudioProjects\flutter_app\android\.gradle\6.7\fileHashes)" [_thread_blocked, id=6812, stack(0x000000001dbd0000,0x000000001dcd0000)]
  0x000000001b82b800 JavaThread "Cache worker for journal cache (C:\Users\johnz\.gradle\caches\journal-1)" [_thread_blocked, id=10860, stack(0x000000001dd40000,0x000000001de40000)]
  0x000000001b829000 JavaThread "File lock request listener" [_thread_in_native, id=3428, stack(0x000000001dad0000,0x000000001dbd0000)]
  0x000000001b82a000 JavaThread "Cache worker for file hash cache (C:\Users\johnz\.gradle\caches\6.7\fileHashes)" [_thread_blocked, id=8132, stack(0x000000001d9d0000,0x000000001dad0000)]
  0x000000001b828800 JavaThread "Thread-9" [_thread_blocked, id=4580, stack(0x000000001d6d0000,0x000000001d7d0000)]
  0x000000001b82a800 JavaThread "Stdin handler" [_thread_blocked, id=2192, stack(0x000000001d5d0000,0x000000001d6d0000)]
  0x0000000019d6e000 JavaThread "Asynchronous log dispatcher for DefaultDaemonConnection: socket connection from /127.0.0.1:63556 to /127.0.0.1:63557" [_thread_blocked, id=5936, stack(0x000000001d4d0000,0x000000001d5d0000)]
  0x0000000019d67800 JavaThread "Daemon worker" [_thread_in_vm, id=15948, stack(0x000000001d3d0000,0x000000001d4d0000)]
  0x000000001b814000 JavaThread "Cancel handler" [_thread_blocked, id=16768, stack(0x000000001d1d0000,0x000000001d2d0000)]
  0x000000001b7d2000 JavaThread "Handler for socket connection from /127.0.0.1:63556 to /127.0.0.1:63557" [_thread_in_native, id=16136, stack(0x000000001d0d0000,0x000000001d1d0000)]
  0x000000001b7d1800 JavaThread "Daemon" [_thread_blocked, id=288, stack(0x000000001cdd0000,0x000000001ced0000)]
  0x000000001b7fa000 JavaThread "Daemon periodic checks" [_thread_blocked, id=6744, stack(0x000000001ccd0000,0x000000001cdd0000)]
  0x000000001b784000 JavaThread "Incoming local TCP Connector on port 63556" [_thread_in_native, id=16236, stack(0x000000001ca90000,0x000000001cb90000)]
  0x000000001b729800 JavaThread "Daemon health stats" [_thread_blocked, id=3136, stack(0x000000001c450000,0x000000001c550000)]
  0x0000000018c71800 JavaThread "Service Thread" daemon [_thread_blocked, id=4424, stack(0x00000000198b0000,0x00000000199b0000)]
  0x0000000018bf5800 JavaThread "C1 CompilerThread3" daemon [_thread_blocked, id=12144, stack(0x00000000197b0000,0x00000000198b0000)]
=>0x0000000018be9800 JavaThread "C2 CompilerThread2" daemon [_thread_in_native, id=13252, stack(0x00000000196b0000,0x00000000197b0000)]
  0x0000000018be6000 JavaThread "C2 CompilerThread1" daemon [_thread_blocked, id=7804, stack(0x00000000195b0000,0x00000000196b0000)]
  0x0000000018be2800 JavaThread "C2 CompilerThread0" daemon [_thread_in_vm, id=9584, stack(0x00000000194b0000,0x00000000195b0000)]
  0x0000000018be0800 JavaThread "Attach Listener" daemon [_thread_blocked, id=3656, stack(0x00000000193b0000,0x00000000194b0000)]
  0x0000000018bdf800 JavaThread "Signal Dispatcher" daemon [_thread_blocked, id=9820, stack(0x00000000192b0000,0x00000000193b0000)]
  0x0000000018bd0800 JavaThread "Finalizer" daemon [_thread_blocked, id=9600, stack(0x00000000190b0000,0x00000000191b0000)]
  0x0000000003018000 JavaThread "Reference Handler" daemon [_thread_blocked, id=16088, stack(0x0000000018fb0000,0x00000000190b0000)]
  0x0000000002f22800 JavaThread "main" [_thread_blocked, id=11456, stack(0x0000000002db0000,0x0000000002eb0000)]

Other Threads:
  0x0000000016dd6000 VMThread [stack: 0x0000000018ab0000,0x0000000018bb0000] [id=11416]
  0x0000000018c72800 WatcherThread [stack: 0x00000000199b0000,0x0000000019ab0000] [id=14228]

VM state:not at safepoint (normal execution)

VM Mutex/Monitor currently owned by a thread: None

heap address: 0x00000000a0000000, size: 1536 MB, Compressed Oops mode: 32-bit
Narrow klass base: 0x0000000000000000, Narrow klass shift: 3
Compressed class space size: 1073741824 Address: 0x0000000100000000

Heap:
 PSYoungGen      total 138240K, used 23240K [0x00000000e0000000, 0x00000000eb700000, 0x0000000100000000)
  eden space 129024K, 13% used [0x00000000e0000000,0x00000000e1099e90,0x00000000e7e00000)
  from space 9216K, 67% used [0x00000000e7e00000,0x00000000e8418230,0x00000000e8700000)
  to   space 12288K, 0% used [0x00000000eab00000,0x00000000eab00000,0x00000000eb700000)
 ParOldGen       total 53760K, used 15637K [0x00000000a0000000, 0x00000000a3480000, 0x00000000e0000000)
  object space 53760K, 29% used [0x00000000a0000000,0x00000000a0f45580,0x00000000a3480000)
 Metaspace       used 39082K, capacity 40876K, committed 41088K, reserved 1085440K
  class space    used 5353K, capacity 5733K, committed 5760K, reserved 1048576K

Card table byte_map: [0x00000000123e0000,0x00000000126f0000] byte_map_base: 0x0000000011ee0000

Marking Bits: (ParMarkBitMap*) 0x000000005702f030
 Begin Bits: [0x00000000130f0000, 0x00000000148f0000)
 End Bits:   [0x00000000148f0000, 0x00000000160f0000)

Polling page: 0x0000000002d50000

CodeCache: size=245760Kb used=12123Kb max_used=12751Kb free=233636Kb
 bounds [0x0000000003020000, 0x0000000003ca0000, 0x0000000012020000]
 total_blobs=4401 nmethods=3677 adapters=636
 compilation: enabled

Compilation events (10 events):
Event: 6.536 Thread 0x0000000018bf5800 4100       3       org.gradle.internal.instantiation.generator.AbstractClassGenerator$ServicesPropertyHandler::claimPropertyImplementation (40 bytes)
Event: 6.537 Thread 0x0000000018bf5800 nmethod 4100 0x00000000034170d0 code [0x00000000034172c0, 0x0000000003417d78]
Event: 6.537 Thread 0x0000000018bf5800 4103       3       java.lang.reflect.Constructor::acquireConstructorAccessor (44 bytes)
Event: 6.537 Thread 0x0000000018bf5800 nmethod 4103 0x0000000003416710 code [0x00000000034168a0, 0x0000000003416ef8]
Event: 6.542 Thread 0x0000000018bf5800 4104       3       java.util.regex.Pattern::has (15 bytes)
Event: 6.542 Thread 0x0000000018bf5800 nmethod 4104 0x0000000003416390 code [0x00000000034164e0, 0x0000000003416690]
Event: 6.545 Thread 0x0000000018bf5800 4106       3       java.util.stream.ReduceOps$3ReducingSink::accept (15 bytes)
Event: 6.545 Thread 0x0000000018bf5800 nmethod 4106 0x0000000003415f50 code [0x00000000034160c0, 0x00000000034162e8]
Event: 6.545 Thread 0x0000000018bf5800 4105       1       com.android.build.gradle.options.BooleanOption::getPropertyName (5 bytes)
Event: 6.545 Thread 0x0000000018bf5800 nmethod 4105 0x000000000327c110 code [0x000000000327c260, 0x000000000327c370]

GC Heap History (10 events):
Event: 2.938 GC heap before
{Heap before GC invocations=9 (full 1):
 PSYoungGen      total 138240K, used 5325K [0x00000000e0000000, 0x00000000e9000000, 0x0000000100000000)
  eden space 129024K, 0% used [0x00000000e0000000,0x00000000e0000000,0x00000000e7e00000)
  from space 9216K, 57% used [0x00000000e8700000,0x00000000e8c334f0,0x00000000e9000000)
  to   space 9216K, 0% used [0x00000000e7e00000,0x00000000e7e00000,0x00000000e8700000)
 ParOldGen       total 44032K, used 8090K [0x00000000a0000000, 0x00000000a2b00000, 0x00000000e0000000)
  object space 44032K, 18% used [0x00000000a0000000,0x00000000a07e6b30,0x00000000a2b00000)
 Metaspace       used 20614K, capacity 21212K, committed 21296K, reserved 1067008K
  class space    used 2957K, capacity 3142K, committed 3200K, reserved 1048576K
Event: 2.963 GC heap after
Heap after GC invocations=9 (full 1):
 PSYoungGen      total 138240K, used 0K [0x00000000e0000000, 0x00000000e9000000, 0x0000000100000000)
  eden space 129024K, 0% used [0x00000000e0000000,0x00000000e0000000,0x00000000e7e00000)
  from space 9216K, 0% used [0x00000000e8700000,0x00000000e8700000,0x00000000e9000000)
  to   space 9216K, 0% used [0x00000000e7e00000,0x00000000e7e00000,0x00000000e8700000)
 ParOldGen       total 33792K, used 8204K [0x00000000a0000000, 0x00000000a2100000, 0x00000000e0000000)
  object space 33792K, 24% used [0x00000000a0000000,0x00000000a0803268,0x00000000a2100000)
 Metaspace       used 20614K, capacity 21212K, committed 21296K, reserved 1067008K
  class space    used 2957K, capacity 3142K, committed 3200K, reserved 1048576K
}
Event: 4.322 GC heap before
{Heap before GC invocations=10 (full 1):
 PSYoungGen      total 138240K, used 129024K [0x00000000e0000000, 0x00000000e9000000, 0x0000000100000000)
  eden space 129024K, 100% used [0x00000000e0000000,0x00000000e7e00000,0x00000000e7e00000)
  from space 9216K, 0% used [0x00000000e8700000,0x00000000e8700000,0x00000000e9000000)
  to   space 9216K, 0% used [0x00000000e7e00000,0x00000000e7e00000,0x00000000e8700000)
 ParOldGen       total 33792K, used 8204K [0x00000000a0000000, 0x00000000a2100000, 0x00000000e0000000)
  object space 33792K, 24% used [0x00000000a0000000,0x00000000a0803268,0x00000000a2100000)
 Metaspace       used 33229K, capacity 34184K, committed 34560K, reserved 1079296K
  class space    used 4521K, capacity 4747K, committed 4864K, reserved 1048576K
Event: 4.356 GC heap after
Heap after GC invocations=10 (full 1):
 PSYoungGen      total 138240K, used 9213K [0x00000000e0000000, 0x00000000e9000000, 0x0000000100000000)
  eden space 129024K, 0% used [0x00000000e0000000,0x00000000e0000000,0x00000000e7e00000)
  from space 9216K, 99% used [0x00000000e7e00000,0x00000000e86ff520,0x00000000e8700000)
  to   space 9216K, 0% used [0x00000000e8700000,0x00000000e8700000,0x00000000e9000000)
 ParOldGen       total 33792K, used 13239K [0x00000000a0000000, 0x00000000a2100000, 0x00000000e0000000)
  object space 33792K, 39% used [0x00000000a0000000,0x00000000a0cedc28,0x00000000a2100000)
 Metaspace       used 33229K, capacity 34184K, committed 34560K, reserved 1079296K
  class space    used 4521K, capacity 4747K, committed 4864K, reserved 1048576K
}
Event: 4.707 GC heap before
{Heap before GC invocations=11 (full 1):
 PSYoungGen      total 138240K, used 43666K [0x00000000e0000000, 0x00000000e9000000, 0x0000000100000000)
  eden space 129024K, 26% used [0x00000000e0000000,0x00000000e21a54e0,0x00000000e7e00000)
  from space 9216K, 99% used [0x00000000e7e00000,0x00000000e86ff520,0x00000000e8700000)
  to   space 9216K, 0% used [0x00000000e8700000,0x00000000e8700000,0x00000000e9000000)
 ParOldGen       total 33792K, used 13239K [0x00000000a0000000, 0x00000000a2100000, 0x00000000e0000000)
  object space 33792K, 39% used [0x00000000a0000000,0x00000000a0cedc28,0x00000000a2100000)
 Metaspace       used 34290K, capacity 35346K, committed 35456K, reserved 1079296K
  class space    used 4696K, capacity 4932K, committed 4992K, reserved 1048576K
Event: 4.724 GC heap after
Heap after GC invocations=11 (full 1):
 PSYoungGen      total 138240K, used 8859K [0x00000000e0000000, 0x00000000e9000000, 0x0000000100000000)
  eden space 129024K, 0% used [0x00000000e0000000,0x00000000e0000000,0x00000000e7e00000)
  from space 9216K, 96% used [0x00000000e8700000,0x00000000e8fa6fe0,0x00000000e9000000)
  to   space 9216K, 0% used [0x00000000e7e00000,0x00000000e7e00000,0x00000000e8700000)
 ParOldGen       total 33792K, used 13247K [0x00000000a0000000, 0x00000000a2100000, 0x00000000e0000000)
  object space 33792K, 39% used [0x00000000a0000000,0x00000000a0cefc28,0x00000000a2100000)
 Metaspace       used 34290K, capacity 35346K, committed 35456K, reserved 1079296K
  class space    used 4696K, capacity 4932K, committed 4992K, reserved 1048576K
}
Event: 4.724 GC heap before
{Heap before GC invocations=12 (full 2):
 PSYoungGen      total 138240K, used 8859K [0x00000000e0000000, 0x00000000e9000000, 0x0000000100000000)
  eden space 129024K, 0% used [0x00000000e0000000,0x00000000e0000000,0x00000000e7e00000)
  from space 9216K, 96% used [0x00000000e8700000,0x00000000e8fa6fe0,0x00000000e9000000)
  to   space 9216K, 0% used [0x00000000e7e00000,0x00000000e7e00000,0x00000000e8700000)
 ParOldGen       total 33792K, used 13247K [0x00000000a0000000, 0x00000000a2100000, 0x00000000e0000000)
  object space 33792K, 39% used [0x00000000a0000000,0x00000000a0cefc28,0x00000000a2100000)
 Metaspace       used 34290K, capacity 35346K, committed 35456K, reserved 1079296K
  class space    used 4696K, capacity 4932K, committed 4992K, reserved 1048576K
Event: 4.807 GC heap after
Heap after GC invocations=12 (full 2):
 PSYoungGen      total 138240K, used 0K [0x00000000e0000000, 0x00000000e9000000, 0x0000000100000000)
  eden space 129024K, 0% used [0x00000000e0000000,0x00000000e0000000,0x00000000e7e00000)
  from space 9216K, 0% used [0x00000000e8700000,0x00000000e8700000,0x00000000e9000000)
  to   space 9216K, 0% used [0x00000000e7e00000,0x00000000e7e00000,0x00000000e8700000)
 ParOldGen       total 53760K, used 15629K [0x00000000a0000000, 0x00000000a3480000, 0x00000000e0000000)
  object space 53760K, 29% used [0x00000000a0000000,0x00000000a0f43580,0x00000000a3480000)
 Metaspace       used 34290K, capacity 35346K, committed 35456K, reserved 1079296K
  class space    used 4696K, capacity 4932K, committed 4992K, reserved 1048576K
}
Event: 6.363 GC heap before
{Heap before GC invocations=13 (full 2):
 PSYoungGen      total 138240K, used 129024K [0x00000000e0000000, 0x00000000e9000000, 0x0000000100000000)
  eden space 129024K, 100% used [0x00000000e0000000,0x00000000e7e00000,0x00000000e7e00000)
  from space 9216K, 0% used [0x00000000e8700000,0x00000000e8700000,0x00000000e9000000)
  to   space 9216K, 0% used [0x00000000e7e00000,0x00000000e7e00000,0x00000000e8700000)
 ParOldGen       total 53760K, used 15629K [0x00000000a0000000, 0x00000000a3480000, 0x00000000e0000000)
  object space 53760K, 29% used [0x00000000a0000000,0x00000000a0f43580,0x00000000a3480000)
 Metaspace       used 37565K, capacity 39292K, committed 39424K, reserved 1083392K
  class space    used 5144K, capacity 5523K, committed 5632K, reserved 1048576K
Event: 6.370 GC heap after
Heap after GC invocations=13 (full 2):
 PSYoungGen      total 138240K, used 6240K [0x00000000e0000000, 0x00000000eb700000, 0x0000000100000000)
  eden space 129024K, 0% used [0x00000000e0000000,0x00000000e0000000,0x00000000e7e00000)
  from space 9216K, 67% used [0x00000000e7e00000,0x00000000e8418230,0x00000000e8700000)
  to   space 12288K, 0% used [0x00000000eab00000,0x00000000eab00000,0x00000000eb700000)
 ParOldGen       total 53760K, used 15637K [0x00000000a0000000, 0x00000000a3480000, 0x00000000e0000000)
  object space 53760K, 29% used [0x00000000a0000000,0x00000000a0f45580,0x00000000a3480000)
 Metaspace       used 37565K, capacity 39292K, committed 39424K, reserved 1083392K
  class space    used 5144K, capacity 5523K, committed 5632K, reserved 1048576K
}

Deoptimization events (10 events):
Event: 5.519 Thread 0x0000000019c18800 Uncommon trap: reason=class_check action=maybe_recompile pc=0x00000000034497e8 method=java.util.concurrent.ConcurrentHashMap.putVal(Ljava/lang/Object;Ljava/lang/Object;Z)Ljava/lang/Object; @ 192
Event: 5.526 Thread 0x0000000019c15000 Uncommon trap: reason=unstable_if action=reinterpret pc=0x0000000003c2151c method=com.esotericsoftware.kryo.io.Input.readUtf8Length(I)I @ 9
Event: 5.528 Thread 0x0000000019c1f800 Uncommon trap: reason=unstable_if action=reinterpret pc=0x0000000003b89864 method=com.esotericsoftware.kryo.io.Input.readUtf8Length(I)I @ 9
Event: 6.124 Thread 0x0000000019d67800 Uncommon trap: reason=unstable_if action=reinterpret pc=0x00000000033b53ec method=java.util.jar.JarFile.match([C[B[I[I)Z @ 29
Event: 6.391 Thread 0x0000000019d67800 Uncommon trap: reason=unstable_if action=reinterpret pc=0x00000000032ef1c8 method=java.util.jar.Manifest$FastInputStream.readLine([BII)I @ 87
Event: 6.391 Thread 0x0000000019d67800 Uncommon trap: reason=bimorphic action=maybe_recompile pc=0x000000000367f2c0 method=java.lang.ClassLoader.getPackage(Ljava/lang/String;)Ljava/lang/Package; @ 47
Event: 6.391 Thread 0x0000000019d67800 Uncommon trap: reason=bimorphic action=maybe_recompile pc=0x000000000367f2c0 method=java.lang.ClassLoader.getPackage(Ljava/lang/String;)Ljava/lang/Package; @ 47
Event: 6.391 Thread 0x0000000019d67800 Uncommon trap: reason=bimorphic action=maybe_recompile pc=0x000000000367f2c0 method=java.lang.ClassLoader.getPackage(Ljava/lang/String;)Ljava/lang/Package; @ 47
Event: 6.391 Thread 0x0000000019d67800 Uncommon trap: reason=bimorphic action=maybe_recompile pc=0x000000000367f2c0 method=java.lang.ClassLoader.getPackage(Ljava/lang/String;)Ljava/lang/Package; @ 47
Event: 6.541 Thread 0x0000000019d67800 Uncommon trap: reason=unstable_if action=reinterpret pc=0x00000000037b48b4 method=java.io.BufferedInputStream.read([BII)I @ 56

Classes redefined (0 events):
No events

Internal exceptions (10 events):
Event: 6.292 Thread 0x0000000019d67800 Exception <a 'java/security/PrivilegedActionException'> (0x00000000e7d81648) thrown at [C:\src\AOSP-openjdk-git\hotspot\src\share\vm\prims\jvm.cpp, line 1502]
Event: 6.292 Thread 0x0000000019d67800 Exception <a 'java/security/PrivilegedActionException'> (0x00000000e7d82980) thrown at [C:\src\AOSP-openjdk-git\hotspot\src\share\vm\prims\jvm.cpp, line 1502]
Event: 6.292 Thread 0x0000000019d67800 Exception <a 'java/security/PrivilegedActionException'> (0x00000000e7d85e00) thrown at [C:\src\AOSP-openjdk-git\hotspot\src\share\vm\prims\jvm.cpp, line 1502]
Event: 6.292 Thread 0x0000000019d67800 Exception <a 'java/security/PrivilegedActionException'> (0x00000000e7d87138) thrown at [C:\src\AOSP-openjdk-git\hotspot\src\share\vm\prims\jvm.cpp, line 1502]
Event: 6.292 Thread 0x0000000019d67800 Exception <a 'java/security/PrivilegedActionException'> (0x00000000e7d8a670) thrown at [C:\src\AOSP-openjdk-git\hotspot\src\share\vm\prims\jvm.cpp, line 1502]
Event: 6.292 Thread 0x0000000019d67800 Exception <a 'java/security/PrivilegedActionException'> (0x00000000e7d8b9a8) thrown at [C:\src\AOSP-openjdk-git\hotspot\src\share\vm\prims\jvm.cpp, line 1502]
Event: 6.292 Thread 0x0000000019d67800 Exception <a 'java/security/PrivilegedActionException'> (0x00000000e7d8efd0) thrown at [C:\src\AOSP-openjdk-git\hotspot\src\share\vm\prims\jvm.cpp, line 1502]
Event: 6.292 Thread 0x0000000019d67800 Exception <a 'java/security/PrivilegedActionException'> (0x00000000e7d90308) thrown at [C:\src\AOSP-openjdk-git\hotspot\src\share\vm\prims\jvm.cpp, line 1502]
Event: 6.383 Thread 0x0000000019d67800 Exception <a 'java/lang/ClassNotFoundException': build_68akvcmpldeyxv1h7n0xwcizyBeanInfo> (0x00000000e001ea58) thrown at [C:\src\AOSP-openjdk-git\hotspot\src\share\vm\classfile\systemDictionary.cpp, line 210]
Event: 6.384 Thread 0x0000000019d67800 Exception <a 'java/lang/ClassNotFoundException': build_68akvcmpldeyxv1h7n0xwcizyCustomizer> (0x00000000e002fe78) thrown at [C:\src\AOSP-openjdk-git\hotspot\src\share\vm\classfile\systemDictionary.cpp, line 210]

Events (10 events):
Event: 6.550 loading class com/google/common/base/Function
Event: 6.550 loading class com/google/common/base/Function done
Event: 6.551 loading class com/google/common/collect/Maps$8
Event: 6.551 loading class com/google/common/collect/Maps$8 done
Event: 6.551 loading class com/google/common/collect/Maps$EntryTransformer
Event: 6.551 loading class com/google/common/collect/Maps$EntryTransformer done
Event: 6.552 loading class com/google/common/base/Converter
Event: 6.552 loading class com/google/common/base/Converter done
Event: 6.552 loading class com/google/common/collect/Maps$BiMapConverter
Event: 6.552 loading class com/google/common/collect/Maps$BiMapConverter done


Dynamic libraries:
0x00007ff77a290000 - 0x00007ff77a2c1000 	C:\Program Files\Android\Android Studio1\jre\bin\java.exe
0x00007ff8e88f0000 - 0x00007ff8e8ae5000 	C:\Windows\SYSTEM32\ntdll.dll
0x00007ff8e7640000 - 0x00007ff8e76fd000 	C:\Windows\System32\KERNEL32.DLL
0x00007ff8e6540000 - 0x00007ff8e6809000 	C:\Windows\System32\KERNELBASE.dll
0x00007ff8e86d0000 - 0x00007ff8e877c000 	C:\Windows\System32\ADVAPI32.dll
0x00007ff8e7eb0000 - 0x00007ff8e7f4e000 	C:\Windows\System32\msvcrt.dll
0x00007ff8e8810000 - 0x00007ff8e88ac000 	C:\Windows\System32\sechost.dll
0x00007ff8e7cc0000 - 0x00007ff8e7deb000 	C:\Windows\System32\RPCRT4.dll
0x00007ff8e72b0000 - 0x00007ff8e7450000 	C:\Windows\System32\USER32.dll
0x00007ff8e6810000 - 0x00007ff8e6832000 	C:\Windows\System32\win32u.dll
0x00007ff8e8080000 - 0x00007ff8e80aa000 	C:\Windows\System32\GDI32.dll
0x00007ff8e6840000 - 0x00007ff8e694b000 	C:\Windows\System32\gdi32full.dll
0x00007ff8e6030000 - 0x00007ff8e60cd000 	C:\Windows\System32\msvcp_win.dll
0x00007ff8e62b0000 - 0x00007ff8e63b0000 	C:\Windows\System32\ucrtbase.dll
0x00007ff8cf2a0000 - 0x00007ff8cf53a000 	C:\Windows\WinSxS\amd64_microsoft.windows.common-controls_6595b64144ccf1df_6.0.19041.844_none_ca00b6081b84eb1d\COMCTL32.dll
0x00007ff8e8520000 - 0x00007ff8e8550000 	C:\Windows\System32\IMM32.DLL
0x00000000583e0000 - 0x00000000584b2000 	C:\Program Files\Android\Android Studio1\jre\jre\bin\msvcr100.dll
0x0000000056860000 - 0x00000000570ab000 	C:\Program Files\Android\Android Studio1\jre\jre\bin\server\jvm.dll
0x00007ff8e7450000 - 0x00007ff8e7458000 	C:\Windows\System32\PSAPI.DLL
0x00007ff8e38e0000 - 0x00007ff8e38e9000 	C:\Windows\SYSTEM32\WSOCK32.dll
0x00007ff8df8f0000 - 0x00007ff8df8fa000 	C:\Windows\SYSTEM32\VERSION.dll
0x00007ff8e8660000 - 0x00007ff8e86cb000 	C:\Windows\System32\WS2_32.dll
0x00007ff8dc7b0000 - 0x00007ff8dc7d7000 	C:\Windows\SYSTEM32\WINMM.dll
0x00007ff8e3850000 - 0x00007ff8e385f000 	C:\Program Files\Android\Android Studio1\jre\jre\bin\verify.dll
0x00007ff8dcb90000 - 0x00007ff8dcbb9000 	C:\Program Files\Android\Android Studio1\jre\jre\bin\java.dll
0x00007ff8dd430000 - 0x00007ff8dd446000 	C:\Program Files\Android\Android Studio1\jre\jre\bin\zip.dll
0x00007ff8e6a30000 - 0x00007ff8e7172000 	C:\Windows\System32\SHELL32.dll
0x00007ff8e4170000 - 0x00007ff8e4900000 	C:\Windows\SYSTEM32\windows.storage.dll
0x00007ff8e7960000 - 0x00007ff8e7cb5000 	C:\Windows\System32\combase.dll
0x00007ff8e59d0000 - 0x00007ff8e59fc000 	C:\Windows\SYSTEM32\Wldp.dll
0x00007ff8e78b0000 - 0x00007ff8e795e000 	C:\Windows\System32\SHCORE.dll
0x00007ff8e7df0000 - 0x00007ff8e7e45000 	C:\Windows\System32\shlwapi.dll
0x00007ff8e5f70000 - 0x00007ff8e5f8f000 	C:\Windows\SYSTEM32\profapi.dll
0x00007ff8dcb70000 - 0x00007ff8dcb8a000 	C:\Program Files\Android\Android Studio1\jre\jre\bin\net.dll
0x00007ff8e57c0000 - 0x00007ff8e582a000 	C:\Windows\system32\mswsock.dll
0x00007ff8dca80000 - 0x00007ff8dca93000 	C:\Program Files\Android\Android Studio1\jre\jre\bin\nio.dll
0x00007ff8dbfb0000 - 0x00007ff8dbfd6000 	C:\Users\johnz\.gradle\native\fdc75f09e3144964f2cf3f50f0aa648679c211496f362492102eb8c894070792\windows-amd64\native-platform.dll
0x00007ff8bc910000 - 0x00007ff8bcaa1000 	C:\Users\johnz\.gradle\native\12488b8bf47d2d4c9fbf2f6322a914ad602e24e48041cd04a747c6da556b65c4\windows-amd64\native-platform-file-events.dll
0x00007ff8e1b10000 - 0x00007ff8e1b1d000 	C:\Program Files\Android\Android Studio1\jre\jre\bin\management.dll
0x00007ff8e5a10000 - 0x00007ff8e5a28000 	C:\Windows\SYSTEM32\CRYPTSP.dll
0x00007ff8e50b0000 - 0x00007ff8e50e4000 	C:\Windows\system32\rsaenh.dll
0x00007ff8e60d0000 - 0x00007ff8e60f7000 	C:\Windows\System32\bcrypt.dll
0x00007ff8e5f30000 - 0x00007ff8e5f5e000 	C:\Windows\SYSTEM32\USERENV.dll
0x00007ff8e64c0000 - 0x00007ff8e6540000 	C:\Windows\System32\bcryptprimitives.dll
0x00007ff8e5940000 - 0x00007ff8e594c000 	C:\Windows\SYSTEM32\CRYPTBASE.dll
0x00007ff8e5480000 - 0x00007ff8e54bb000 	C:\Windows\SYSTEM32\IPHLPAPI.DLL
0x00007ff8e74e0000 - 0x00007ff8e74e8000 	C:\Windows\System32\NSI.dll
0x00007ff8dffa0000 - 0x00007ff8dffb7000 	C:\Windows\SYSTEM32\dhcpcsvc6.DLL
0x00007ff8dff80000 - 0x00007ff8dff9d000 	C:\Windows\SYSTEM32\dhcpcsvc.DLL
0x00007ff8e54d0000 - 0x00007ff8e559b000 	C:\Windows\SYSTEM32\DNSAPI.dll
0x00007ff8e0bf0000 - 0x00007ff8e0bfb000 	C:\Windows\SYSTEM32\WINNSI.DLL

VM Arguments:
jvm_args: -Xmx1536M -Dfile.encoding=windows-1252 -Duser.country=GB -Duser.language=en -Duser.variant 
java_command: org.gradle.launcher.daemon.bootstrap.GradleDaemon 6.7
java_class_path (initial): C:\Users\johnz\.gradle\wrapper\dists\gradle-6.7-all\cuy9mc7upwgwgeb72wkcrupxe\gradle-6.7\lib\gradle-launcher-6.7.jar
Launcher Type: SUN_STANDARD

Environment Variables:
JAVA_HOME=C:\Program Files\Android\Android Studio1\jre
CLASSPATH=C:\AndroidStudioProjects\flutter_app\android\\gradle\wrapper\gradle-wrapper.jar
PATH=C:\Program Files (x86)\Razer Chroma SDK\bin;C:\Program Files\Razer Chroma SDK\bin;C:\Program Files (x86)\Razer\ChromaBroadcast\bin;C:\Program Files\Razer\ChromaBroadcast\bin;C:\Windows\system32;C:\Windows;C:\Windows\System32\Wbem;C:\Windows\System32\WindowsPowerShell\v1.0\;C:\Windows\System32\OpenSSH\;C:\Program Files\PuTTY\;C:\Windows\system32\config\systemprofile\AppData\Local\Microsoft\WindowsApps;C:\Program Files\dotnet\;C:\Program Files (x86)\NVIDIA Corporation\PhysX\Common;C:\Program Files\NVIDIA Corporation\NVIDIA NvDLISR;C:\Program Files\Git\cmd;C:\Program Files\Git\mingw64\bin;C:\Program Files\Git\usr\bin;C:\Users\johnz\AppData\Local\Programs\Python\Python38-32\Scripts\;C:\Users\johnz\AppData\Local\Programs\Python\Python38-32\;C:\Users\johnz\AppData\Local\Programs\Microsoft VS Code\bin;C:\Users\johnz\OneDrive\?p?????st??\flutter\bin;;C:\Users\johnz\flutter\bin\mingit\cmd
USERNAME=johnz
OS=Windows_NT
PROCESSOR_IDENTIFIER=Intel64 Family 6 Model 165 Stepping 3, GenuineIntel



---------------  S Y S T E M  ---------------

OS: Windows 10.0 , 64 bit Build 19041 (10.0.19041.804)

CPU:total 8 (initial active 8) (4 cores per cpu, 2 threads per core) family 6 model 165 stepping 3, cmov, cx8, fxsr, mmx, sse, sse2, sse3, ssse3, sse4.1, sse4.2, popcnt, avx, avx2, aes, clmul, erms, 3dnowpref, lzcnt, ht, tsc, tscinvbit, bmi1, bmi2, adx

Memory: 4k page, physical 4123416k(113784k free), swap 16706328k(4320k free)

vm_info: OpenJDK 64-Bit Server VM (25.242-b01) for windows-amd64 JRE (1.8.0_242-release-1644-b01), built by "builder" with MS VC++ 10.0 (VS2010)

time: Wed Apr 07 21:27:49 2021
timezone: GTB Summer Time
elapsed time: 6 seconds (0d 0h 0m 6s)

