#
# There is insufficient memory for the Java Runtime Environment to continue.
# Native memory allocation (malloc) failed to allocate 1243056 bytes for Chunk::new
# Possible reasons:
#   The system is out of physical RAM or swap space
#   The process is running with CompressedOops enabled, and the Java Heap may be blocking the growth of the native heap
# Possible solutions:
#   Reduce memory load on the system
#   Increase physical memory or swap space
#   Check if swap backing store is full
#   Decrease Java heap size (-Xmx/-Xms)
#   Decrease number of Java threads
#   Decrease Java thread stack sizes (-Xss)
#   Set larger code cache with -XX:ReservedCodeCacheSize=
#   JVM is running with Unscaled Compressed Oops mode in which the Java heap is
#     placed in the first 4GB address space. The Java Heap base address is the
#     maximum limit for the native heap growth. Please use -XX:HeapBaseMinAddress
#     to set the Java Heap base and to place the Java Heap above 4GB virtual address.
# This output file may be truncated or incomplete.
#
#  Out of Memory Error (allocation.cpp:389), pid=6472, tid=0x0000000000000690
#
# JRE version: OpenJDK Runtime Environment (8.0_242-b01) (build 1.8.0_242-release-1644-b01)
# Java VM: OpenJDK 64-Bit Server VM (25.242-b01 mixed mode windows-amd64 compressed oops)
# Failed to write core dump. Minidumps are not enabled by default on client versions of Windows
#

---------------  T H R E A D  ---------------

Current thread (0x0000000018377000):  JavaThread "C2 CompilerThread1" daemon [_thread_in_native, id=1680, stack(0x0000000018d40000,0x0000000018e40000)]

Stack: [0x0000000018d40000,0x0000000018e40000]
[error occurred during error reporting (printing stack bounds), id 0xc0000005]

Native frames: (J=compiled Java code, j=interpreted, Vv=VM code, C=native code)


Current CompileTask:
C2:   6459 3715       4       java.net.URLClassLoader$1::run (5 bytes)


---------------  P R O C E S S  ---------------

Java Threads: ( => current thread )
  0x000000001b129800 JavaThread "jar transforms Thread 114" [_thread_blocked, id=13252, stack(0x0000000029af0000,0x0000000029bf0000)]
  0x000000001b11d800 JavaThread "jar transforms Thread 113" [_thread_blocked, id=9548, stack(0x00000000299f0000,0x0000000029af0000)]
  0x000000001b11e800 JavaThread "jar transforms Thread 112" [_thread_blocked, id=1244, stack(0x00000000298f0000,0x00000000299f0000)]
  0x000000001b124800 JavaThread "jar transforms Thread 111" [_thread_blocked, id=13224, stack(0x00000000297f0000,0x00000000298f0000)]
  0x000000001b123800 JavaThread "jar transforms Thread 110" [_thread_blocked, id=6580, stack(0x00000000296f0000,0x00000000297f0000)]
  0x000000001b123000 JavaThread "jar transforms Thread 109" [_thread_blocked, id=17064, stack(0x00000000295f0000,0x00000000296f0000)]
  0x000000001b120800 JavaThread "jar transforms Thread 108" [_thread_blocked, id=10768, stack(0x00000000294f0000,0x00000000295f0000)]
  0x000000001b11d000 JavaThread "jar transforms Thread 107" [_thread_blocked, id=6464, stack(0x00000000293f0000,0x00000000294f0000)]
  0x000000001b120000 JavaThread "jar transforms Thread 106" [_thread_blocked, id=6560, stack(0x00000000292f0000,0x00000000293f0000)]
  0x000000001b122000 JavaThread "jar transforms Thread 105" [_thread_blocked, id=6752, stack(0x00000000291f0000,0x00000000292f0000)]
  0x000000001b121800 JavaThread "jar transforms Thread 104" [_thread_blocked, id=3288, stack(0x00000000290f0000,0x00000000291f0000)]
  0x000000001b11f000 JavaThread "jar transforms Thread 103" [_thread_blocked, id=10496, stack(0x0000000028ff0000,0x00000000290f0000)]
  0x000000001e320000 JavaThread "jar transforms Thread 102" [_thread_blocked, id=14108, stack(0x0000000028ef0000,0x0000000028ff0000)]
  0x000000001e31e800 JavaThread "jar transforms Thread 101" [_thread_blocked, id=16816, stack(0x0000000028df0000,0x0000000028ef0000)]
  0x000000001e31f000 JavaThread "jar transforms Thread 100" [_thread_blocked, id=16304, stack(0x0000000028cf0000,0x0000000028df0000)]
  0x000000001e320800 JavaThread "jar transforms Thread 99" [_thread_blocked, id=12904, stack(0x0000000028bf0000,0x0000000028cf0000)]
  0x000000001e31d800 JavaThread "jar transforms Thread 98" [_thread_blocked, id=16676, stack(0x0000000028af0000,0x0000000028bf0000)]
  0x000000001e31d000 JavaThread "jar transforms Thread 97" [_thread_blocked, id=11720, stack(0x00000000289f0000,0x0000000028af0000)]
  0x000000001e315800 JavaThread "jar transforms Thread 96" [_thread_blocked, id=14292, stack(0x00000000288f0000,0x00000000289f0000)]
  0x000000001e31b800 JavaThread "jar transforms Thread 95" [_thread_blocked, id=15456, stack(0x00000000287f0000,0x00000000288f0000)]
  0x000000001e31a800 JavaThread "jar transforms Thread 94" [_thread_blocked, id=3168, stack(0x00000000286f0000,0x00000000287f0000)]
  0x000000001e31c000 JavaThread "jar transforms Thread 93" [_thread_blocked, id=13184, stack(0x00000000285f0000,0x00000000286f0000)]
  0x000000001e31a000 JavaThread "jar transforms Thread 92" [_thread_blocked, id=17364, stack(0x00000000284f0000,0x00000000285f0000)]
  0x000000001e319000 JavaThread "jar transforms Thread 91" [_thread_blocked, id=6428, stack(0x00000000283f0000,0x00000000284f0000)]
  0x000000001e311800 JavaThread "jar transforms Thread 90" [_thread_blocked, id=2624, stack(0x00000000282f0000,0x00000000283f0000)]
  0x000000001e318800 JavaThread "jar transforms Thread 89" [_thread_blocked, id=328, stack(0x00000000281f0000,0x00000000282f0000)]
  0x000000001e312800 JavaThread "jar transforms Thread 88" [_thread_blocked, id=6876, stack(0x00000000280f0000,0x00000000281f0000)]
  0x000000001e317800 JavaThread "jar transforms Thread 87" [_thread_blocked, id=16436, stack(0x0000000027ff0000,0x00000000280f0000)]
  0x000000001e316000 JavaThread "jar transforms Thread 86" [_thread_blocked, id=14164, stack(0x0000000027ef0000,0x0000000027ff0000)]
  0x000000001e317000 JavaThread "jar transforms Thread 85" [_thread_blocked, id=12872, stack(0x0000000027df0000,0x0000000027ef0000)]
  0x000000001e314800 JavaThread "jar transforms Thread 84" [_thread_blocked, id=2384, stack(0x0000000027cf0000,0x0000000027df0000)]
  0x000000001e314000 JavaThread "jar transforms Thread 83" [_thread_blocked, id=11740, stack(0x0000000027bf0000,0x0000000027cf0000)]
  0x000000001e313000 JavaThread "jar transforms Thread 82" [_thread_blocked, id=7352, stack(0x0000000027af0000,0x0000000027bf0000)]
  0x000000001e028800 JavaThread "jar transforms Thread 81" [_thread_blocked, id=12548, stack(0x00000000279f0000,0x0000000027af0000)]
  0x000000001e027000 JavaThread "jar transforms Thread 80" [_thread_blocked, id=16376, stack(0x00000000278f0000,0x00000000279f0000)]
  0x000000001e026800 JavaThread "jar transforms Thread 79" [_thread_blocked, id=5172, stack(0x00000000277f0000,0x00000000278f0000)]
  0x000000001e02c800 JavaThread "jar transforms Thread 78" [_thread_blocked, id=9592, stack(0x00000000276f0000,0x00000000277f0000)]
  0x000000001e02c000 JavaThread "jar transforms Thread 77" [_thread_blocked, id=6540, stack(0x00000000275f0000,0x00000000276f0000)]
  0x000000001e02d800 JavaThread "jar transforms Thread 76" [_thread_blocked, id=3980, stack(0x00000000274f0000,0x00000000275f0000)]
  0x000000001e025000 JavaThread "jar transforms Thread 75" [_thread_blocked, id=5972, stack(0x00000000272f0000,0x00000000273f0000)]
  0x000000001e025800 JavaThread "jar transforms Thread 74" [_thread_blocked, id=9256, stack(0x00000000271f0000,0x00000000272f0000)]
  0x000000001e029800 JavaThread "jar transforms Thread 73" [_thread_blocked, id=9844, stack(0x00000000270f0000,0x00000000271f0000)]
  0x000000001e02b000 JavaThread "jar transforms Thread 72" [_thread_blocked, id=9092, stack(0x0000000026ff0000,0x00000000270f0000)]
  0x000000001e023800 JavaThread "jar transforms Thread 71" [_thread_blocked, id=3956, stack(0x0000000026ef0000,0x0000000026ff0000)]
  0x000000001e02a800 JavaThread "jar transforms Thread 70" [_thread_blocked, id=15800, stack(0x0000000026df0000,0x0000000026ef0000)]
  0x000000001e028000 JavaThread "jar transforms Thread 69" [_thread_blocked, id=3828, stack(0x0000000026cf0000,0x0000000026df0000)]
  0x000000001e01e000 JavaThread "jar transforms Thread 68" [_thread_blocked, id=5564, stack(0x0000000026bf0000,0x0000000026cf0000)]
  0x000000001e022800 JavaThread "jar transforms Thread 67" [_thread_blocked, id=452, stack(0x0000000026af0000,0x0000000026bf0000)]
  0x000000001e020800 JavaThread "jar transforms Thread 66" [_thread_blocked, id=11536, stack(0x00000000269f0000,0x0000000026af0000)]
  0x000000001e024000 JavaThread "jar transforms Thread 65" [_thread_blocked, id=15188, stack(0x00000000268f0000,0x00000000269f0000)]
  0x000000001e01f800 JavaThread "jar transforms Thread 64" [_thread_blocked, id=3496, stack(0x00000000267f0000,0x00000000268f0000)]
  0x000000001e01f000 JavaThread "jar transforms Thread 63" [_thread_blocked, id=3088, stack(0x00000000266f0000,0x00000000267f0000)]
  0x000000001e022000 JavaThread "jar transforms Thread 62" [_thread_blocked, id=8076, stack(0x00000000265f0000,0x00000000266f0000)]
  0x000000001e021000 JavaThread "jar transforms Thread 61" [_thread_blocked, id=12096, stack(0x00000000264f0000,0x00000000265f0000)]
  0x000000001a0ce800 JavaThread "jar transforms Thread 60" [_thread_blocked, id=14188, stack(0x00000000263f0000,0x00000000264f0000)]
  0x000000001a0cd800 JavaThread "jar transforms Thread 59" [_thread_blocked, id=9156, stack(0x00000000262f0000,0x00000000263f0000)]
  0x000000001a0cc000 JavaThread "jar transforms Thread 58" [_thread_blocked, id=14552, stack(0x00000000261f0000,0x00000000262f0000)]
  0x000000001a0cb800 JavaThread "jar transforms Thread 57" [_thread_blocked, id=15712, stack(0x00000000260f0000,0x00000000261f0000)]
  0x000000001a0cd000 JavaThread "jar transforms Thread 56" [_thread_blocked, id=14312, stack(0x0000000025ff0000,0x00000000260f0000)]
  0x000000001a0d0000 JavaThread "jar transforms Thread 55" [_thread_blocked, id=13108, stack(0x0000000025ef0000,0x0000000025ff0000)]
  0x000000001a0ca800 JavaThread "jar transforms Thread 54" [_thread_blocked, id=16684, stack(0x0000000025df0000,0x0000000025ef0000)]
  0x000000001a0ca000 JavaThread "jar transforms Thread 53" [_thread_blocked, id=8364, stack(0x0000000025cf0000,0x0000000025df0000)]
  0x000000001a0cf000 JavaThread "jar transforms Thread 52" [_thread_blocked, id=8112, stack(0x0000000025bf0000,0x0000000025cf0000)]
  0x000000001a0c2800 JavaThread "jar transforms Thread 51" [_thread_blocked, id=4744, stack(0x0000000025af0000,0x0000000025bf0000)]
  0x000000001a0c9000 JavaThread "jar transforms Thread 50" [_thread_blocked, id=10880, stack(0x00000000259f0000,0x0000000025af0000)]
  0x000000001a0c1800 JavaThread "jar transforms Thread 49" [_thread_blocked, id=6184, stack(0x00000000258f0000,0x00000000259f0000)]
  0x000000001a0c8800 JavaThread "jar transforms Thread 48" [_thread_blocked, id=6680, stack(0x00000000257f0000,0x00000000258f0000)]
  0x000000001a0c1000 JavaThread "jar transforms Thread 47" [_thread_blocked, id=11060, stack(0x00000000256f0000,0x00000000257f0000)]
  0x000000001a0c7800 JavaThread "jar transforms Thread 46" [_thread_blocked, id=9232, stack(0x00000000255f0000,0x00000000256f0000)]
  0x000000001a0c7000 JavaThread "jar transforms Thread 45" [_thread_blocked, id=8548, stack(0x00000000254f0000,0x00000000255f0000)]
  0x000000001a0c5800 JavaThread "jar transforms Thread 44" [_thread_blocked, id=8688, stack(0x00000000253f0000,0x00000000254f0000)]
  0x000000001a0c4000 JavaThread "jar transforms Thread 43" [_thread_blocked, id=9540, stack(0x00000000252f0000,0x00000000253f0000)]
  0x000000001a0c3000 JavaThread "jar transforms Thread 42" [_thread_blocked, id=2944, stack(0x00000000251f0000,0x00000000252f0000)]
  0x000000001a0c4800 JavaThread "jar transforms Thread 41" [_thread_blocked, id=16136, stack(0x00000000250f0000,0x00000000251f0000)]
  0x000000001a0c6000 JavaThread "jar transforms Thread 40" [_thread_blocked, id=12480, stack(0x0000000024ff0000,0x00000000250f0000)]
  0x000000001a378000 JavaThread "jar transforms Thread 39" [_thread_blocked, id=13408, stack(0x0000000024ef0000,0x0000000024ff0000)]
  0x000000001a37f000 JavaThread "jar transforms Thread 38" [_thread_blocked, id=11496, stack(0x0000000024df0000,0x0000000024ef0000)]
  0x000000001a379800 JavaThread "jar transforms Thread 37" [_thread_blocked, id=7632, stack(0x0000000024cf0000,0x0000000024df0000)]
  0x000000001a377800 JavaThread "jar transforms Thread 36" [_thread_blocked, id=7696, stack(0x0000000024bf0000,0x0000000024cf0000)]
  0x000000001a379000 JavaThread "jar transforms Thread 35" [_thread_blocked, id=9632, stack(0x0000000024af0000,0x0000000024bf0000)]
  0x000000001a37e000 JavaThread "jar transforms Thread 34" [_thread_blocked, id=14248, stack(0x00000000249f0000,0x0000000024af0000)]
  0x000000001a37c000 JavaThread "jar transforms Thread 33" [_thread_blocked, id=15352, stack(0x00000000248f0000,0x00000000249f0000)]
  0x000000001a37d800 JavaThread "jar transforms Thread 32" [_thread_blocked, id=8316, stack(0x00000000247f0000,0x00000000248f0000)]
  0x000000001a37b000 JavaThread "jar transforms Thread 31" [_thread_blocked, id=9304, stack(0x00000000246f0000,0x00000000247f0000)]
  0x000000001a37a800 JavaThread "jar transforms Thread 30" [_thread_blocked, id=11300, stack(0x00000000245f0000,0x00000000246f0000)]
  0x000000001a37c800 JavaThread "jar transforms Thread 29" [_thread_blocked, id=2988, stack(0x00000000244f0000,0x00000000245f0000)]
  0x000000001a371000 JavaThread "jar transforms Thread 28" [_thread_blocked, id=2884, stack(0x00000000243f0000,0x00000000244f0000)]
  0x000000001a36f800 JavaThread "jar transforms Thread 27" [_thread_blocked, id=11004, stack(0x00000000242f0000,0x00000000243f0000)]
  0x000000001a376800 JavaThread "jar transforms Thread 26" [_thread_blocked, id=7888, stack(0x00000000241f0000,0x00000000242f0000)]
  0x000000001a373800 JavaThread "jar transforms Thread 25" [_thread_blocked, id=4884, stack(0x00000000240f0000,0x00000000241f0000)]
  0x000000001a376000 JavaThread "jar transforms Thread 24" [_thread_blocked, id=6832, stack(0x0000000023ff0000,0x00000000240f0000)]
  0x000000001a375000 JavaThread "jar transforms Thread 23" [_thread_blocked, id=17224, stack(0x0000000023ef0000,0x0000000023ff0000)]
  0x000000001a372000 JavaThread "jar transforms Thread 22" [_thread_blocked, id=3916, stack(0x0000000023df0000,0x0000000023ef0000)]
  0x000000001a374800 JavaThread "jar transforms Thread 21" [_thread_blocked, id=12372, stack(0x0000000023cf0000,0x0000000023df0000)]
  0x000000001a373000 JavaThread "jar transforms Thread 20" [_thread_blocked, id=4976, stack(0x0000000023bf0000,0x0000000023cf0000)]
  0x000000001a370800 JavaThread "jar transforms Thread 19" [_thread_blocked, id=10132, stack(0x0000000023af0000,0x0000000023bf0000)]
  0x0000000019aff800 JavaThread "jar transforms Thread 18" [_thread_blocked, id=10924, stack(0x00000000239f0000,0x0000000023af0000)]
  0x0000000019b05000 JavaThread "jar transforms Thread 17" [_thread_blocked, id=8920, stack(0x00000000238f0000,0x00000000239f0000)]
  0x0000000019b06800 JavaThread "jar transforms Thread 16" [_thread_blocked, id=8692, stack(0x00000000237f0000,0x00000000238f0000)]
  0x0000000019b05800 JavaThread "jar transforms Thread 15" [_thread_blocked, id=10948, stack(0x00000000236f0000,0x00000000237f0000)]
  0x0000000019b02800 JavaThread "jar transforms Thread 14" [_thread_blocked, id=11384, stack(0x00000000235f0000,0x00000000236f0000)]
  0x0000000019b04000 JavaThread "jar transforms Thread 13" [_thread_blocked, id=9208, stack(0x00000000234f0000,0x00000000235f0000)]
  0x0000000019b02000 JavaThread "jar transforms Thread 12" [_thread_blocked, id=8416, stack(0x00000000233f0000,0x00000000234f0000)]
  0x0000000019b01000 JavaThread "jar transforms Thread 11" [_thread_blocked, id=7972, stack(0x00000000232f0000,0x00000000233f0000)]
  0x0000000019b00800 JavaThread "jar transforms Thread 10" [_thread_blocked, id=7040, stack(0x00000000231f0000,0x00000000232f0000)]
  0x0000000019b03800 JavaThread "jar transforms Thread 9" [_thread_blocked, id=2408, stack(0x00000000230f0000,0x00000000231f0000)]
  0x0000000019310800 JavaThread "jar transforms Thread 8" [_thread_blocked, id=5288, stack(0x0000000022ff0000,0x00000000230f0000)]
  0x0000000019313800 JavaThread "jar transforms Thread 7" [_thread_blocked, id=7224, stack(0x0000000022ef0000,0x0000000022ff0000)]
  0x000000001930c000 JavaThread "jar transforms Thread 6" [_thread_blocked, id=6388, stack(0x0000000022df0000,0x0000000022ef0000)]
  0x0000000019313000 JavaThread "jar transforms Thread 5" [_thread_blocked, id=15404, stack(0x0000000022cf0000,0x0000000022df0000)]
  0x0000000019310000 JavaThread "jar transforms Thread 4" [_thread_blocked, id=10732, stack(0x0000000022bf0000,0x0000000022cf0000)]
  0x0000000019312000 JavaThread "jar transforms Thread 3" [_thread_blocked, id=5552, stack(0x0000000022af0000,0x0000000022bf0000)]
  0x0000000019311800 JavaThread "jar transforms Thread 2" [_thread_blocked, id=5196, stack(0x00000000229f0000,0x0000000022af0000)]
  0x0000000019308000 JavaThread "Build operations Thread 8" [_thread_blocked, id=7692, stack(0x00000000228f0000,0x00000000229f0000)]
  0x000000001930a800 JavaThread "Build operations Thread 7" [_thread_blocked, id=4172, stack(0x00000000227f0000,0x00000000228f0000)]
  0x000000001930c800 JavaThread "Build operations Thread 6" [_thread_blocked, id=3944, stack(0x00000000226f0000,0x00000000227f0000)]
  0x000000001930f000 JavaThread "Build operations Thread 5" [_thread_blocked, id=6308, stack(0x00000000225f0000,0x00000000226f0000)]
  0x000000001930d800 JavaThread "Build operations Thread 4" [_thread_blocked, id=9032, stack(0x00000000224f0000,0x00000000225f0000)]
  0x000000001930e800 JavaThread "Build operations Thread 3" [_thread_blocked, id=1348, stack(0x00000000223f0000,0x00000000224f0000)]
  0x0000000019309000 JavaThread "Build operations Thread 2" [_thread_blocked, id=14668, stack(0x00000000222f0000,0x00000000223f0000)]
  0x000000001930b000 JavaThread "Build operations" [_thread_blocked, id=4796, stack(0x00000000221f0000,0x00000000222f0000)]
  0x0000000019304800 JavaThread "Cache worker for Build Output Cleanup Cache (C:\AndroidStudioProjects\flutter_app\android\.gradle\buildOutputCleanup)" [_thread_blocked, id=4700, stack(0x0000000021c40000,0x0000000021d40000)]
  0x000000001af85800 JavaThread "Cache worker for file content cache (C:\Users\johnz\.gradle\caches\6.7\fileContent)" [_thread_blocked, id=12840, stack(0x0000000020770000,0x0000000020870000)]
  0x000000001af8b800 JavaThread "jar transforms" [_thread_blocked, id=15376, stack(0x0000000020670000,0x0000000020770000)]
  0x000000001af8b000 JavaThread "Cache worker for execution history cache (C:\Users\johnz\.gradle\caches\6.7\executionHistory)" [_thread_blocked, id=15748, stack(0x000000001ff70000,0x0000000020070000)]
  0x000000001af8a000 JavaThread "Cache worker for cache directory md-rule (C:\Users\johnz\.gradle\caches\6.7\md-rule)" [_thread_blocked, id=13840, stack(0x000000001f9b0000,0x000000001fab0000)]
  0x000000001af88800 JavaThread "Cache worker for cache directory md-supplier (C:\Users\johnz\.gradle\caches\6.7\md-supplier)" [_thread_blocked, id=12200, stack(0x000000001e630000,0x000000001e730000)]
  0x000000001af88000 JavaThread "Cache worker for checksums cache (C:\AndroidStudioProjects\flutter_app\android\.gradle\checksums)" [_thread_blocked, id=16088, stack(0x000000001e530000,0x000000001e630000)]
  0x000000001af8c800 JavaThread "Cache worker for file hash cache (C:\AndroidStudioProjects\flutter_app\android\.gradle\6.7\fileHashes)" [_thread_blocked, id=3052, stack(0x000000001e430000,0x000000001e530000)]
  0x000000001af87000 JavaThread "Cache worker for journal cache (C:\Users\johnz\.gradle\caches\journal-1)" [_thread_blocked, id=7300, stack(0x000000001d360000,0x000000001d460000)]
  0x000000001af86800 JavaThread "File lock request listener" [_thread_in_native, id=3200, stack(0x000000001d260000,0x000000001d360000)]
  0x000000001af89800 JavaThread "Cache worker for file hash cache (C:\Users\johnz\.gradle\caches\6.7\fileHashes)" [_thread_blocked, id=16068, stack(0x000000001d160000,0x000000001d260000)]
  0x000000001ae38800 JavaThread "Thread-9" [_thread_blocked, id=15792, stack(0x000000001ce60000,0x000000001cf60000)]
  0x000000001ae37000 JavaThread "Stdin handler" [_thread_blocked, id=11412, stack(0x000000001cd60000,0x000000001ce60000)]
  0x000000001ae39000 JavaThread "Asynchronous log dispatcher for DefaultDaemonConnection: socket connection from /127.0.0.1:49592 to /127.0.0.1:49593" [_thread_blocked, id=7664, stack(0x000000001cc60000,0x000000001cd60000)]
  0x000000001ae3c000 JavaThread "Daemon worker" [_thread_in_native, id=16208, stack(0x000000001cb60000,0x000000001cc60000)]
  0x000000001ae36000 JavaThread "Cancel handler" [_thread_blocked, id=13396, stack(0x000000001c960000,0x000000001ca60000)]
  0x000000001ae3b800 JavaThread "Handler for socket connection from /127.0.0.1:49592 to /127.0.0.1:49593" [_thread_in_native, id=9812, stack(0x000000001c860000,0x000000001c960000)]
  0x000000001ae3a800 JavaThread "Daemon" [_thread_blocked, id=10472, stack(0x000000001c560000,0x000000001c660000)]
  0x000000001ae35800 JavaThread "Daemon periodic checks" [_thread_blocked, id=1316, stack(0x000000001c460000,0x000000001c560000)]
  0x000000001ae3a000 JavaThread "Incoming local TCP Connector on port 49592" [_thread_in_native, id=11492, stack(0x000000001c220000,0x000000001c320000)]
  0x000000001ae37800 JavaThread "Daemon health stats" [_thread_blocked, id=13012, stack(0x000000001bbe0000,0x000000001bce0000)]
  0x00000000183fa000 JavaThread "Service Thread" daemon [_thread_blocked, id=6780, stack(0x0000000019040000,0x0000000019140000)]
  0x0000000018386000 JavaThread "C1 CompilerThread3" daemon [_thread_blocked, id=6600, stack(0x0000000018f40000,0x0000000019040000)]
  0x000000001837b000 JavaThread "C2 CompilerThread2" daemon [_thread_blocked, id=7020, stack(0x0000000018e40000,0x0000000018f40000)]
=>0x0000000018377000 JavaThread "C2 CompilerThread1" daemon [_thread_in_native, id=1680, stack(0x0000000018d40000,0x0000000018e40000)]
  0x0000000018374000 JavaThread "C2 CompilerThread0" daemon [_thread_in_native, id=8504, stack(0x0000000018c40000,0x0000000018d40000)]
  0x0000000018371800 JavaThread "Attach Listener" daemon [_thread_blocked, id=14900, stack(0x0000000018b40000,0x0000000018c40000)]
  0x0000000018371000 JavaThread "Signal Dispatcher" daemon [_thread_blocked, id=15304, stack(0x0000000018a40000,0x0000000018b40000)]
  0x000000000279e000 JavaThread "Finalizer" daemon [_thread_blocked, id=11012, stack(0x0000000018840000,0x0000000018940000)]
  0x0000000002797000 JavaThread "Reference Handler" daemon [_thread_blocked, id=9100, stack(0x0000000018740000,0x0000000018840000)]
  0x00000000026a2800 JavaThread "main" [_thread_blocked, id=7200, stack(0x00000000024d0000,0x00000000025d0000)]

Other Threads:
  0x0000000016556800 VMThread [stack: 0x0000000018240000,0x0000000018340000] [id=12040]
  0x00000000183fa800 WatcherThread [stack: 0x0000000019140000,0x0000000019240000] [id=16008]

VM state:not at safepoint (normal execution)

VM Mutex/Monitor currently owned by a thread: None

heap address: 0x00000000a0000000, size: 1536 MB, Compressed Oops mode: 32-bit
Narrow klass base: 0x0000000000000000, Narrow klass shift: 3
Compressed class space size: 1073741824 Address: 0x0000000100000000

Heap:
 PSYoungGen      total 96256K, used 19074K [0x00000000e0000000, 0x00000000e7380000, 0x0000000100000000)
  eden space 87040K, 16% used [0x00000000e0000000,0x00000000e0db0e10,0x00000000e5500000)
  from space 9216K, 54% used [0x00000000e6180000,0x00000000e666fb20,0x00000000e6a80000)
  to   space 8192K, 0% used [0x00000000e6b80000,0x00000000e6b80000,0x00000000e7380000)
 ParOldGen       total 54784K, used 15217K [0x00000000a0000000, 0x00000000a3580000, 0x00000000e0000000)
  object space 54784K, 27% used [0x00000000a0000000,0x00000000a0edc510,0x00000000a3580000)
 Metaspace       used 37340K, capacity 38824K, committed 39040K, reserved 1083392K
  class space    used 5113K, capacity 5431K, committed 5504K, reserved 1048576K

Card table byte_map: [0x0000000011b60000,0x0000000011e70000] byte_map_base: 0x0000000011660000

Marking Bits: (ParMarkBitMap*) 0x000000005702f030
 Begin Bits: [0x0000000012870000, 0x0000000014070000)
 End Bits:   [0x0000000014070000, 0x0000000015870000)

Polling page: 0x0000000000780000

CodeCache: size=245760Kb used=13296Kb max_used=13302Kb free=232463Kb
 bounds [0x00000000027a0000, 0x00000000034b0000, 0x00000000117a0000]
 total_blobs=4557 nmethods=3835 adapters=634
 compilation: enabled

Compilation events (10 events):
Event: 6.439 Thread 0x0000000018386000 nmethod 3870 0x000000000349f510 code [0x000000000349f6a0, 0x000000000349fb38]
Event: 6.439 Thread 0x000000001837b000 nmethod 3867% 0x000000000349b2d0 code [0x000000000349b420, 0x000000000349b5b8]
Event: 6.439 Thread 0x0000000018386000 3871       3       org.gradle.cache.internal.filelock.DefaultLockStateSerializer$SequenceNumberLockState::access$100 (5 bytes)
Event: 6.439 Thread 0x0000000018386000 nmethod 3871 0x000000000349f1d0 code [0x000000000349f320, 0x000000000349f450]
Event: 6.439 Thread 0x0000000018386000 3872       3       org.gradle.cache.internal.filelock.DefaultLockStateSerializer$SequenceNumberLockState::access$200 (5 bytes)
Event: 6.439 Thread 0x0000000018386000 nmethod 3872 0x000000000349ee90 code [0x000000000349efe0, 0x000000000349f110]
Event: 6.439 Thread 0x0000000018386000 3873       3       java.io.RandomAccessFile::write (9 bytes)
Event: 6.439 Thread 0x0000000018386000 nmethod 3873 0x00000000034a45d0 code [0x00000000034a4740, 0x00000000034a48c8]
Event: 6.439 Thread 0x0000000018386000 3874       3       org.gradle.cache.internal.btree.FileBackedBlockStore::attach (21 bytes)
Event: 6.439 Thread 0x0000000018386000 nmethod 3874 0x00000000034a3c90 code [0x00000000034a3e20, 0x00000000034a43d0]

GC Heap History (10 events):
Event: 3.950 GC heap before
{Heap before GC invocations=11 (full 1):
 PSYoungGen      total 70656K, used 63488K [0x00000000e0000000, 0x00000000e7380000, 0x0000000100000000)
  eden space 63488K, 100% used [0x00000000e0000000,0x00000000e3e00000,0x00000000e3e00000)
  from space 7168K, 0% used [0x00000000e3e00000,0x00000000e3e00000,0x00000000e4500000)
  to   space 8192K, 0% used [0x00000000e6b80000,0x00000000e6b80000,0x00000000e7380000)
 ParOldGen       total 35840K, used 10505K [0x00000000a0000000, 0x00000000a2300000, 0x00000000e0000000)
  object space 35840K, 29% used [0x00000000a0000000,0x00000000a0a42448,0x00000000a2300000)
 Metaspace       used 28484K, capacity 29314K, committed 29440K, reserved 1075200K
  class space    used 4008K, capacity 4254K, committed 4352K, reserved 1048576K
Event: 3.959 GC heap after
Heap after GC invocations=11 (full 1):
 PSYoungGen      total 95232K, used 8169K [0x00000000e0000000, 0x00000000e7380000, 0x0000000100000000)
  eden space 87040K, 0% used [0x00000000e0000000,0x00000000e0000000,0x00000000e5500000)
  from space 8192K, 99% used [0x00000000e6b80000,0x00000000e737a530,0x00000000e7380000)
  to   space 9216K, 0% used [0x00000000e6180000,0x00000000e6180000,0x00000000e6a80000)
 ParOldGen       total 35840K, used 10648K [0x00000000a0000000, 0x00000000a2300000, 0x00000000e0000000)
  object space 35840K, 29% used [0x00000000a0000000,0x00000000a0a66218,0x00000000a2300000)
 Metaspace       used 28484K, capacity 29314K, committed 29440K, reserved 1075200K
  class space    used 4008K, capacity 4254K, committed 4352K, reserved 1048576K
}
Event: 4.821 GC heap before
{Heap before GC invocations=12 (full 1):
 PSYoungGen      total 95232K, used 95209K [0x00000000e0000000, 0x00000000e7380000, 0x0000000100000000)
  eden space 87040K, 100% used [0x00000000e0000000,0x00000000e5500000,0x00000000e5500000)
  from space 8192K, 99% used [0x00000000e6b80000,0x00000000e737a530,0x00000000e7380000)
  to   space 9216K, 0% used [0x00000000e6180000,0x00000000e6180000,0x00000000e6a80000)
 ParOldGen       total 35840K, used 10648K [0x00000000a0000000, 0x00000000a2300000, 0x00000000e0000000)
  object space 35840K, 29% used [0x00000000a0000000,0x00000000a0a66218,0x00000000a2300000)
 Metaspace       used 33847K, capacity 34962K, committed 35200K, reserved 1079296K
  class space    used 4632K, capacity 4892K, committed 4992K, reserved 1048576K
Event: 4.837 GC heap after
Heap after GC invocations=12 (full 1):
 PSYoungGen      total 96256K, used 8041K [0x00000000e0000000, 0x00000000e7380000, 0x0000000100000000)
  eden space 87040K, 0% used [0x00000000e0000000,0x00000000e0000000,0x00000000e5500000)
  from space 9216K, 87% used [0x00000000e6180000,0x00000000e695a588,0x00000000e6a80000)
  to   space 8192K, 0% used [0x00000000e6b80000,0x00000000e6b80000,0x00000000e7380000)
 ParOldGen       total 35840K, used 14056K [0x00000000a0000000, 0x00000000a2300000, 0x00000000e0000000)
  object space 35840K, 39% used [0x00000000a0000000,0x00000000a0dba248,0x00000000a2300000)
 Metaspace       used 33847K, capacity 34962K, committed 35200K, reserved 1079296K
  class space    used 4632K, capacity 4892K, committed 4992K, reserved 1048576K
}
Event: 4.920 GC heap before
{Heap before GC invocations=13 (full 1):
 PSYoungGen      total 96256K, used 17525K [0x00000000e0000000, 0x00000000e7380000, 0x0000000100000000)
  eden space 87040K, 10% used [0x00000000e0000000,0x00000000e0943198,0x00000000e5500000)
  from space 9216K, 87% used [0x00000000e6180000,0x00000000e695a588,0x00000000e6a80000)
  to   space 8192K, 0% used [0x00000000e6b80000,0x00000000e6b80000,0x00000000e7380000)
 ParOldGen       total 35840K, used 14056K [0x00000000a0000000, 0x00000000a2300000, 0x00000000e0000000)
  object space 35840K, 39% used [0x00000000a0000000,0x00000000a0dba248,0x00000000a2300000)
 Metaspace       used 34292K, capacity 35354K, committed 35456K, reserved 1079296K
  class space    used 4699K, capacity 4932K, committed 4992K, reserved 1048576K
Event: 4.926 GC heap after
Heap after GC invocations=13 (full 1):
 PSYoungGen      total 95232K, used 768K [0x00000000e0000000, 0x00000000e7380000, 0x0000000100000000)
  eden space 87040K, 0% used [0x00000000e0000000,0x00000000e0000000,0x00000000e5500000)
  from space 8192K, 9% used [0x00000000e6b80000,0x00000000e6c40000,0x00000000e7380000)
  to   space 9216K, 0% used [0x00000000e6180000,0x00000000e6180000,0x00000000e6a80000)
 ParOldGen       total 35840K, used 18336K [0x00000000a0000000, 0x00000000a2300000, 0x00000000e0000000)
  object space 35840K, 51% used [0x00000000a0000000,0x00000000a11e8148,0x00000000a2300000)
 Metaspace       used 34292K, capacity 35354K, committed 35456K, reserved 1079296K
  class space    used 4699K, capacity 4932K, committed 4992K, reserved 1048576K
}
Event: 4.926 GC heap before
{Heap before GC invocations=14 (full 2):
 PSYoungGen      total 95232K, used 768K [0x00000000e0000000, 0x00000000e7380000, 0x0000000100000000)
  eden space 87040K, 0% used [0x00000000e0000000,0x00000000e0000000,0x00000000e5500000)
  from space 8192K, 9% used [0x00000000e6b80000,0x00000000e6c40000,0x00000000e7380000)
  to   space 9216K, 0% used [0x00000000e6180000,0x00000000e6180000,0x00000000e6a80000)
 ParOldGen       total 35840K, used 18336K [0x00000000a0000000, 0x00000000a2300000, 0x00000000e0000000)
  object space 35840K, 51% used [0x00000000a0000000,0x00000000a11e8148,0x00000000a2300000)
 Metaspace       used 34292K, capacity 35354K, committed 35456K, reserved 1079296K
  class space    used 4699K, capacity 4932K, committed 4992K, reserved 1048576K
Event: 5.025 GC heap after
Heap after GC invocations=14 (full 2):
 PSYoungGen      total 95232K, used 0K [0x00000000e0000000, 0x00000000e7380000, 0x0000000100000000)
  eden space 87040K, 0% used [0x00000000e0000000,0x00000000e0000000,0x00000000e5500000)
  from space 8192K, 0% used [0x00000000e6b80000,0x00000000e6b80000,0x00000000e7380000)
  to   space 9216K, 0% used [0x00000000e6180000,0x00000000e6180000,0x00000000e6a80000)
 ParOldGen       total 54784K, used 15209K [0x00000000a0000000, 0x00000000a3580000, 0x00000000e0000000)
  object space 54784K, 27% used [0x00000000a0000000,0x00000000a0eda510,0x00000000a3580000)
 Metaspace       used 34292K, capacity 35354K, committed 35456K, reserved 1079296K
  class space    used 4699K, capacity 4932K, committed 4992K, reserved 1048576K
}
Event: 6.349 GC heap before
{Heap before GC invocations=15 (full 2):
 PSYoungGen      total 95232K, used 87040K [0x00000000e0000000, 0x00000000e7380000, 0x0000000100000000)
  eden space 87040K, 100% used [0x00000000e0000000,0x00000000e5500000,0x00000000e5500000)
  from space 8192K, 0% used [0x00000000e6b80000,0x00000000e6b80000,0x00000000e7380000)
  to   space 9216K, 0% used [0x00000000e6180000,0x00000000e6180000,0x00000000e6a80000)
 ParOldGen       total 54784K, used 15209K [0x00000000a0000000, 0x00000000a3580000, 0x00000000e0000000)
  object space 54784K, 27% used [0x00000000a0000000,0x00000000a0eda510,0x00000000a3580000)
 Metaspace       used 37283K, capacity 38748K, committed 39040K, reserved 1083392K
  class space    used 5110K, capacity 5429K, committed 5504K, reserved 1048576K
Event: 6.357 GC heap after
Heap after GC invocations=15 (full 2):
 PSYoungGen      total 96256K, used 5054K [0x00000000e0000000, 0x00000000e7380000, 0x0000000100000000)
  eden space 87040K, 0% used [0x00000000e0000000,0x00000000e0000000,0x00000000e5500000)
  from space 9216K, 54% used [0x00000000e6180000,0x00000000e666fb20,0x00000000e6a80000)
  to   space 8192K, 0% used [0x00000000e6b80000,0x00000000e6b80000,0x00000000e7380000)
 ParOldGen       total 54784K, used 15217K [0x00000000a0000000, 0x00000000a3580000, 0x00000000e0000000)
  object space 54784K, 27% used [0x00000000a0000000,0x00000000a0edc510,0x00000000a3580000)
 Metaspace       used 37283K, capacity 38748K, committed 39040K, reserved 1083392K
  class space    used 5110K, capacity 5429K, committed 5504K, reserved 1048576K
}

Deoptimization events (10 events):
Event: 4.528 Thread 0x000000001ae3c000 Uncommon trap: reason=unstable_if action=reinterpret pc=0x0000000002ec28c0 method=org.objectweb.asm.ByteVector.putShort(I)Lorg/objectweb/asm/ByteVector; @ 13
Event: 4.712 Thread 0x000000001ae3c000 Uncommon trap: reason=class_check action=maybe_recompile pc=0x0000000002f104e8 method=java.util.WeakHashMap.eq(Ljava/lang/Object;Ljava/lang/Object;)Z @ 7
Event: 4.776 Thread 0x000000001ae3c000 Uncommon trap: reason=range_check action=make_not_entrant pc=0x0000000003194ea4 method=java.lang.String.charAt(I)C @ 27
Event: 5.341 Thread 0x000000001ae3c000 Uncommon trap: reason=unstable_if action=reinterpret pc=0x0000000002affad0 method=java.util.regex.Pattern.has(I)Z @ 6
Event: 5.811 Thread 0x000000001ae3c000 Uncommon trap: reason=unstable_if action=reinterpret pc=0x0000000002b9d834 method=java.lang.String.lastIndexOf([CII[CIII)I @ 118
Event: 5.869 Thread 0x000000001930a800 Uncommon trap: reason=class_check action=maybe_recompile pc=0x0000000002bde16c method=java.util.concurrent.ConcurrentHashMap.putVal(Ljava/lang/Object;Ljava/lang/Object;Z)Ljava/lang/Object; @ 192
Event: 5.869 Thread 0x0000000019308000 Uncommon trap: reason=class_check action=maybe_recompile pc=0x0000000002bde16c method=java.util.concurrent.ConcurrentHashMap.putVal(Ljava/lang/Object;Ljava/lang/Object;Z)Ljava/lang/Object; @ 192
Event: 5.869 Thread 0x000000001930e800 Uncommon trap: reason=unstable_if action=reinterpret pc=0x0000000002bde130 method=java.util.concurrent.ConcurrentHashMap.putVal(Ljava/lang/Object;Ljava/lang/Object;Z)Ljava/lang/Object; @ 98
Event: 5.874 Thread 0x000000001930d800 Uncommon trap: reason=unstable_if action=reinterpret pc=0x00000000033a67dc method=com.esotericsoftware.kryo.io.Input.readUtf8Length(I)I @ 9
Event: 5.877 Thread 0x000000001930b000 Uncommon trap: reason=unstable_if action=reinterpret pc=0x000000000339c9e4 method=com.esotericsoftware.kryo.io.Input.readUtf8Length(I)I @ 9

Classes redefined (0 events):
No events

Internal exceptions (10 events):
Event: 4.889 Thread 0x000000001ae3c000 Exception <a 'java/lang/ClassNotFoundException': org/gradle/api/internal/artifacts/dsl/dependencies/DefaultDependencyHandler_DecoratedBeanInfo> (0x00000000e052f720) thrown at [C:\src\AOSP-openjdk-git\hotspot\src\share\vm\classfile\systemDictionary.cpp, li
Event: 4.890 Thread 0x000000001ae3c000 Exception <a 'java/lang/ClassNotFoundException': org/gradle/api/internal/artifacts/dsl/dependencies/DefaultDependencyHandlerBeanInfo> (0x00000000e058c438) thrown at [C:\src\AOSP-openjdk-git\hotspot\src\share\vm\classfile\systemDictionary.cpp, line 210]
Event: 4.891 Thread 0x000000001ae3c000 Exception <a 'java/lang/ClassNotFoundException': org/gradle/api/internal/artifacts/dsl/dependencies/DefaultDependencyHandlerCustomizer> (0x00000000e05ea428) thrown at [C:\src\AOSP-openjdk-git\hotspot\src\share\vm\classfile\systemDictionary.cpp, line 210]
Event: 4.894 Thread 0x000000001ae3c000 Exception <a 'java/lang/ClassNotFoundException': org/gradle/api/internal/artifacts/dsl/dependencies/DefaultDependencyHandler_DecoratedCustomizer> (0x00000000e0679aa0) thrown at [C:\src\AOSP-openjdk-git\hotspot\src\share\vm\classfile\systemDictionary.cpp, 
Event: 5.056 Thread 0x000000001ae3c000 Exception <a 'java/lang/NoSuchMethodError': java.lang.Object.lambda$static$0(Lorg/gradle/api/internal/artifacts/configurations/MutationValidator$MutationType;)V> (0x00000000e04cffd8) thrown at [C:\src\AOSP-openjdk-git\hotspot\src\share\vm\interpreter\link
Event: 5.161 Thread 0x000000001ae3c000 Exception <a 'java/lang/NoSuchMethodError': java.lang.Object.lambda$static$0(Lorg/gradle/internal/component/model/DependencyMetadata;)Lorg/gradle/api/internal/artifacts/ivyservice/dependencysubstitution/DependencySubstitutionApplicator$SubstitutionResult;
Event: 5.253 Thread 0x000000001ae3c000 Exception <a 'java/lang/IncompatibleClassChangeError': Found class java.lang.Object, but interface was expected> (0x00000000e18eac30) thrown at [C:\src\AOSP-openjdk-git\hotspot\src\share\vm\interpreter\linkResolver.cpp, line 653]
Event: 5.253 Thread 0x000000001ae3c000 Exception <a 'java/lang/NoSuchMethodError': java.lang.Object.lambda$thenComparing$36697e65$1(Ljava/util/Comparator;Ljava/lang/Object;Ljava/lang/Object;)I> (0x00000000e18f6758) thrown at [C:\src\AOSP-openjdk-git\hotspot\src\share\vm\interpreter\linkResolve
Event: 5.374 Thread 0x000000001ae3c000 Exception <a 'java/lang/NoSuchMethodError': java.lang.Object.lambda$static$0()Z> (0x00000000e2561580) thrown at [C:\src\AOSP-openjdk-git\hotspot\src\share\vm\interpreter\linkResolver.cpp, line 620]
Event: 5.844 Thread 0x000000001ae3c000 Exception <a 'java/lang/NoSuchMethodError': java.lang.Object.lambda$static$0(Lorg/gradle/api/internal/artifacts/ivyservice/resolveengine/artifact/ArtifactVisitor;)V> (0x00000000e361f468) thrown at [C:\src\AOSP-openjdk-git\hotspot\src\share\vm\interpreter\

Events (10 events):
Event: 6.424 Thread 0x000000001b11d800 Thread added: 0x000000001b11d800
Event: 6.425 Thread 0x000000001b129800 Thread added: 0x000000001b129800
Event: 6.428 loading class org/gradle/api/internal/initialization/loadercache/DefaultClassLoaderCache$ManagedClassLoaderSpec
Event: 6.428 loading class org/gradle/api/internal/initialization/loadercache/DefaultClassLoaderCache$ManagedClassLoaderSpec done
Event: 6.428 loading class org/gradle/api/internal/initialization/loadercache/DefaultClassLoaderCache
Event: 6.428 loading class org/gradle/api/internal/initialization/loadercache/DefaultClassLoaderCache done
Event: 6.429 loading class org/gradle/api/internal/file/DefaultFileCollectionFactory$FixedFileCollection
Event: 6.429 loading class org/gradle/api/internal/file/DefaultFileCollectionFactory$FixedFileCollection done
Event: 6.436 loading class org/gradle/internal/fingerprint/impl/DefaultFileCollectionSnapshotter$SnapshottingVisitor
Event: 6.436 loading class org/gradle/internal/fingerprint/impl/DefaultFileCollectionSnapshotter$SnapshottingVisitor done


Dynamic libraries:
0x00007ff77a290000 - 0x00007ff77a2c1000 	C:\Program Files\Android\Android Studio1\jre\bin\java.exe
0x00007ff8e88f0000 - 0x00007ff8e8ae5000 	C:\Windows\SYSTEM32\ntdll.dll
0x00007ff8e7640000 - 0x00007ff8e76fd000 	C:\Windows\System32\KERNEL32.DLL
0x00007ff8e6540000 - 0x00007ff8e6809000 	C:\Windows\System32\KERNELBASE.dll
0x00007ff8e86d0000 - 0x00007ff8e877c000 	C:\Windows\System32\ADVAPI32.dll
0x00007ff8e7eb0000 - 0x00007ff8e7f4e000 	C:\Windows\System32\msvcrt.dll
0x00007ff8e8810000 - 0x00007ff8e88ac000 	C:\Windows\System32\sechost.dll
0x00007ff8e7cc0000 - 0x00007ff8e7deb000 	C:\Windows\System32\RPCRT4.dll
0x00007ff8e72b0000 - 0x00007ff8e7450000 	C:\Windows\System32\USER32.dll
0x00007ff8e6810000 - 0x00007ff8e6832000 	C:\Windows\System32\win32u.dll
0x00007ff8e8080000 - 0x00007ff8e80aa000 	C:\Windows\System32\GDI32.dll
0x00007ff8e6840000 - 0x00007ff8e694b000 	C:\Windows\System32\gdi32full.dll
0x00007ff8e6030000 - 0x00007ff8e60cd000 	C:\Windows\System32\msvcp_win.dll
0x00007ff8e62b0000 - 0x00007ff8e63b0000 	C:\Windows\System32\ucrtbase.dll
0x00007ff8cf2a0000 - 0x00007ff8cf53a000 	C:\Windows\WinSxS\amd64_microsoft.windows.common-controls_6595b64144ccf1df_6.0.19041.844_none_ca00b6081b84eb1d\COMCTL32.dll
0x00007ff8e8520000 - 0x00007ff8e8550000 	C:\Windows\System32\IMM32.DLL
0x00000000583e0000 - 0x00000000584b2000 	C:\Program Files\Android\Android Studio1\jre\jre\bin\msvcr100.dll
0x0000000056860000 - 0x00000000570ab000 	C:\Program Files\Android\Android Studio1\jre\jre\bin\server\jvm.dll
0x00007ff8e7450000 - 0x00007ff8e7458000 	C:\Windows\System32\PSAPI.DLL
0x00007ff8e38e0000 - 0x00007ff8e38e9000 	C:\Windows\SYSTEM32\WSOCK32.dll
0x00007ff8dc7b0000 - 0x00007ff8dc7d7000 	C:\Windows\SYSTEM32\WINMM.dll
0x00007ff8df8f0000 - 0x00007ff8df8fa000 	C:\Windows\SYSTEM32\VERSION.dll
0x00007ff8e8660000 - 0x00007ff8e86cb000 	C:\Windows\System32\WS2_32.dll
0x00007ff8e3850000 - 0x00007ff8e385f000 	C:\Program Files\Android\Android Studio1\jre\jre\bin\verify.dll
0x00007ff8dcb90000 - 0x00007ff8dcbb9000 	C:\Program Files\Android\Android Studio1\jre\jre\bin\java.dll
0x00007ff8dd430000 - 0x00007ff8dd446000 	C:\Program Files\Android\Android Studio1\jre\jre\bin\zip.dll
0x00007ff8e6a30000 - 0x00007ff8e7172000 	C:\Windows\System32\SHELL32.dll
0x00007ff8e4170000 - 0x00007ff8e4900000 	C:\Windows\SYSTEM32\windows.storage.dll
0x00007ff8e7960000 - 0x00007ff8e7cb5000 	C:\Windows\System32\combase.dll
0x00007ff8e59d0000 - 0x00007ff8e59fc000 	C:\Windows\SYSTEM32\Wldp.dll
0x00007ff8e78b0000 - 0x00007ff8e795e000 	C:\Windows\System32\SHCORE.dll
0x00007ff8e7df0000 - 0x00007ff8e7e45000 	C:\Windows\System32\shlwapi.dll
0x00007ff8e5f70000 - 0x00007ff8e5f8f000 	C:\Windows\SYSTEM32\profapi.dll
0x00007ff8dcb70000 - 0x00007ff8dcb8a000 	C:\Program Files\Android\Android Studio1\jre\jre\bin\net.dll
0x00007ff8e57c0000 - 0x00007ff8e582a000 	C:\Windows\system32\mswsock.dll
0x00007ff8dca80000 - 0x00007ff8dca93000 	C:\Program Files\Android\Android Studio1\jre\jre\bin\nio.dll
0x00007ff8dbfb0000 - 0x00007ff8dbfd6000 	C:\Users\johnz\.gradle\native\fdc75f09e3144964f2cf3f50f0aa648679c211496f362492102eb8c894070792\windows-amd64\native-platform.dll
0x00007ff8bc910000 - 0x00007ff8bcaa1000 	C:\Users\johnz\.gradle\native\12488b8bf47d2d4c9fbf2f6322a914ad602e24e48041cd04a747c6da556b65c4\windows-amd64\native-platform-file-events.dll
0x00007ff8e1b10000 - 0x00007ff8e1b1d000 	C:\Program Files\Android\Android Studio1\jre\jre\bin\management.dll
0x00007ff8e5a10000 - 0x00007ff8e5a28000 	C:\Windows\SYSTEM32\CRYPTSP.dll
0x00007ff8e50b0000 - 0x00007ff8e50e4000 	C:\Windows\system32\rsaenh.dll
0x00007ff8e60d0000 - 0x00007ff8e60f7000 	C:\Windows\System32\bcrypt.dll
0x00007ff8e5f30000 - 0x00007ff8e5f5e000 	C:\Windows\SYSTEM32\USERENV.dll
0x00007ff8e64c0000 - 0x00007ff8e6540000 	C:\Windows\System32\bcryptprimitives.dll
0x00007ff8e5940000 - 0x00007ff8e594c000 	C:\Windows\SYSTEM32\CRYPTBASE.dll
0x00007ff8e5480000 - 0x00007ff8e54bb000 	C:\Windows\SYSTEM32\IPHLPAPI.DLL
0x00007ff8e74e0000 - 0x00007ff8e74e8000 	C:\Windows\System32\NSI.dll
0x00007ff8dffa0000 - 0x00007ff8dffb7000 	C:\Windows\SYSTEM32\dhcpcsvc6.DLL
0x00007ff8dff80000 - 0x00007ff8dff9d000 	C:\Windows\SYSTEM32\dhcpcsvc.DLL
0x00007ff8e54d0000 - 0x00007ff8e559b000 	C:\Windows\SYSTEM32\DNSAPI.dll
0x00007ff8e0bf0000 - 0x00007ff8e0bfb000 	C:\Windows\SYSTEM32\WINNSI.DLL

VM Arguments:
jvm_args: -Xmx1536M -Dfile.encoding=windows-1252 -Duser.country=GB -Duser.language=en -Duser.variant 
java_command: org.gradle.launcher.daemon.bootstrap.GradleDaemon 6.7
java_class_path (initial): C:\Users\johnz\.gradle\wrapper\dists\gradle-6.7-all\cuy9mc7upwgwgeb72wkcrupxe\gradle-6.7\lib\gradle-launcher-6.7.jar
Launcher Type: SUN_STANDARD

Environment Variables:
JAVA_HOME=C:\Program Files\Android\Android Studio1\jre
CLASSPATH=C:\AndroidStudioProjects\flutter_app\android\\gradle\wrapper\gradle-wrapper.jar
PATH=C:\Program Files (x86)\Razer Chroma SDK\bin;C:\Program Files\Razer Chroma SDK\bin;C:\Program Files (x86)\Razer\ChromaBroadcast\bin;C:\Program Files\Razer\ChromaBroadcast\bin;C:\Windows\system32;C:\Windows;C:\Windows\System32\Wbem;C:\Windows\System32\WindowsPowerShell\v1.0\;C:\Windows\System32\OpenSSH\;C:\Program Files\PuTTY\;C:\Windows\system32\config\systemprofile\AppData\Local\Microsoft\WindowsApps;C:\Program Files\dotnet\;C:\Program Files (x86)\NVIDIA Corporation\PhysX\Common;C:\Program Files\NVIDIA Corporation\NVIDIA NvDLISR;C:\Program Files\Git\cmd;C:\Program Files\Git\mingw64\bin;C:\Program Files\Git\usr\bin;C:\Users\johnz\AppData\Local\Programs\Python\Python38-32\Scripts\;C:\Users\johnz\AppData\Local\Programs\Python\Python38-32\;C:\Users\johnz\AppData\Local\Programs\Microsoft VS Code\bin;C:\Users\johnz\OneDrive\?p?????st??\flutter\bin;;C:\Users\johnz\flutter\bin\mingit\cmd
USERNAME=johnz
OS=Windows_NT
PROCESSOR_IDENTIFIER=Intel64 Family 6 Model 165 Stepping 3, GenuineIntel



---------------  S Y S T E M  ---------------

OS: Windows 10.0 , 64 bit Build 19041 (10.0.19041.804)

CPU:total 8 (initial active 8) (4 cores per cpu, 2 threads per core) family 6 model 165 stepping 3, cmov, cx8, fxsr, mmx, sse, sse2, sse3, ssse3, sse4.1, sse4.2, popcnt, avx, avx2, aes, clmul, erms, 3dnowpref, lzcnt, ht, tsc, tscinvbit, bmi1, bmi2, adx

Memory: 4k page, physical 4123416k(143480k free), swap 16706328k(536k free)

vm_info: OpenJDK 64-Bit Server VM (25.242-b01) for windows-amd64 JRE (1.8.0_242-release-1644-b01), built by "builder" with MS VC++ 10.0 (VS2010)

time: Wed Apr 07 21:36:17 2021
timezone: GTB Summer Time
elapsed time: 6 seconds (0d 0h 0m 6s)

