#
# There is insufficient memory for the Java Runtime Environment to continue.
# Native memory allocation (malloc) failed to allocate 1909776 bytes for Chunk::new
# Possible reasons:
#   The system is out of physical RAM or swap space
#   The process is running with CompressedOops enabled, and the Java Heap may be blocking the growth of the native heap
# Possible solutions:
#   Reduce memory load on the system
#   Increase physical memory or swap space
#   Check if swap backing store is full
#   Decrease Java heap size (-Xmx/-Xms)
#   Decrease number of Java threads
#   Decrease Java thread stack sizes (-Xss)
#   Set larger code cache with -XX:ReservedCodeCacheSize=
#   JVM is running with Unscaled Compressed Oops mode in which the Java heap is
#     placed in the first 4GB address space. The Java Heap base address is the
#     maximum limit for the native heap growth. Please use -XX:HeapBaseMinAddress
#     to set the Java Heap base and to place the Java Heap above 4GB virtual address.
# This output file may be truncated or incomplete.
#
#  Out of Memory Error (allocation.cpp:389), pid=14824, tid=0x00000000000018d8
#
# JRE version: OpenJDK Runtime Environment (8.0_242-b01) (build 1.8.0_242-release-1644-b01)
# Java VM: OpenJDK 64-Bit Server VM (25.242-b01 mixed mode windows-amd64 compressed oops)
# Failed to write core dump. Minidumps are not enabled by default on client versions of Windows
#

---------------  T H R E A D  ---------------

Current thread (0x0000000018b2d000):  JavaThread "C2 CompilerThread2" daemon [_thread_in_native, id=6360, stack(0x00000000195f0000,0x00000000196f0000)]

Stack: [0x00000000195f0000,0x00000000196f0000]
[error occurred during error reporting (printing stack bounds), id 0xc0000005]

Native frames: (J=compiled Java code, j=interpreted, Vv=VM code, C=native code)


Current CompileTask:
C2:   4480 2437       4       groovy.lang.MetaClassImpl$1MOPIter::methodNameAction (325 bytes)


---------------  P R O C E S S  ---------------

Java Threads: ( => current thread )
  0x0000000018b3b800 JavaThread "Cache worker for file content cache (C:\Users\johnz\.gradle\caches\6.7\fileContent)" [_thread_blocked, id=11004, stack(0x0000000022e30000,0x0000000022f30000)]
  0x0000000018b3f800 JavaThread "jar transforms" [_thread_blocked, id=10480, stack(0x0000000022d30000,0x0000000022e30000)]
  0x0000000018b3e000 JavaThread "Cache worker for execution history cache (C:\Users\johnz\.gradle\caches\6.7\executionHistory)" [_thread_blocked, id=13600, stack(0x00000000203b0000,0x00000000204b0000)]
  0x0000000018b3a000 JavaThread "Cache worker for cache directory md-rule (C:\Users\johnz\.gradle\caches\6.7\md-rule)" [_thread_blocked, id=12372, stack(0x00000000202b0000,0x00000000203b0000)]
  0x0000000018b3d000 JavaThread "Cache worker for cache directory md-supplier (C:\Users\johnz\.gradle\caches\6.7\md-supplier)" [_thread_blocked, id=13960, stack(0x000000001ffb0000,0x00000000200b0000)]
  0x0000000018b3c800 JavaThread "Cache worker for checksums cache (C:\AndroidStudioProjects\flutter_app\android\.gradle\checksums)" [_thread_blocked, id=16608, stack(0x000000001feb0000,0x000000001ffb0000)]
  0x0000000018b3b000 JavaThread "Cache worker for file hash cache (C:\AndroidStudioProjects\flutter_app\android\.gradle\6.7\fileHashes)" [_thread_blocked, id=2668, stack(0x000000001fdb0000,0x000000001feb0000)]
  0x0000000018b39800 JavaThread "Cache worker for journal cache (C:\Users\johnz\.gradle\caches\journal-1)" [_thread_blocked, id=8816, stack(0x000000001db10000,0x000000001dc10000)]
  0x0000000018b3e800 JavaThread "File lock request listener" [_thread_in_native, id=524, stack(0x000000001da10000,0x000000001db10000)]
  0x000000001b623000 JavaThread "Cache worker for file hash cache (C:\Users\johnz\.gradle\caches\6.7\fileHashes)" [_thread_blocked, id=5072, stack(0x000000001d910000,0x000000001da10000)]
  0x0000000019d7a000 JavaThread "Thread-9" [_thread_blocked, id=5764, stack(0x000000001d610000,0x000000001d710000)]
  0x0000000019b37800 JavaThread "Stdin handler" [_thread_blocked, id=10964, stack(0x000000001d510000,0x000000001d610000)]
  0x0000000019b36800 JavaThread "Asynchronous log dispatcher for DefaultDaemonConnection: socket connection from /127.0.0.1:63409 to /127.0.0.1:63410" [_thread_blocked, id=15112, stack(0x000000001d410000,0x000000001d510000)]
  0x0000000019a8e000 JavaThread "Daemon worker" [_thread_in_vm, id=8120, stack(0x000000001d310000,0x000000001d410000)]
  0x000000001b5c3800 JavaThread "Cancel handler" [_thread_blocked, id=1980, stack(0x000000001d110000,0x000000001d210000)]
  0x000000001b5b7800 JavaThread "Handler for socket connection from /127.0.0.1:63409 to /127.0.0.1:63410" [_thread_in_native, id=5104, stack(0x000000001ce10000,0x000000001cf10000)]
  0x000000001b5b4000 JavaThread "Daemon" [_thread_blocked, id=12096, stack(0x000000001cd10000,0x000000001ce10000)]
  0x000000001b593000 JavaThread "Daemon periodic checks" [_thread_blocked, id=4908, stack(0x000000001cc10000,0x000000001cd10000)]
  0x000000001b54c800 JavaThread "Incoming local TCP Connector on port 63409" [_thread_in_native, id=15372, stack(0x000000001c9d0000,0x000000001cad0000)]
  0x000000001b476800 JavaThread "Daemon health stats" [_thread_blocked, id=13208, stack(0x000000001c390000,0x000000001c490000)]
  0x0000000018bbf000 JavaThread "Service Thread" daemon [_thread_blocked, id=14304, stack(0x00000000197f0000,0x00000000198f0000)]
  0x0000000018b38800 JavaThread "C1 CompilerThread3" daemon [_thread_blocked, id=13300, stack(0x00000000196f0000,0x00000000197f0000)]
=>0x0000000018b2d000 JavaThread "C2 CompilerThread2" daemon [_thread_in_native, id=6360, stack(0x00000000195f0000,0x00000000196f0000)]
  0x0000000018b29000 JavaThread "C2 CompilerThread1" daemon [_thread_in_native, id=17320, stack(0x00000000194f0000,0x00000000195f0000)]
  0x0000000018b24000 JavaThread "C2 CompilerThread0" daemon [_thread_in_native, id=12740, stack(0x00000000193f0000,0x00000000194f0000)]
  0x0000000018b21800 JavaThread "Attach Listener" daemon [_thread_blocked, id=4136, stack(0x00000000192f0000,0x00000000193f0000)]
  0x0000000018b20800 JavaThread "Signal Dispatcher" daemon [_thread_blocked, id=9524, stack(0x00000000191f0000,0x00000000192f0000)]
  0x0000000016cfd000 JavaThread "Finalizer" daemon [_thread_blocked, id=10548, stack(0x0000000018ff0000,0x00000000190f0000)]
  0x0000000002f38000 JavaThread "Reference Handler" daemon [_thread_blocked, id=14300, stack(0x0000000018ef0000,0x0000000018ff0000)]
  0x0000000002e42800 JavaThread "main" [_thread_blocked, id=10900, stack(0x0000000002c70000,0x0000000002d70000)]

Other Threads:
  0x0000000016cf6000 VMThread [stack: 0x00000000189f0000,0x0000000018af0000] [id=7972]
  0x0000000018bc0000 WatcherThread [stack: 0x00000000198f0000,0x00000000199f0000] [id=10848]

VM state:not at safepoint (normal execution)

VM Mutex/Monitor currently owned by a thread: None

heap address: 0x00000000a0000000, size: 1536 MB, Compressed Oops mode: 32-bit
Narrow klass base: 0x0000000000000000, Narrow klass shift: 3
Compressed class space size: 1073741824 Address: 0x0000000100000000

Heap:
 PSYoungGen      total 138240K, used 41224K [0x00000000e0000000, 0x00000000e9000000, 0x0000000100000000)
  eden space 129024K, 24% used [0x00000000e0000000,0x00000000e1f48420,0x00000000e7e00000)
  from space 9216K, 99% used [0x00000000e7e00000,0x00000000e86f9ec8,0x00000000e8700000)
  to   space 8704K, 0% used [0x00000000e8780000,0x00000000e8780000,0x00000000e9000000)
 ParOldGen       total 35328K, used 13196K [0x00000000a0000000, 0x00000000a2280000, 0x00000000e0000000)
  object space 35328K, 37% used [0x00000000a0000000,0x00000000a0ce3128,0x00000000a2280000)
 Metaspace       used 34239K, capacity 35288K, committed 35456K, reserved 1079296K
  class space    used 4691K, capacity 4931K, committed 4992K, reserved 1048576K

Card table byte_map: [0x0000000012300000,0x0000000012610000] byte_map_base: 0x0000000011e00000

Marking Bits: (ParMarkBitMap*) 0x000000005702f030
 Begin Bits: [0x0000000013010000, 0x0000000014810000)
 End Bits:   [0x0000000014810000, 0x0000000016010000)

Polling page: 0x0000000002be0000

CodeCache: size=245760Kb used=10776Kb max_used=10776Kb free=234983Kb
 bounds [0x0000000002f40000, 0x00000000039d0000, 0x0000000011f40000]
 total_blobs=3520 nmethods=2819 adapters=613
 compilation: enabled

Compilation events (10 events):
Event: 4.462 Thread 0x0000000018b38800 nmethod 2820 0x00000000039c8d90 code [0x00000000039c8ee0, 0x00000000039c90d0]
Event: 4.464 Thread 0x0000000018b38800 2821       3       org.objectweb.asm.Type::getSize (86 bytes)
Event: 4.464 Thread 0x0000000018b38800 nmethod 2821 0x00000000039c7710 code [0x00000000039c7880, 0x00000000039c7b08]
Event: 4.465 Thread 0x0000000018b38800 2822       1       org.gradle.internal.instantiation.generator.AbstractClassGenerator$GeneratedClassImpl::getOuterType (5 bytes)
Event: 4.465 Thread 0x0000000018b38800 nmethod 2822 0x00000000039b5650 code [0x00000000039b57a0, 0x00000000039b58b0]
Event: 4.473 Thread 0x0000000018b38800 2823       3       jdk.internal.org.objectweb.asm.ClassWriter::visitField (16 bytes)
Event: 4.473 Thread 0x0000000018b38800 nmethod 2823 0x00000000039c7290 code [0x00000000039c7400, 0x00000000039c7628]
Event: 4.473 Thread 0x0000000018b38800 2824       3       jdk.internal.org.objectweb.asm.FieldWriter::<init> (97 bytes)
Event: 4.474 Thread 0x0000000018b38800 nmethod 2824 0x00000000039c6990 code [0x00000000039c6b40, 0x00000000039c7028]
Event: 4.474 Thread 0x0000000018b38800 2825       3       jdk.internal.org.objectweb.asm.FieldWriter::getSize (262 bytes)

GC Heap History (10 events):
Event: 1.770 GC heap before
{Heap before GC invocations=6 (full 0):
 PSYoungGen      total 35328K, used 35328K [0x00000000e0000000, 0x00000000e4c00000, 0x0000000100000000)
  eden space 32768K, 100% used [0x00000000e0000000,0x00000000e2000000,0x00000000e2000000)
  from space 2560K, 100% used [0x00000000e2000000,0x00000000e2280000,0x00000000e2280000)
  to   space 6144K, 0% used [0x00000000e4600000,0x00000000e4600000,0x00000000e4c00000)
 ParOldGen       total 44032K, used 5058K [0x00000000a0000000, 0x00000000a2b00000, 0x00000000e0000000)
  object space 44032K, 11% used [0x00000000a0000000,0x00000000a04f0940,0x00000000a2b00000)
 Metaspace       used 14340K, capacity 14770K, committed 14976K, reserved 1062912K
  class space    used 1968K, capacity 2101K, committed 2176K, reserved 1048576K
Event: 1.777 GC heap after
Heap after GC invocations=6 (full 0):
 PSYoungGen      total 70656K, used 6075K [0x00000000e0000000, 0x00000000e4e00000, 0x0000000100000000)
  eden space 64512K, 0% used [0x00000000e0000000,0x00000000e0000000,0x00000000e3f00000)
  from space 6144K, 98% used [0x00000000e4600000,0x00000000e4beeeb0,0x00000000e4c00000)
  to   space 7168K, 0% used [0x00000000e3f00000,0x00000000e3f00000,0x00000000e4600000)
 ParOldGen       total 44032K, used 5066K [0x00000000a0000000, 0x00000000a2b00000, 0x00000000e0000000)
  object space 44032K, 11% used [0x00000000a0000000,0x00000000a04f2940,0x00000000a2b00000)
 Metaspace       used 14340K, capacity 14770K, committed 14976K, reserved 1062912K
  class space    used 1968K, capacity 2101K, committed 2176K, reserved 1048576K
}
Event: 2.465 GC heap before
{Heap before GC invocations=7 (full 0):
 PSYoungGen      total 70656K, used 70587K [0x00000000e0000000, 0x00000000e4e00000, 0x0000000100000000)
  eden space 64512K, 100% used [0x00000000e0000000,0x00000000e3f00000,0x00000000e3f00000)
  from space 6144K, 98% used [0x00000000e4600000,0x00000000e4beeeb0,0x00000000e4c00000)
  to   space 7168K, 0% used [0x00000000e3f00000,0x00000000e3f00000,0x00000000e4600000)
 ParOldGen       total 44032K, used 5066K [0x00000000a0000000, 0x00000000a2b00000, 0x00000000e0000000)
  object space 44032K, 11% used [0x00000000a0000000,0x00000000a04f2940,0x00000000a2b00000)
 Metaspace       used 19235K, capacity 19824K, committed 20096K, reserved 1067008K
  class space    used 2731K, capacity 2900K, committed 2944K, reserved 1048576K
Event: 2.481 GC heap after
Heap after GC invocations=7 (full 0):
 PSYoungGen      total 71680K, used 7147K [0x00000000e0000000, 0x00000000e9100000, 0x0000000100000000)
  eden space 64512K, 0% used [0x00000000e0000000,0x00000000e0000000,0x00000000e3f00000)
  from space 7168K, 99% used [0x00000000e3f00000,0x00000000e45faf98,0x00000000e4600000)
  to   space 9728K, 0% used [0x00000000e8780000,0x00000000e8780000,0x00000000e9100000)
 ParOldGen       total 44032K, used 7586K [0x00000000a0000000, 0x00000000a2b00000, 0x00000000e0000000)
  object space 44032K, 17% used [0x00000000a0000000,0x00000000a0768880,0x00000000a2b00000)
 Metaspace       used 19235K, capacity 19824K, committed 20096K, reserved 1067008K
  class space    used 2731K, capacity 2900K, committed 2944K, reserved 1048576K
}
Event: 2.756 GC heap before
{Heap before GC invocations=8 (full 0):
 PSYoungGen      total 71680K, used 29924K [0x00000000e0000000, 0x00000000e9100000, 0x0000000100000000)
  eden space 64512K, 35% used [0x00000000e0000000,0x00000000e163e198,0x00000000e3f00000)
  from space 7168K, 99% used [0x00000000e3f00000,0x00000000e45faf98,0x00000000e4600000)
  to   space 9728K, 0% used [0x00000000e8780000,0x00000000e8780000,0x00000000e9100000)
 ParOldGen       total 44032K, used 7586K [0x00000000a0000000, 0x00000000a2b00000, 0x00000000e0000000)
  object space 44032K, 17% used [0x00000000a0000000,0x00000000a0768880,0x00000000a2b00000)
 Metaspace       used 20632K, capacity 21218K, committed 21296K, reserved 1067008K
  class space    used 2961K, capacity 3143K, committed 3200K, reserved 1048576K
Event: 2.761 GC heap after
Heap after GC invocations=8 (full 0):
 PSYoungGen      total 137728K, used 5306K [0x00000000e0000000, 0x00000000e9000000, 0x0000000100000000)
  eden space 129024K, 0% used [0x00000000e0000000,0x00000000e0000000,0x00000000e7e00000)
  from space 8704K, 60% used [0x00000000e8780000,0x00000000e8cae9b8,0x00000000e9000000)
  to   space 9216K, 0% used [0x00000000e7e00000,0x00000000e7e00000,0x00000000e8700000)
 ParOldGen       total 44032K, used 8026K [0x00000000a0000000, 0x00000000a2b00000, 0x00000000e0000000)
  object space 44032K, 18% used [0x00000000a0000000,0x00000000a07d6880,0x00000000a2b00000)
 Metaspace       used 20632K, capacity 21218K, committed 21296K, reserved 1067008K
  class space    used 2961K, capacity 3143K, committed 3200K, reserved 1048576K
}
Event: 2.762 GC heap before
{Heap before GC invocations=9 (full 1):
 PSYoungGen      total 137728K, used 5306K [0x00000000e0000000, 0x00000000e9000000, 0x0000000100000000)
  eden space 129024K, 0% used [0x00000000e0000000,0x00000000e0000000,0x00000000e7e00000)
  from space 8704K, 60% used [0x00000000e8780000,0x00000000e8cae9b8,0x00000000e9000000)
  to   space 9216K, 0% used [0x00000000e7e00000,0x00000000e7e00000,0x00000000e8700000)
 ParOldGen       total 44032K, used 8026K [0x00000000a0000000, 0x00000000a2b00000, 0x00000000e0000000)
  object space 44032K, 18% used [0x00000000a0000000,0x00000000a07d6880,0x00000000a2b00000)
 Metaspace       used 20632K, capacity 21218K, committed 21296K, reserved 1067008K
  class space    used 2961K, capacity 3143K, committed 3200K, reserved 1048576K
Event: 2.798 GC heap after
Heap after GC invocations=9 (full 1):
 PSYoungGen      total 137728K, used 0K [0x00000000e0000000, 0x00000000e9000000, 0x0000000100000000)
  eden space 129024K, 0% used [0x00000000e0000000,0x00000000e0000000,0x00000000e7e00000)
  from space 8704K, 0% used [0x00000000e8780000,0x00000000e8780000,0x00000000e9000000)
  to   space 9216K, 0% used [0x00000000e7e00000,0x00000000e7e00000,0x00000000e8700000)
 ParOldGen       total 35328K, used 8236K [0x00000000a0000000, 0x00000000a2280000, 0x00000000e0000000)
  object space 35328K, 23% used [0x00000000a0000000,0x00000000a080b290,0x00000000a2280000)
 Metaspace       used 20632K, capacity 21218K, committed 21296K, reserved 1067008K
  class space    used 2961K, capacity 3143K, committed 3200K, reserved 1048576K
}
Event: 4.189 GC heap before
{Heap before GC invocations=10 (full 1):
 PSYoungGen      total 137728K, used 129024K [0x00000000e0000000, 0x00000000e9000000, 0x0000000100000000)
  eden space 129024K, 100% used [0x00000000e0000000,0x00000000e7e00000,0x00000000e7e00000)
  from space 8704K, 0% used [0x00000000e8780000,0x00000000e8780000,0x00000000e9000000)
  to   space 9216K, 0% used [0x00000000e7e00000,0x00000000e7e00000,0x00000000e8700000)
 ParOldGen       total 35328K, used 8236K [0x00000000a0000000, 0x00000000a2280000, 0x00000000e0000000)
  object space 35328K, 23% used [0x00000000a0000000,0x00000000a080b290,0x00000000a2280000)
 Metaspace       used 33232K, capacity 34214K, committed 34560K, reserved 1079296K
  class space    used 4521K, capacity 4752K, committed 4864K, reserved 1048576K
Event: 4.220 GC heap after
Heap after GC invocations=10 (full 1):
 PSYoungGen      total 138240K, used 9191K [0x00000000e0000000, 0x00000000e9000000, 0x0000000100000000)
  eden space 129024K, 0% used [0x00000000e0000000,0x00000000e0000000,0x00000000e7e00000)
  from space 9216K, 99% used [0x00000000e7e00000,0x00000000e86f9ec8,0x00000000e8700000)
  to   space 8704K, 0% used [0x00000000e8780000,0x00000000e8780000,0x00000000e9000000)
 ParOldGen       total 35328K, used 13196K [0x00000000a0000000, 0x00000000a2280000, 0x00000000e0000000)
  object space 35328K, 37% used [0x00000000a0000000,0x00000000a0ce3128,0x00000000a2280000)
 Metaspace       used 33232K, capacity 34214K, committed 34560K, reserved 1079296K
  class space    used 4521K, capacity 4752K, committed 4864K, reserved 1048576K
}

Deoptimization events (10 events):
Event: 3.778 Thread 0x0000000019a8e000 Uncommon trap: reason=unstable_if action=reinterpret pc=0x00000000038781d0 method=org.codehaus.groovy.runtime.metaclass.MetaMethodIndex.addMethodToList(Ljava/lang/Object;Lgroovy/lang/MetaMethod;)Ljava/lang/Object; @ 226
Event: 3.786 Thread 0x0000000019a8e000 Uncommon trap: reason=unstable_if action=reinterpret pc=0x000000000343f93c method=java.io.WinNTFileSystem.normalize(Ljava/lang/String;II)Ljava/lang/String; @ 103
Event: 3.787 Thread 0x0000000019a8e000 Uncommon trap: reason=unstable_if action=reinterpret pc=0x000000000317ec64 method=java.io.WinNTFileSystem.normalize(Ljava/lang/String;II)Ljava/lang/String; @ 103
Event: 4.052 Thread 0x0000000019a8e000 Uncommon trap: reason=unstable_if action=reinterpret pc=0x00000000038e5ba4 method=java.util.HashMap.getNode(ILjava/lang/Object;)Ljava/util/HashMap$Node; @ 53
Event: 4.052 Thread 0x0000000019a8e000 Uncommon trap: reason=unstable_if action=reinterpret pc=0x000000000369c938 method=java.util.HashMap.putVal(ILjava/lang/Object;Ljava/lang/Object;ZZ)Ljava/lang/Object; @ 85
Event: 4.055 Thread 0x0000000019a8e000 Uncommon trap: reason=unstable_if action=reinterpret pc=0x0000000003881f38 method=org.gradle.internal.reflect.PropertyAccessorType.isGetGetterName(Ljava/lang/String;)Z @ 14
Event: 4.079 Thread 0x0000000019a8e000 Uncommon trap: reason=unstable_if action=reinterpret pc=0x0000000003643f40 method=org.objectweb.asm.ByteVector.putShort(I)Lorg/objectweb/asm/ByteVector; @ 13
Event: 4.221 Thread 0x0000000002f38000 Uncommon trap: reason=unstable_if action=reinterpret pc=0x000000000346843c method=java.lang.ref.Reference.tryHandlePending(Z)Z @ 104
Event: 4.283 Thread 0x0000000019a8e000 Uncommon trap: reason=class_check action=maybe_recompile pc=0x00000000036a7ef4 method=java.util.WeakHashMap.eq(Ljava/lang/Object;Ljava/lang/Object;)Z @ 7
Event: 4.317 Thread 0x0000000019a8e000 Uncommon trap: reason=range_check action=make_not_entrant pc=0x00000000039341b4 method=java.lang.String.charAt(I)C @ 27

Classes redefined (0 events):
No events

Internal exceptions (10 events):
Event: 4.276 Thread 0x0000000019a8e000 Exception <a 'java/lang/ClassNotFoundException': org/gradle/api/internal/DefaultDomainObjectCollectionCustomizer> (0x00000000e09e3678) thrown at [C:\src\AOSP-openjdk-git\hotspot\src\share\vm\classfile\systemDictionary.cpp, line 210]
Event: 4.279 Thread 0x0000000019a8e000 Exception <a 'java/lang/ClassNotFoundException': org/gradle/api/internal/DefaultNamedDomainObjectCollectionCustomizer> (0x00000000e0a43f30) thrown at [C:\src\AOSP-openjdk-git\hotspot\src\share\vm\classfile\systemDictionary.cpp, line 210]
Event: 4.283 Thread 0x0000000019a8e000 Exception <a 'java/lang/ClassNotFoundException': org/gradle/api/internal/DefaultNamedDomainObjectListCustomizer> (0x00000000e0abb638) thrown at [C:\src\AOSP-openjdk-git\hotspot\src\share\vm\classfile\systemDictionary.cpp, line 210]
Event: 4.285 Thread 0x0000000019a8e000 Exception <a 'java/lang/ClassNotFoundException': org/gradle/api/internal/artifacts/DefaultArtifactRepositoryContainerCustomizer> (0x00000000e0b33470) thrown at [C:\src\AOSP-openjdk-git\hotspot\src\share\vm\classfile\systemDictionary.cpp, line 210]
Event: 4.287 Thread 0x0000000019a8e000 Exception <a 'java/lang/ClassNotFoundException': org/gradle/api/internal/artifacts/dsl/DefaultRepositoryHandlerCustomizer> (0x00000000e0b9c868) thrown at [C:\src\AOSP-openjdk-git\hotspot\src\share\vm\classfile\systemDictionary.cpp, line 210]
Event: 4.289 Thread 0x0000000019a8e000 Exception <a 'java/lang/ClassNotFoundException': org/gradle/api/internal/artifacts/dsl/DefaultRepositoryHandler_DecoratedCustomizer> (0x00000000e0c24568) thrown at [C:\src\AOSP-openjdk-git\hotspot\src\share\vm\classfile\systemDictionary.cpp, line 210]
Event: 4.436 Thread 0x0000000019a8e000 Exception <a 'java/lang/ClassNotFoundException': org/gradle/api/internal/artifacts/dsl/dependencies/DefaultDependencyHandler_DecoratedBeanInfo> (0x00000000e1b7ace0) thrown at [C:\src\AOSP-openjdk-git\hotspot\src\share\vm\classfile\systemDictionary.cpp, li
Event: 4.437 Thread 0x0000000019a8e000 Exception <a 'java/lang/ClassNotFoundException': org/gradle/api/internal/artifacts/dsl/dependencies/DefaultDependencyHandlerBeanInfo> (0x00000000e1bd79f8) thrown at [C:\src\AOSP-openjdk-git\hotspot\src\share\vm\classfile\systemDictionary.cpp, line 210]
Event: 4.438 Thread 0x0000000019a8e000 Exception <a 'java/lang/ClassNotFoundException': org/gradle/api/internal/artifacts/dsl/dependencies/DefaultDependencyHandlerCustomizer> (0x00000000e1c359e8) thrown at [C:\src\AOSP-openjdk-git\hotspot\src\share\vm\classfile\systemDictionary.cpp, line 210]
Event: 4.441 Thread 0x0000000019a8e000 Exception <a 'java/lang/ClassNotFoundException': org/gradle/api/internal/artifacts/dsl/dependencies/DefaultDependencyHandler_DecoratedCustomizer> (0x00000000e1cc5040) thrown at [C:\src\AOSP-openjdk-git\hotspot\src\share\vm\classfile\systemDictionary.cpp, 

Events (10 events):
Event: 4.473 loading class org/gradle/api/internal/artifacts/configurations/ConfigurationInternal$InternalState
Event: 4.473 loading class org/gradle/api/internal/artifacts/configurations/ConfigurationInternal$InternalState done
Event: 4.473 loading class org/gradle/api/internal/artifacts/configurations/DefaultConfiguration$ResolveState
Event: 4.473 loading class org/gradle/api/internal/artifacts/configurations/DefaultConfiguration$ResolveState done
Event: 4.473 loading class org/gradle/api/internal/artifacts/configurations/DefaultConfiguration
Event: 4.473 loading class org/gradle/api/internal/artifacts/configurations/DefaultConfiguration done
Event: 4.473 loading class org/gradle/api/internal/artifacts/configurations/DefaultConfiguration$1
Event: 4.473 loading class org/gradle/api/internal/artifacts/configurations/DefaultConfiguration$1 done
Event: 4.474 loading class org/gradle/api/internal/artifacts/configurations/DefaultConfiguration$GraphResolved
Event: 4.474 loading class org/gradle/api/internal/artifacts/configurations/DefaultConfiguration$GraphResolved done


Dynamic libraries:
0x00007ff77a290000 - 0x00007ff77a2c1000 	C:\Program Files\Android\Android Studio1\jre\bin\java.exe
0x00007ff8e88f0000 - 0x00007ff8e8ae5000 	C:\Windows\SYSTEM32\ntdll.dll
0x00007ff8e7640000 - 0x00007ff8e76fd000 	C:\Windows\System32\KERNEL32.DLL
0x00007ff8e6540000 - 0x00007ff8e6809000 	C:\Windows\System32\KERNELBASE.dll
0x00007ff8e86d0000 - 0x00007ff8e877c000 	C:\Windows\System32\ADVAPI32.dll
0x00007ff8e7eb0000 - 0x00007ff8e7f4e000 	C:\Windows\System32\msvcrt.dll
0x00007ff8e8810000 - 0x00007ff8e88ac000 	C:\Windows\System32\sechost.dll
0x00007ff8e7cc0000 - 0x00007ff8e7deb000 	C:\Windows\System32\RPCRT4.dll
0x00007ff8e72b0000 - 0x00007ff8e7450000 	C:\Windows\System32\USER32.dll
0x00007ff8e6810000 - 0x00007ff8e6832000 	C:\Windows\System32\win32u.dll
0x00007ff8e8080000 - 0x00007ff8e80aa000 	C:\Windows\System32\GDI32.dll
0x00007ff8e6840000 - 0x00007ff8e694b000 	C:\Windows\System32\gdi32full.dll
0x00007ff8e6030000 - 0x00007ff8e60cd000 	C:\Windows\System32\msvcp_win.dll
0x00007ff8e62b0000 - 0x00007ff8e63b0000 	C:\Windows\System32\ucrtbase.dll
0x00007ff8cf2a0000 - 0x00007ff8cf53a000 	C:\Windows\WinSxS\amd64_microsoft.windows.common-controls_6595b64144ccf1df_6.0.19041.844_none_ca00b6081b84eb1d\COMCTL32.dll
0x00007ff8e8520000 - 0x00007ff8e8550000 	C:\Windows\System32\IMM32.DLL
0x00000000583e0000 - 0x00000000584b2000 	C:\Program Files\Android\Android Studio1\jre\jre\bin\msvcr100.dll
0x0000000056860000 - 0x00000000570ab000 	C:\Program Files\Android\Android Studio1\jre\jre\bin\server\jvm.dll
0x00007ff8e7450000 - 0x00007ff8e7458000 	C:\Windows\System32\PSAPI.DLL
0x00007ff8e38e0000 - 0x00007ff8e38e9000 	C:\Windows\SYSTEM32\WSOCK32.dll
0x00007ff8df8f0000 - 0x00007ff8df8fa000 	C:\Windows\SYSTEM32\VERSION.dll
0x00007ff8dc7b0000 - 0x00007ff8dc7d7000 	C:\Windows\SYSTEM32\WINMM.dll
0x00007ff8e8660000 - 0x00007ff8e86cb000 	C:\Windows\System32\WS2_32.dll
0x00007ff8e3850000 - 0x00007ff8e385f000 	C:\Program Files\Android\Android Studio1\jre\jre\bin\verify.dll
0x00007ff8dcb90000 - 0x00007ff8dcbb9000 	C:\Program Files\Android\Android Studio1\jre\jre\bin\java.dll
0x00007ff8dd430000 - 0x00007ff8dd446000 	C:\Program Files\Android\Android Studio1\jre\jre\bin\zip.dll
0x00007ff8e6a30000 - 0x00007ff8e7172000 	C:\Windows\System32\SHELL32.dll
0x00007ff8e4170000 - 0x00007ff8e4900000 	C:\Windows\SYSTEM32\windows.storage.dll
0x00007ff8e7960000 - 0x00007ff8e7cb5000 	C:\Windows\System32\combase.dll
0x00007ff8e59d0000 - 0x00007ff8e59fc000 	C:\Windows\SYSTEM32\Wldp.dll
0x00007ff8e78b0000 - 0x00007ff8e795e000 	C:\Windows\System32\SHCORE.dll
0x00007ff8e7df0000 - 0x00007ff8e7e45000 	C:\Windows\System32\shlwapi.dll
0x00007ff8e5f70000 - 0x00007ff8e5f8f000 	C:\Windows\SYSTEM32\profapi.dll
0x00007ff8dcb70000 - 0x00007ff8dcb8a000 	C:\Program Files\Android\Android Studio1\jre\jre\bin\net.dll
0x00007ff8e57c0000 - 0x00007ff8e582a000 	C:\Windows\system32\mswsock.dll
0x00007ff8dca80000 - 0x00007ff8dca93000 	C:\Program Files\Android\Android Studio1\jre\jre\bin\nio.dll
0x00007ff8dbfb0000 - 0x00007ff8dbfd6000 	C:\Users\johnz\.gradle\native\fdc75f09e3144964f2cf3f50f0aa648679c211496f362492102eb8c894070792\windows-amd64\native-platform.dll
0x00007ff8bc910000 - 0x00007ff8bcaa1000 	C:\Users\johnz\.gradle\native\12488b8bf47d2d4c9fbf2f6322a914ad602e24e48041cd04a747c6da556b65c4\windows-amd64\native-platform-file-events.dll
0x00007ff8e1b10000 - 0x00007ff8e1b1d000 	C:\Program Files\Android\Android Studio1\jre\jre\bin\management.dll
0x00007ff8e5a10000 - 0x00007ff8e5a28000 	C:\Windows\SYSTEM32\CRYPTSP.dll
0x00007ff8e50b0000 - 0x00007ff8e50e4000 	C:\Windows\system32\rsaenh.dll
0x00007ff8e60d0000 - 0x00007ff8e60f7000 	C:\Windows\System32\bcrypt.dll
0x00007ff8e5f30000 - 0x00007ff8e5f5e000 	C:\Windows\SYSTEM32\USERENV.dll
0x00007ff8e64c0000 - 0x00007ff8e6540000 	C:\Windows\System32\bcryptprimitives.dll
0x00007ff8e5940000 - 0x00007ff8e594c000 	C:\Windows\SYSTEM32\CRYPTBASE.dll
0x00007ff8e5480000 - 0x00007ff8e54bb000 	C:\Windows\SYSTEM32\IPHLPAPI.DLL
0x00007ff8e74e0000 - 0x00007ff8e74e8000 	C:\Windows\System32\NSI.dll
0x00007ff8dffa0000 - 0x00007ff8dffb7000 	C:\Windows\SYSTEM32\dhcpcsvc6.DLL
0x00007ff8dff80000 - 0x00007ff8dff9d000 	C:\Windows\SYSTEM32\dhcpcsvc.DLL
0x00007ff8e54d0000 - 0x00007ff8e559b000 	C:\Windows\SYSTEM32\DNSAPI.dll
0x00007ff8e0bf0000 - 0x00007ff8e0bfb000 	C:\Windows\SYSTEM32\WINNSI.DLL

VM Arguments:
jvm_args: -Xmx1536M -Dfile.encoding=windows-1252 -Duser.country=GB -Duser.language=en -Duser.variant 
java_command: org.gradle.launcher.daemon.bootstrap.GradleDaemon 6.7
java_class_path (initial): C:\Users\johnz\.gradle\wrapper\dists\gradle-6.7-all\cuy9mc7upwgwgeb72wkcrupxe\gradle-6.7\lib\gradle-launcher-6.7.jar
Launcher Type: SUN_STANDARD

Environment Variables:
JAVA_HOME=C:\Program Files\Android\Android Studio1\jre
CLASSPATH=C:\AndroidStudioProjects\flutter_app\android\\gradle\wrapper\gradle-wrapper.jar
PATH=C:\Program Files (x86)\Razer Chroma SDK\bin;C:\Program Files\Razer Chroma SDK\bin;C:\Program Files (x86)\Razer\ChromaBroadcast\bin;C:\Program Files\Razer\ChromaBroadcast\bin;C:\Windows\system32;C:\Windows;C:\Windows\System32\Wbem;C:\Windows\System32\WindowsPowerShell\v1.0\;C:\Windows\System32\OpenSSH\;C:\Program Files\PuTTY\;C:\Windows\system32\config\systemprofile\AppData\Local\Microsoft\WindowsApps;C:\Program Files\dotnet\;C:\Program Files (x86)\NVIDIA Corporation\PhysX\Common;C:\Program Files\NVIDIA Corporation\NVIDIA NvDLISR;C:\Program Files\Git\cmd;C:\Program Files\Git\mingw64\bin;C:\Program Files\Git\usr\bin;C:\Users\johnz\AppData\Local\Programs\Python\Python38-32\Scripts\;C:\Users\johnz\AppData\Local\Programs\Python\Python38-32\;C:\Users\johnz\AppData\Local\Programs\Microsoft VS Code\bin;C:\Users\johnz\OneDrive\?p?????st??\flutter\bin;;C:\Users\johnz\flutter\bin\mingit\cmd
USERNAME=johnz
OS=Windows_NT
PROCESSOR_IDENTIFIER=Intel64 Family 6 Model 165 Stepping 3, GenuineIntel



---------------  S Y S T E M  ---------------

OS: Windows 10.0 , 64 bit Build 19041 (10.0.19041.804)

CPU:total 8 (initial active 8) (4 cores per cpu, 2 threads per core) family 6 model 165 stepping 3, cmov, cx8, fxsr, mmx, sse, sse2, sse3, ssse3, sse4.1, sse4.2, popcnt, avx, avx2, aes, clmul, erms, 3dnowpref, lzcnt, ht, tsc, tscinvbit, bmi1, bmi2, adx

Memory: 4k page, physical 4123416k(95528k free), swap 16706328k(4616k free)

vm_info: OpenJDK 64-Bit Server VM (25.242-b01) for windows-amd64 JRE (1.8.0_242-release-1644-b01), built by "builder" with MS VC++ 10.0 (VS2010)

time: Wed Apr 07 21:26:08 2021
timezone: GTB Summer Time
elapsed time: 4 seconds (0d 0h 0m 4s)

