#
# There is insufficient memory for the Java Runtime Environment to continue.
# Native memory allocation (malloc) failed to allocate 1673856 bytes for Chunk::new
# Possible reasons:
#   The system is out of physical RAM or swap space
#   The process is running with CompressedOops enabled, and the Java Heap may be blocking the growth of the native heap
# Possible solutions:
#   Reduce memory load on the system
#   Increase physical memory or swap space
#   Check if swap backing store is full
#   Decrease Java heap size (-Xmx/-Xms)
#   Decrease number of Java threads
#   Decrease Java thread stack sizes (-Xss)
#   Set larger code cache with -XX:ReservedCodeCacheSize=
#   JVM is running with Unscaled Compressed Oops mode in which the Java heap is
#     placed in the first 4GB address space. The Java Heap base address is the
#     maximum limit for the native heap growth. Please use -XX:HeapBaseMinAddress
#     to set the Java Heap base and to place the Java Heap above 4GB virtual address.
# This output file may be truncated or incomplete.
#
#  Out of Memory Error (allocation.cpp:389), pid=14608, tid=0x0000000000003048
#
# JRE version: OpenJDK Runtime Environment (8.0_242-b01) (build 1.8.0_242-release-1644-b01)
# Java VM: OpenJDK 64-Bit Server VM (25.242-b01 mixed mode windows-amd64 compressed oops)
# Failed to write core dump. Minidumps are not enabled by default on client versions of Windows
#

---------------  T H R E A D  ---------------

Current thread (0x00000000184c2000):  JavaThread "C2 CompilerThread0" daemon [_thread_in_native, id=12360, stack(0x0000000018d90000,0x0000000018e90000)]

Stack: [0x0000000018d90000,0x0000000018e90000]
[error occurred during error reporting (printing stack bounds), id 0xc0000005]

Native frames: (J=compiled Java code, j=interpreted, Vv=VM code, C=native code)


Current CompileTask:
C2:   3684 2470       4       groovy.lang.MetaClassImpl$1MOPIter::methodNameAction (325 bytes)


---------------  P R O C E S S  ---------------

Java Threads: ( => current thread )
  0x000000001b21e800 JavaThread "Cache worker for file content cache (C:\Users\johnz\.gradle\caches\6.7\fileContent)" [_thread_blocked, id=11840, stack(0x0000000021790000,0x0000000021890000)]
  0x000000001b220000 JavaThread "jar transforms" [_thread_blocked, id=9564, stack(0x0000000021690000,0x0000000021790000)]
  0x000000001b221800 JavaThread "Cache worker for execution history cache (C:\Users\johnz\.gradle\caches\6.7\executionHistory)" [_thread_blocked, id=11716, stack(0x0000000020f90000,0x0000000021090000)]
  0x000000001b21e000 JavaThread "Cache worker for cache directory md-rule (C:\Users\johnz\.gradle\caches\6.7\md-rule)" [_thread_blocked, id=1980, stack(0x0000000020e90000,0x0000000020f90000)]
  0x000000001b221000 JavaThread "Cache worker for cache directory md-supplier (C:\Users\johnz\.gradle\caches\6.7\md-supplier)" [_thread_blocked, id=14820, stack(0x0000000020b90000,0x0000000020c90000)]
  0x000000001b21d000 JavaThread "Cache worker for checksums cache (C:\AndroidStudioProjects\flutter_app\android\.gradle\checksums)" [_thread_blocked, id=6164, stack(0x000000001fa50000,0x000000001fb50000)]
  0x000000001b21f800 JavaThread "Cache worker for file hash cache (C:\AndroidStudioProjects\flutter_app\android\.gradle\6.7\fileHashes)" [_thread_blocked, id=11664, stack(0x000000001f950000,0x000000001fa50000)]
  0x000000001b21c800 JavaThread "Cache worker for journal cache (C:\Users\johnz\.gradle\caches\journal-1)" [_thread_blocked, id=9528, stack(0x000000001d4b0000,0x000000001d5b0000)]
  0x000000001b21b000 JavaThread "File lock request listener" [_thread_in_native, id=12320, stack(0x000000001d3b0000,0x000000001d4b0000)]
  0x000000001b1aa000 JavaThread "Cache worker for file hash cache (C:\Users\johnz\.gradle\caches\6.7\fileHashes)" [_thread_blocked, id=8576, stack(0x000000001d2b0000,0x000000001d3b0000)]
  0x000000001b13c000 JavaThread "Thread-9" [_thread_blocked, id=16968, stack(0x000000001cfb0000,0x000000001d0b0000)]
  0x000000001951c800 JavaThread "Stdin handler" [_thread_blocked, id=7296, stack(0x000000001ceb0000,0x000000001cfb0000)]
  0x000000001b13d800 JavaThread "Asynchronous log dispatcher for DefaultDaemonConnection: socket connection from /127.0.0.1:65221 to /127.0.0.1:65222" [_thread_blocked, id=11932, stack(0x000000001cdb0000,0x000000001ceb0000)]
  0x000000001b126800 JavaThread "Daemon worker" [_thread_in_Java, id=9540, stack(0x000000001ccb0000,0x000000001cdb0000)]
  0x000000001b125000 JavaThread "Cancel handler" [_thread_blocked, id=13012, stack(0x000000001cab0000,0x000000001cbb0000)]
  0x000000001b097800 JavaThread "Handler for socket connection from /127.0.0.1:65221 to /127.0.0.1:65222" [_thread_in_native, id=8536, stack(0x000000001c9b0000,0x000000001cab0000)]
  0x000000001b096800 JavaThread "Daemon" [_thread_blocked, id=13900, stack(0x000000001c6b0000,0x000000001c7b0000)]
  0x000000001b08d000 JavaThread "Daemon periodic checks" [_thread_blocked, id=11356, stack(0x000000001c5b0000,0x000000001c6b0000)]
  0x000000001b08b800 JavaThread "Incoming local TCP Connector on port 65221" [_thread_in_native, id=3116, stack(0x000000001c370000,0x000000001c470000)]
  0x000000001b010800 JavaThread "Daemon health stats" [_thread_blocked, id=10200, stack(0x000000001bd30000,0x000000001be30000)]
  0x0000000018551800 JavaThread "Service Thread" daemon [_thread_blocked, id=9268, stack(0x0000000019190000,0x0000000019290000)]
  0x00000000184d6800 JavaThread "C1 CompilerThread3" daemon [_thread_blocked, id=1020, stack(0x0000000019090000,0x0000000019190000)]
  0x00000000184ca800 JavaThread "C2 CompilerThread2" daemon [_thread_blocked, id=9420, stack(0x0000000018f90000,0x0000000019090000)]
  0x00000000184c8800 JavaThread "C2 CompilerThread1" daemon [_thread_blocked, id=9632, stack(0x0000000018e90000,0x0000000018f90000)]
=>0x00000000184c2000 JavaThread "C2 CompilerThread0" daemon [_thread_in_native, id=12360, stack(0x0000000018d90000,0x0000000018e90000)]
  0x00000000184c0000 JavaThread "Attach Listener" daemon [_thread_blocked, id=6988, stack(0x0000000018c90000,0x0000000018d90000)]
  0x00000000184bf000 JavaThread "Signal Dispatcher" daemon [_thread_blocked, id=10256, stack(0x0000000018b90000,0x0000000018c90000)]
  0x00000000184b0800 JavaThread "Finalizer" daemon [_thread_blocked, id=3076, stack(0x0000000018990000,0x0000000018a90000)]
  0x00000000166ac000 JavaThread "Reference Handler" daemon [_thread_blocked, id=17328, stack(0x0000000018890000,0x0000000018990000)]
  0x00000000027f2800 JavaThread "main" [_thread_blocked, id=852, stack(0x00000000026f0000,0x00000000027f0000)]

Other Threads:
  0x00000000166a7800 VMThread [stack: 0x0000000018390000,0x0000000018490000] [id=3432]
  0x0000000018552000 WatcherThread [stack: 0x0000000019290000,0x0000000019390000] [id=16104]

VM state:not at safepoint (normal execution)

VM Mutex/Monitor currently owned by a thread: None

heap address: 0x00000000a0000000, size: 1536 MB, Compressed Oops mode: 32-bit
Narrow klass base: 0x0000000000000000, Narrow klass shift: 3
Compressed class space size: 1073741824 Address: 0x0000000100000000

Heap:
 PSYoungGen      total 138240K, used 13505K [0x00000000e0000000, 0x00000000ebd00000, 0x0000000100000000)
  eden space 129024K, 3% used [0x00000000e0000000,0x00000000e0431788,0x00000000e7e00000)
  from space 9216K, 99% used [0x00000000e7e00000,0x00000000e86fefd0,0x00000000e8700000)
  to   space 12288K, 0% used [0x00000000eb100000,0x00000000eb100000,0x00000000ebd00000)
 ParOldGen       total 36352K, used 13202K [0x00000000a0000000, 0x00000000a2380000, 0x00000000e0000000)
  object space 36352K, 36% used [0x00000000a0000000,0x00000000a0ce4b80,0x00000000a2380000)
 Metaspace       used 33273K, capacity 34278K, committed 34560K, reserved 1079296K
  class space    used 4522K, capacity 4752K, committed 4864K, reserved 1048576K

Card table byte_map: [0x0000000011cb0000,0x0000000011fc0000] byte_map_base: 0x00000000117b0000

Marking Bits: (ParMarkBitMap*) 0x000000005702f030
 Begin Bits: [0x00000000129c0000, 0x00000000141c0000)
 End Bits:   [0x00000000141c0000, 0x00000000159c0000)

Polling page: 0x0000000000d90000

CodeCache: size=245760Kb used=10417Kb max_used=10418Kb free=235342Kb
 bounds [0x00000000028f0000, 0x0000000003330000, 0x00000000118f0000]
 total_blobs=3417 nmethods=2717 adapters=612
 compilation: enabled

Compilation events (10 events):
Event: 3.673 Thread 0x00000000184ca800 nmethod 2711 0x0000000003315e10 code [0x0000000003315f60, 0x00000000033165b8]
Event: 3.674 Thread 0x00000000184d6800 nmethod 2716 0x000000000331bf90 code [0x000000000331c360, 0x000000000331e7b8]
Event: 3.674 Thread 0x00000000184d6800 2717  s    3       java.beans.PropertyDescriptor::setWriteMethod (61 bytes)
Event: 3.676 Thread 0x00000000184d6800 nmethod 2717 0x000000000331f890 code [0x000000000331fc40, 0x0000000003322098]
Event: 3.676 Thread 0x00000000184d6800 2719       3       java.beans.FeatureDescriptor::setTransient (30 bytes)
Event: 3.676 Thread 0x00000000184c8800 2720       4       java.lang.String::compareTo (9 bytes)
Event: 3.676 Thread 0x00000000184d6800 nmethod 2719 0x0000000003318090 code [0x00000000033182a0, 0x0000000003318b98]
Event: 3.676 Thread 0x00000000184d6800 2718   !   3       java.lang.reflect.Proxy::newProxyInstance (174 bytes)
Event: 3.676 Thread 0x00000000184c8800 nmethod 2720 0x0000000003317cd0 code [0x0000000003317e20, 0x0000000003317fd8]
Event: 3.677 Thread 0x00000000184d6800 nmethod 2718 0x0000000003324a10 code [0x0000000003324d60, 0x00000000033264d8]

GC Heap History (10 events):
Event: 1.600 GC heap before
{Heap before GC invocations=6 (full 0):
 PSYoungGen      total 35328K, used 35296K [0x00000000e0000000, 0x00000000e4c00000, 0x0000000100000000)
  eden space 32768K, 100% used [0x00000000e0000000,0x00000000e2000000,0x00000000e2000000)
  from space 2560K, 98% used [0x00000000e2000000,0x00000000e2278020,0x00000000e2280000)
  to   space 6144K, 0% used [0x00000000e4600000,0x00000000e4600000,0x00000000e4c00000)
 ParOldGen       total 44032K, used 5166K [0x00000000a0000000, 0x00000000a2b00000, 0x00000000e0000000)
  object space 44032K, 11% used [0x00000000a0000000,0x00000000a050b858,0x00000000a2b00000)
 Metaspace       used 14330K, capacity 14770K, committed 14976K, reserved 1062912K
  class space    used 1967K, capacity 2101K, committed 2176K, reserved 1048576K
Event: 1.604 GC heap after
Heap after GC invocations=6 (full 0):
 PSYoungGen      total 70656K, used 6071K [0x00000000e0000000, 0x00000000e4e00000, 0x0000000100000000)
  eden space 64512K, 0% used [0x00000000e0000000,0x00000000e0000000,0x00000000e3f00000)
  from space 6144K, 98% used [0x00000000e4600000,0x00000000e4bedd10,0x00000000e4c00000)
  to   space 7168K, 0% used [0x00000000e3f00000,0x00000000e3f00000,0x00000000e4600000)
 ParOldGen       total 44032K, used 5174K [0x00000000a0000000, 0x00000000a2b00000, 0x00000000e0000000)
  object space 44032K, 11% used [0x00000000a0000000,0x00000000a050d858,0x00000000a2b00000)
 Metaspace       used 14330K, capacity 14770K, committed 14976K, reserved 1062912K
  class space    used 1967K, capacity 2101K, committed 2176K, reserved 1048576K
}
Event: 2.305 GC heap before
{Heap before GC invocations=7 (full 0):
 PSYoungGen      total 70656K, used 70583K [0x00000000e0000000, 0x00000000e4e00000, 0x0000000100000000)
  eden space 64512K, 100% used [0x00000000e0000000,0x00000000e3f00000,0x00000000e3f00000)
  from space 6144K, 98% used [0x00000000e4600000,0x00000000e4bedd10,0x00000000e4c00000)
  to   space 7168K, 0% used [0x00000000e3f00000,0x00000000e3f00000,0x00000000e4600000)
 ParOldGen       total 44032K, used 5174K [0x00000000a0000000, 0x00000000a2b00000, 0x00000000e0000000)
  object space 44032K, 11% used [0x00000000a0000000,0x00000000a050d858,0x00000000a2b00000)
 Metaspace       used 19248K, capacity 19830K, committed 20096K, reserved 1067008K
  class space    used 2730K, capacity 2901K, committed 2944K, reserved 1048576K
Event: 2.312 GC heap after
Heap after GC invocations=7 (full 0):
 PSYoungGen      total 71680K, used 7147K [0x00000000e0000000, 0x00000000e9100000, 0x0000000100000000)
  eden space 64512K, 0% used [0x00000000e0000000,0x00000000e0000000,0x00000000e3f00000)
  from space 7168K, 99% used [0x00000000e3f00000,0x00000000e45faf28,0x00000000e4600000)
  to   space 9728K, 0% used [0x00000000e8780000,0x00000000e8780000,0x00000000e9100000)
 ParOldGen       total 44032K, used 7743K [0x00000000a0000000, 0x00000000a2b00000, 0x00000000e0000000)
  object space 44032K, 17% used [0x00000000a0000000,0x00000000a078fee8,0x00000000a2b00000)
 Metaspace       used 19248K, capacity 19830K, committed 20096K, reserved 1067008K
  class space    used 2730K, capacity 2901K, committed 2944K, reserved 1048576K
}
Event: 2.451 GC heap before
{Heap before GC invocations=8 (full 0):
 PSYoungGen      total 71680K, used 29711K [0x00000000e0000000, 0x00000000e9100000, 0x0000000100000000)
  eden space 64512K, 34% used [0x00000000e0000000,0x00000000e1608ee8,0x00000000e3f00000)
  from space 7168K, 99% used [0x00000000e3f00000,0x00000000e45faf28,0x00000000e4600000)
  to   space 9728K, 0% used [0x00000000e8780000,0x00000000e8780000,0x00000000e9100000)
 ParOldGen       total 44032K, used 7743K [0x00000000a0000000, 0x00000000a2b00000, 0x00000000e0000000)
  object space 44032K, 17% used [0x00000000a0000000,0x00000000a078fee8,0x00000000a2b00000)
 Metaspace       used 20628K, capacity 21218K, committed 21296K, reserved 1067008K
  class space    used 2959K, capacity 3143K, committed 3200K, reserved 1048576K
Event: 2.455 GC heap after
Heap after GC invocations=8 (full 0):
 PSYoungGen      total 137728K, used 5287K [0x00000000e0000000, 0x00000000e9000000, 0x0000000100000000)
  eden space 129024K, 0% used [0x00000000e0000000,0x00000000e0000000,0x00000000e7e00000)
  from space 8704K, 60% used [0x00000000e8780000,0x00000000e8ca9f88,0x00000000e9000000)
  to   space 9216K, 0% used [0x00000000e7e00000,0x00000000e7e00000,0x00000000e8700000)
 ParOldGen       total 44032K, used 8143K [0x00000000a0000000, 0x00000000a2b00000, 0x00000000e0000000)
  object space 44032K, 18% used [0x00000000a0000000,0x00000000a07f3ee8,0x00000000a2b00000)
 Metaspace       used 20628K, capacity 21218K, committed 21296K, reserved 1067008K
  class space    used 2959K, capacity 3143K, committed 3200K, reserved 1048576K
}
Event: 2.455 GC heap before
{Heap before GC invocations=9 (full 1):
 PSYoungGen      total 137728K, used 5287K [0x00000000e0000000, 0x00000000e9000000, 0x0000000100000000)
  eden space 129024K, 0% used [0x00000000e0000000,0x00000000e0000000,0x00000000e7e00000)
  from space 8704K, 60% used [0x00000000e8780000,0x00000000e8ca9f88,0x00000000e9000000)
  to   space 9216K, 0% used [0x00000000e7e00000,0x00000000e7e00000,0x00000000e8700000)
 ParOldGen       total 44032K, used 8143K [0x00000000a0000000, 0x00000000a2b00000, 0x00000000e0000000)
  object space 44032K, 18% used [0x00000000a0000000,0x00000000a07f3ee8,0x00000000a2b00000)
 Metaspace       used 20628K, capacity 21218K, committed 21296K, reserved 1067008K
  class space    used 2959K, capacity 3143K, committed 3200K, reserved 1048576K
Event: 2.493 GC heap after
Heap after GC invocations=9 (full 1):
 PSYoungGen      total 137728K, used 0K [0x00000000e0000000, 0x00000000e9000000, 0x0000000100000000)
  eden space 129024K, 0% used [0x00000000e0000000,0x00000000e0000000,0x00000000e7e00000)
  from space 8704K, 0% used [0x00000000e8780000,0x00000000e8780000,0x00000000e9000000)
  to   space 9216K, 0% used [0x00000000e7e00000,0x00000000e7e00000,0x00000000e8700000)
 ParOldGen       total 36352K, used 8233K [0x00000000a0000000, 0x00000000a2380000, 0x00000000e0000000)
  object space 36352K, 22% used [0x00000000a0000000,0x00000000a080a5e8,0x00000000a2380000)
 Metaspace       used 20628K, capacity 21218K, committed 21296K, reserved 1067008K
  class space    used 2959K, capacity 3143K, committed 3200K, reserved 1048576K
}
Event: 3.640 GC heap before
{Heap before GC invocations=10 (full 1):
 PSYoungGen      total 137728K, used 129024K [0x00000000e0000000, 0x00000000e9000000, 0x0000000100000000)
  eden space 129024K, 100% used [0x00000000e0000000,0x00000000e7e00000,0x00000000e7e00000)
  from space 8704K, 0% used [0x00000000e8780000,0x00000000e8780000,0x00000000e9000000)
  to   space 9216K, 0% used [0x00000000e7e00000,0x00000000e7e00000,0x00000000e8700000)
 ParOldGen       total 36352K, used 8233K [0x00000000a0000000, 0x00000000a2380000, 0x00000000e0000000)
  object space 36352K, 22% used [0x00000000a0000000,0x00000000a080a5e8,0x00000000a2380000)
 Metaspace       used 33243K, capacity 34208K, committed 34560K, reserved 1079296K
  class space    used 4519K, capacity 4750K, committed 4864K, reserved 1048576K
Event: 3.657 GC heap after
Heap after GC invocations=10 (full 1):
 PSYoungGen      total 138240K, used 9211K [0x00000000e0000000, 0x00000000ebd00000, 0x0000000100000000)
  eden space 129024K, 0% used [0x00000000e0000000,0x00000000e0000000,0x00000000e7e00000)
  from space 9216K, 99% used [0x00000000e7e00000,0x00000000e86fefd0,0x00000000e8700000)
  to   space 12288K, 0% used [0x00000000eb100000,0x00000000eb100000,0x00000000ebd00000)
 ParOldGen       total 36352K, used 13202K [0x00000000a0000000, 0x00000000a2380000, 0x00000000e0000000)
  object space 36352K, 36% used [0x00000000a0000000,0x00000000a0ce4b80,0x00000000a2380000)
 Metaspace       used 33243K, capacity 34208K, committed 34560K, reserved 1079296K
  class space    used 4519K, capacity 4750K, committed 4864K, reserved 1048576K
}

Deoptimization events (10 events):
Event: 3.113 Thread 0x000000001b126800 Uncommon trap: reason=unstable_if action=reinterpret pc=0x0000000002de91f4 method=java.lang.ClassLoader.getClassLoadingLock(Ljava/lang/String;)Ljava/lang/Object; @ 6
Event: 3.238 Thread 0x000000001b126800 Uncommon trap: reason=unstable_if action=reinterpret pc=0x0000000002ecd00c method=java.net.URLClassLoader.defineClass(Ljava/lang/String;Lsun/misc/Resource;)Ljava/lang/Class; @ 21
Event: 3.329 Thread 0x000000001b126800 Uncommon trap: reason=unstable_if action=reinterpret pc=0x0000000003221488 method=org.codehaus.groovy.runtime.metaclass.MetaMethodIndex.addMethodToList(Ljava/lang/Object;Lgroovy/lang/MetaMethod;)Ljava/lang/Object; @ 226
Event: 3.334 Thread 0x000000001b126800 Uncommon trap: reason=unstable_if action=reinterpret pc=0x0000000002de323c method=java.io.WinNTFileSystem.normalize(Ljava/lang/String;II)Ljava/lang/String; @ 103
Event: 3.335 Thread 0x000000001b126800 Uncommon trap: reason=unstable_if action=reinterpret pc=0x0000000002b27800 method=java.io.WinNTFileSystem.normalize(Ljava/lang/String;II)Ljava/lang/String; @ 103
Event: 3.509 Thread 0x000000001b126800 Uncommon trap: reason=unstable_if action=reinterpret pc=0x00000000032902e4 method=java.util.HashMap.getNode(ILjava/lang/Object;)Ljava/util/HashMap$Node; @ 53
Event: 3.509 Thread 0x000000001b126800 Uncommon trap: reason=unstable_if action=reinterpret pc=0x00000000032b3c3c method=java.util.HashMap.putVal(ILjava/lang/Object;Ljava/lang/Object;ZZ)Ljava/lang/Object; @ 85
Event: 3.513 Thread 0x000000001b126800 Uncommon trap: reason=unstable_if action=reinterpret pc=0x000000000322db78 method=org.gradle.internal.reflect.PropertyAccessorType.isGetGetterName(Ljava/lang/String;)Z @ 14
Event: 3.536 Thread 0x000000001b126800 Uncommon trap: reason=unstable_if action=reinterpret pc=0x0000000002ffda80 method=org.objectweb.asm.ByteVector.putShort(I)Lorg/objectweb/asm/ByteVector; @ 13
Event: 3.658 Thread 0x00000000166ac000 Uncommon trap: reason=unstable_if action=reinterpret pc=0x0000000002f1eefc method=java.lang.ref.Reference.tryHandlePending(Z)Z @ 104

Classes redefined (0 events):
No events

Internal exceptions (10 events):
Event: 3.637 Thread 0x000000001b126800 Exception <a 'java/lang/ClassNotFoundException': org/gradle/api/internal/project/ProjectScriptCustomizer> (0x00000000e7d84b68) thrown at [C:\src\AOSP-openjdk-git\hotspot\src\share\vm\classfile\systemDictionary.cpp, line 210]
Event: 3.638 Thread 0x000000001b126800 Exception <a 'java/lang/ClassNotFoundException': build_d9sxgljl4ijbvyf8ila18tfhgCustomizer> (0x00000000e7da5fa8) thrown at [C:\src\AOSP-openjdk-git\hotspot\src\share\vm\classfile\systemDictionary.cpp, line 210]
Event: 3.661 Thread 0x000000001b126800 Exception <a 'java/lang/ClassNotFoundException': org/gradle/internal/metaobject/ConfigureDelegateBeanInfo> (0x00000000e005d7b8) thrown at [C:\src\AOSP-openjdk-git\hotspot\src\share\vm\classfile\systemDictionary.cpp, line 210]
Event: 3.661 Thread 0x000000001b126800 Exception <a 'java/lang/ClassNotFoundException': org/gradle/internal/metaobject/ConfigureDelegateCustomizer> (0x00000000e008e788) thrown at [C:\src\AOSP-openjdk-git\hotspot\src\share\vm\classfile\systemDictionary.cpp, line 210]
Event: 3.663 Thread 0x000000001b126800 Exception <a 'java/lang/ClassNotFoundException': org/gradle/api/internal/initialization/DefaultScriptHandlerBeanInfo> (0x00000000e00f2f48) thrown at [C:\src\AOSP-openjdk-git\hotspot\src\share\vm\classfile\systemDictionary.cpp, line 210]
Event: 3.664 Thread 0x000000001b126800 Exception <a 'java/lang/ClassNotFoundException': org/gradle/api/internal/initialization/DefaultScriptHandlerCustomizer> (0x00000000e012c1a0) thrown at [C:\src\AOSP-openjdk-git\hotspot\src\share\vm\classfile\systemDictionary.cpp, line 210]
Event: 3.669 Thread 0x000000001b126800 Exception <a 'java/lang/ClassNotFoundException': org/gradle/api/internal/project/DefaultProject_DecoratedBeanInfo> (0x00000000e0230cf0) thrown at [C:\src\AOSP-openjdk-git\hotspot\src\share\vm\classfile\systemDictionary.cpp, line 210]
Event: 3.670 Thread 0x000000001b126800 Exception <a 'java/lang/ClassNotFoundException': org/gradle/api/internal/project/DefaultProjectBeanInfo> (0x00000000e0261818) thrown at [C:\src\AOSP-openjdk-git\hotspot\src\share\vm\classfile\systemDictionary.cpp, line 210]
Event: 3.670 Thread 0x000000001b126800 Exception <a 'java/lang/ClassNotFoundException': org/gradle/api/internal/project/DefaultProjectCustomizer> (0x00000000e0293c38) thrown at [C:\src\AOSP-openjdk-git\hotspot\src\share\vm\classfile\systemDictionary.cpp, line 210]
Event: 3.675 Thread 0x000000001b126800 Exception <a 'java/lang/ClassNotFoundException': org/gradle/api/internal/project/DefaultProject_DecoratedCustomizer> (0x00000000e039da88) thrown at [C:\src\AOSP-openjdk-git\hotspot\src\share\vm\classfile\systemDictionary.cpp, line 210]

Events (10 events):
Event: 3.670 loading class org/gradle/api/internal/project/DefaultProjectCustomizer
Event: 3.670 loading class org/gradle/api/internal/project/DefaultProjectCustomizer done
Event: 3.674 loading class org/gradle/api/internal/project/DefaultProject_DecoratedCustomizer
Event: 3.674 loading class org/gradle/api/internal/project/DefaultProject_DecoratedCustomizer done
Event: 3.674 loading class org/gradle/api/internal/project/DefaultProject_DecoratedCustomizer
Event: 3.674 loading class org/gradle/api/internal/project/DefaultProject_DecoratedCustomizer done
Event: 3.674 loading class org/gradle/api/internal/project/DefaultProject_DecoratedCustomizer
Event: 3.674 loading class org/gradle/api/internal/project/DefaultProject_DecoratedCustomizer done
Event: 3.675 loading class org/gradle/api/internal/project/DefaultProject_DecoratedCustomizer
Event: 3.675 loading class org/gradle/api/internal/project/DefaultProject_DecoratedCustomizer done


Dynamic libraries:
0x00007ff77a290000 - 0x00007ff77a2c1000 	C:\Program Files\Android\Android Studio1\jre\bin\java.exe
0x00007ff8e88f0000 - 0x00007ff8e8ae5000 	C:\Windows\SYSTEM32\ntdll.dll
0x00007ff8e7640000 - 0x00007ff8e76fd000 	C:\Windows\System32\KERNEL32.DLL
0x00007ff8e6540000 - 0x00007ff8e6809000 	C:\Windows\System32\KERNELBASE.dll
0x00007ff8e86d0000 - 0x00007ff8e877c000 	C:\Windows\System32\ADVAPI32.dll
0x00007ff8e7eb0000 - 0x00007ff8e7f4e000 	C:\Windows\System32\msvcrt.dll
0x00007ff8e8810000 - 0x00007ff8e88ac000 	C:\Windows\System32\sechost.dll
0x00007ff8e7cc0000 - 0x00007ff8e7deb000 	C:\Windows\System32\RPCRT4.dll
0x00007ff8e72b0000 - 0x00007ff8e7450000 	C:\Windows\System32\USER32.dll
0x00007ff8e6810000 - 0x00007ff8e6832000 	C:\Windows\System32\win32u.dll
0x00007ff8e8080000 - 0x00007ff8e80aa000 	C:\Windows\System32\GDI32.dll
0x00007ff8e6840000 - 0x00007ff8e694b000 	C:\Windows\System32\gdi32full.dll
0x00007ff8e6030000 - 0x00007ff8e60cd000 	C:\Windows\System32\msvcp_win.dll
0x00007ff8e62b0000 - 0x00007ff8e63b0000 	C:\Windows\System32\ucrtbase.dll
0x00007ff8cf2a0000 - 0x00007ff8cf53a000 	C:\Windows\WinSxS\amd64_microsoft.windows.common-controls_6595b64144ccf1df_6.0.19041.844_none_ca00b6081b84eb1d\COMCTL32.dll
0x00007ff8e8520000 - 0x00007ff8e8550000 	C:\Windows\System32\IMM32.DLL
0x00000000583e0000 - 0x00000000584b2000 	C:\Program Files\Android\Android Studio1\jre\jre\bin\msvcr100.dll
0x0000000056860000 - 0x00000000570ab000 	C:\Program Files\Android\Android Studio1\jre\jre\bin\server\jvm.dll
0x00007ff8e7450000 - 0x00007ff8e7458000 	C:\Windows\System32\PSAPI.DLL
0x00007ff8e38e0000 - 0x00007ff8e38e9000 	C:\Windows\SYSTEM32\WSOCK32.dll
0x00007ff8df8f0000 - 0x00007ff8df8fa000 	C:\Windows\SYSTEM32\VERSION.dll
0x00007ff8dc7b0000 - 0x00007ff8dc7d7000 	C:\Windows\SYSTEM32\WINMM.dll
0x00007ff8e8660000 - 0x00007ff8e86cb000 	C:\Windows\System32\WS2_32.dll
0x00007ff8e3850000 - 0x00007ff8e385f000 	C:\Program Files\Android\Android Studio1\jre\jre\bin\verify.dll
0x00007ff8dcb90000 - 0x00007ff8dcbb9000 	C:\Program Files\Android\Android Studio1\jre\jre\bin\java.dll
0x00007ff8dd430000 - 0x00007ff8dd446000 	C:\Program Files\Android\Android Studio1\jre\jre\bin\zip.dll
0x00007ff8e6a30000 - 0x00007ff8e7172000 	C:\Windows\System32\SHELL32.dll
0x00007ff8e4170000 - 0x00007ff8e4900000 	C:\Windows\SYSTEM32\windows.storage.dll
0x00007ff8e7960000 - 0x00007ff8e7cb5000 	C:\Windows\System32\combase.dll
0x00007ff8e59d0000 - 0x00007ff8e59fc000 	C:\Windows\SYSTEM32\Wldp.dll
0x00007ff8e78b0000 - 0x00007ff8e795e000 	C:\Windows\System32\SHCORE.dll
0x00007ff8e7df0000 - 0x00007ff8e7e45000 	C:\Windows\System32\shlwapi.dll
0x00007ff8e5f70000 - 0x00007ff8e5f8f000 	C:\Windows\SYSTEM32\profapi.dll
0x00007ff8dcb70000 - 0x00007ff8dcb8a000 	C:\Program Files\Android\Android Studio1\jre\jre\bin\net.dll
0x00007ff8e57c0000 - 0x00007ff8e582a000 	C:\Windows\system32\mswsock.dll
0x00007ff8dca80000 - 0x00007ff8dca93000 	C:\Program Files\Android\Android Studio1\jre\jre\bin\nio.dll
0x00007ff8dbfb0000 - 0x00007ff8dbfd6000 	C:\Users\johnz\.gradle\native\fdc75f09e3144964f2cf3f50f0aa648679c211496f362492102eb8c894070792\windows-amd64\native-platform.dll
0x00007ff8bc910000 - 0x00007ff8bcaa1000 	C:\Users\johnz\.gradle\native\12488b8bf47d2d4c9fbf2f6322a914ad602e24e48041cd04a747c6da556b65c4\windows-amd64\native-platform-file-events.dll
0x00007ff8e1b10000 - 0x00007ff8e1b1d000 	C:\Program Files\Android\Android Studio1\jre\jre\bin\management.dll
0x00007ff8e5a10000 - 0x00007ff8e5a28000 	C:\Windows\SYSTEM32\CRYPTSP.dll
0x00007ff8e50b0000 - 0x00007ff8e50e4000 	C:\Windows\system32\rsaenh.dll
0x00007ff8e60d0000 - 0x00007ff8e60f7000 	C:\Windows\System32\bcrypt.dll
0x00007ff8e5f30000 - 0x00007ff8e5f5e000 	C:\Windows\SYSTEM32\USERENV.dll
0x00007ff8e64c0000 - 0x00007ff8e6540000 	C:\Windows\System32\bcryptprimitives.dll
0x00007ff8e5940000 - 0x00007ff8e594c000 	C:\Windows\SYSTEM32\CRYPTBASE.dll
0x00007ff8e5480000 - 0x00007ff8e54bb000 	C:\Windows\SYSTEM32\IPHLPAPI.DLL
0x00007ff8e74e0000 - 0x00007ff8e74e8000 	C:\Windows\System32\NSI.dll
0x00007ff8dffa0000 - 0x00007ff8dffb7000 	C:\Windows\SYSTEM32\dhcpcsvc6.DLL
0x00007ff8dff80000 - 0x00007ff8dff9d000 	C:\Windows\SYSTEM32\dhcpcsvc.DLL
0x00007ff8e54d0000 - 0x00007ff8e559b000 	C:\Windows\SYSTEM32\DNSAPI.dll
0x00007ff8e0bf0000 - 0x00007ff8e0bfb000 	C:\Windows\SYSTEM32\WINNSI.DLL

VM Arguments:
jvm_args: -Xmx1536M -Dfile.encoding=windows-1252 -Duser.country=GB -Duser.language=en -Duser.variant 
java_command: org.gradle.launcher.daemon.bootstrap.GradleDaemon 6.7
java_class_path (initial): C:\Users\johnz\.gradle\wrapper\dists\gradle-6.7-all\cuy9mc7upwgwgeb72wkcrupxe\gradle-6.7\lib\gradle-launcher-6.7.jar
Launcher Type: SUN_STANDARD

Environment Variables:
JAVA_HOME=C:\Program Files\Android\Android Studio1\jre
CLASSPATH=C:\AndroidStudioProjects\flutter_app\android\\gradle\wrapper\gradle-wrapper.jar
PATH=C:\Program Files (x86)\Razer Chroma SDK\bin;C:\Program Files\Razer Chroma SDK\bin;C:\Program Files (x86)\Razer\ChromaBroadcast\bin;C:\Program Files\Razer\ChromaBroadcast\bin;C:\Windows\system32;C:\Windows;C:\Windows\System32\Wbem;C:\Windows\System32\WindowsPowerShell\v1.0\;C:\Windows\System32\OpenSSH\;C:\Program Files\PuTTY\;C:\Windows\system32\config\systemprofile\AppData\Local\Microsoft\WindowsApps;C:\Program Files\dotnet\;C:\Program Files (x86)\NVIDIA Corporation\PhysX\Common;C:\Program Files\NVIDIA Corporation\NVIDIA NvDLISR;C:\Program Files\Git\cmd;C:\Program Files\Git\mingw64\bin;C:\Program Files\Git\usr\bin;C:\Users\johnz\AppData\Local\Programs\Python\Python38-32\Scripts\;C:\Users\johnz\AppData\Local\Programs\Python\Python38-32\;C:\Users\johnz\AppData\Local\Programs\Microsoft VS Code\bin;C:\Users\johnz\OneDrive\?p?????st??\flutter\bin;;C:\Users\johnz\flutter\bin\mingit\cmd
USERNAME=johnz
OS=Windows_NT
PROCESSOR_IDENTIFIER=Intel64 Family 6 Model 165 Stepping 3, GenuineIntel



---------------  S Y S T E M  ---------------

OS: Windows 10.0 , 64 bit Build 19041 (10.0.19041.804)

CPU:total 8 (initial active 8) (4 cores per cpu, 2 threads per core) family 6 model 165 stepping 3, cmov, cx8, fxsr, mmx, sse, sse2, sse3, ssse3, sse4.1, sse4.2, popcnt, avx, avx2, aes, clmul, erms, 3dnowpref, lzcnt, ht, tsc, tscinvbit, bmi1, bmi2, adx

Memory: 4k page, physical 4123416k(168836k free), swap 16706328k(6520k free)

vm_info: OpenJDK 64-Bit Server VM (25.242-b01) for windows-amd64 JRE (1.8.0_242-release-1644-b01), built by "builder" with MS VC++ 10.0 (VS2010)

time: Wed Apr 07 21:33:31 2021
timezone: GTB Summer Time
elapsed time: 3 seconds (0d 0h 0m 3s)

